21:47:15.828 [background-preinit] INFO  o.h.v.i.util.Version - [<clinit>,21] - HV000001: Hibernate Validator 6.2.5.Final
21:47:18.091 [main] INFO  c.a.n.c.r.client - [lambda$createClient$0,80] - [RpcClientFactory] create a new rpc client of 22928a62-a884-4559-a072-66f845b38671_config-0
21:47:18.181 [main] INFO  o.r.Reflections - [scan,232] - Reflections took 55 ms to scan 1 urls, producing 3 keys and 6 values 
21:47:18.226 [main] INFO  o.r.Reflections - [scan,232] - Reflections took 14 ms to scan 1 urls, producing 4 keys and 9 values 
21:47:18.245 [main] INFO  o.r.Reflections - [scan,232] - Reflections took 17 ms to scan 1 urls, producing 3 keys and 10 values 
21:47:18.427 [main] INFO  o.r.Reflections - [scan,232] - Reflections took 177 ms to scan 197 urls, producing 0 keys and 0 values 
21:47:18.437 [main] INFO  o.r.Reflections - [scan,232] - Reflections took 9 ms to scan 1 urls, producing 1 keys and 5 values 
21:47:18.449 [main] INFO  o.r.Reflections - [scan,232] - Reflections took 10 ms to scan 1 urls, producing 1 keys and 7 values 
21:47:18.460 [main] INFO  o.r.Reflections - [scan,232] - Reflections took 10 ms to scan 1 urls, producing 2 keys and 8 values 
21:47:18.587 [main] INFO  o.r.Reflections - [scan,232] - Reflections took 125 ms to scan 197 urls, producing 0 keys and 0 values 
21:47:18.589 [main] INFO  c.a.n.c.r.client - [printIfInfoEnabled,60] - [22928a62-a884-4559-a072-66f845b38671_config-0] RpcClient init label, labels = {module=config, Vipserver-Tag=null, source=sdk, Amory-Tag=null, Location-Tag=null, taskId=0, AppName=unknown}
21:47:18.590 [main] INFO  c.a.n.c.r.client - [printIfInfoEnabled,60] - [22928a62-a884-4559-a072-66f845b38671_config-0] Register server push request handler:com.alibaba.nacos.client.config.impl.ClientWorker$ConfigRpcTransportClient$$Lambda$334/2123914473
21:47:18.591 [main] INFO  c.a.n.c.r.client - [printIfInfoEnabled,60] - [22928a62-a884-4559-a072-66f845b38671_config-0] Register server push request handler:com.alibaba.nacos.client.config.impl.ClientWorker$ConfigRpcTransportClient$$Lambda$335/708443754
21:47:18.591 [main] INFO  c.a.n.c.r.client - [printIfInfoEnabled,60] - [22928a62-a884-4559-a072-66f845b38671_config-0] Registry connection listener to current client:com.alibaba.nacos.client.config.impl.ClientWorker$ConfigRpcTransportClient$1
21:47:18.592 [main] INFO  c.a.n.c.r.client - [printIfInfoEnabled,60] - [22928a62-a884-4559-a072-66f845b38671_config-0] RpcClient init, ServerListFactory = com.alibaba.nacos.client.config.impl.ClientWorker$ConfigRpcTransportClient$2
21:47:18.602 [main] INFO  c.a.n.c.r.client - [printIfInfoEnabled,60] - [22928a62-a884-4559-a072-66f845b38671_config-0] Try to connect to server on start up, server: {serverIp = '127.0.0.1', server main port = 8848}
21:47:19.707 [main] INFO  c.a.n.c.r.client - [printIfInfoEnabled,60] - [22928a62-a884-4559-a072-66f845b38671_config-0] Success to connect to server [127.0.0.1:8848] on start up, connectionId = 1678369639402_127.0.0.1_60635
21:47:19.709 [com.alibaba.nacos.client.remote.worker] INFO  c.a.n.c.r.client - [printIfInfoEnabled,60] - [22928a62-a884-4559-a072-66f845b38671_config-0] Notify connected event to listeners.
21:47:19.709 [main] INFO  c.a.n.c.r.client - [printIfInfoEnabled,60] - [22928a62-a884-4559-a072-66f845b38671_config-0] Register server push request handler:com.alibaba.nacos.common.remote.client.RpcClient$ConnectResetRequestHandler
21:47:19.711 [main] INFO  c.a.n.c.r.client - [printIfInfoEnabled,60] - [22928a62-a884-4559-a072-66f845b38671_config-0] Register server push request handler:com.alibaba.nacos.common.remote.client.RpcClient$$Lambda$344/208184824
21:47:19.826 [main] INFO  c.c.g.ArchivesRetrievalApplication - [logStartupProfileInfo,637] - The following 1 profile is active: "dev"
21:47:22.396 [main] INFO  o.a.c.h.Http11NioProtocol - [log,173] - Initializing ProtocolHandler ["http-nio-8082"]
21:47:22.397 [main] INFO  o.a.c.c.StandardService - [log,173] - Starting service [Tomcat]
21:47:22.397 [main] INFO  o.a.c.c.StandardEngine - [log,173] - Starting Servlet engine: [Apache Tomcat/9.0.70]
21:47:22.557 [main] INFO  o.a.c.c.C.[.[.[/] - [log,173] - Initializing Spring embedded WebApplicationContext
21:47:22.694 [main] INFO  o.a.c.c.StandardService - [log,173] - Stopping service [Tomcat]
21:48:07.203 [background-preinit] INFO  o.h.v.i.util.Version - [<clinit>,21] - HV000001: Hibernate Validator 6.2.5.Final
21:48:08.003 [main] INFO  c.a.n.c.r.client - [lambda$createClient$0,80] - [RpcClientFactory] create a new rpc client of 0f8b1b9b-ac4d-4355-b901-c15e378e85fa_config-0
21:48:08.054 [main] INFO  o.r.Reflections - [scan,232] - Reflections took 31 ms to scan 1 urls, producing 3 keys and 6 values 
21:48:08.091 [main] INFO  o.r.Reflections - [scan,232] - Reflections took 22 ms to scan 1 urls, producing 4 keys and 9 values 
21:48:08.123 [main] INFO  o.r.Reflections - [scan,232] - Reflections took 29 ms to scan 1 urls, producing 3 keys and 10 values 
21:48:08.321 [main] INFO  o.r.Reflections - [scan,232] - Reflections took 195 ms to scan 197 urls, producing 0 keys and 0 values 
21:48:08.339 [main] INFO  o.r.Reflections - [scan,232] - Reflections took 17 ms to scan 1 urls, producing 1 keys and 5 values 
21:48:08.356 [main] INFO  o.r.Reflections - [scan,232] - Reflections took 12 ms to scan 1 urls, producing 1 keys and 7 values 
21:48:08.369 [main] INFO  o.r.Reflections - [scan,232] - Reflections took 12 ms to scan 1 urls, producing 2 keys and 8 values 
21:48:08.503 [main] INFO  o.r.Reflections - [scan,232] - Reflections took 132 ms to scan 197 urls, producing 0 keys and 0 values 
21:48:08.504 [main] INFO  c.a.n.c.r.client - [printIfInfoEnabled,60] - [0f8b1b9b-ac4d-4355-b901-c15e378e85fa_config-0] RpcClient init label, labels = {module=config, Vipserver-Tag=null, source=sdk, Amory-Tag=null, Location-Tag=null, taskId=0, AppName=unknown}
21:48:08.504 [main] INFO  c.a.n.c.r.client - [printIfInfoEnabled,60] - [0f8b1b9b-ac4d-4355-b901-c15e378e85fa_config-0] Register server push request handler:com.alibaba.nacos.client.config.impl.ClientWorker$ConfigRpcTransportClient$$Lambda$334/2083854344
21:48:08.505 [main] INFO  c.a.n.c.r.client - [printIfInfoEnabled,60] - [0f8b1b9b-ac4d-4355-b901-c15e378e85fa_config-0] Register server push request handler:com.alibaba.nacos.client.config.impl.ClientWorker$ConfigRpcTransportClient$$Lambda$335/403598020
21:48:08.505 [main] INFO  c.a.n.c.r.client - [printIfInfoEnabled,60] - [0f8b1b9b-ac4d-4355-b901-c15e378e85fa_config-0] Registry connection listener to current client:com.alibaba.nacos.client.config.impl.ClientWorker$ConfigRpcTransportClient$1
21:48:08.506 [main] INFO  c.a.n.c.r.client - [printIfInfoEnabled,60] - [0f8b1b9b-ac4d-4355-b901-c15e378e85fa_config-0] RpcClient init, ServerListFactory = com.alibaba.nacos.client.config.impl.ClientWorker$ConfigRpcTransportClient$2
21:48:08.511 [main] INFO  c.a.n.c.r.client - [printIfInfoEnabled,60] - [0f8b1b9b-ac4d-4355-b901-c15e378e85fa_config-0] Try to connect to server on start up, server: {serverIp = '127.0.0.1', server main port = 8848}
21:48:09.216 [main] INFO  c.a.n.c.r.client - [printIfInfoEnabled,60] - [0f8b1b9b-ac4d-4355-b901-c15e378e85fa_config-0] Success to connect to server [127.0.0.1:8848] on start up, connectionId = 1678369688953_127.0.0.1_60727
21:48:09.218 [com.alibaba.nacos.client.remote.worker] INFO  c.a.n.c.r.client - [printIfInfoEnabled,60] - [0f8b1b9b-ac4d-4355-b901-c15e378e85fa_config-0] Notify connected event to listeners.
21:48:09.218 [main] INFO  c.a.n.c.r.client - [printIfInfoEnabled,60] - [0f8b1b9b-ac4d-4355-b901-c15e378e85fa_config-0] Register server push request handler:com.alibaba.nacos.common.remote.client.RpcClient$ConnectResetRequestHandler
21:48:09.219 [main] INFO  c.a.n.c.r.client - [printIfInfoEnabled,60] - [0f8b1b9b-ac4d-4355-b901-c15e378e85fa_config-0] Register server push request handler:com.alibaba.nacos.common.remote.client.RpcClient$$Lambda$344/1590129041
21:48:09.329 [main] INFO  c.c.g.ArchivesRetrievalApplication - [logStartupProfileInfo,637] - The following 1 profile is active: "dev"
21:48:10.868 [main] INFO  o.a.c.h.Http11NioProtocol - [log,173] - Initializing ProtocolHandler ["http-nio-8082"]
21:48:10.868 [main] INFO  o.a.c.c.StandardService - [log,173] - Starting service [Tomcat]
21:48:10.869 [main] INFO  o.a.c.c.StandardEngine - [log,173] - Starting Servlet engine: [Apache Tomcat/9.0.70]
21:48:10.983 [main] INFO  o.a.c.c.C.[.[.[/] - [log,173] - Initializing Spring embedded WebApplicationContext
21:48:11.887 [main] INFO  c.a.c.s.SentinelWebMvcConfigurer - [addInterceptors,52] - [Sentinel Starter] register SentinelWebInterceptor with urlPatterns: [/**].
21:48:12.277 [main] INFO  s.d.s.w.WebMvcPropertySourcedRequestMappingHandlerMapping - [initHandlerMethods,69] - Mapped URL path [/v2/api-docs] onto method [springfox.documentation.swagger2.web.Swagger2ControllerWebMvc#getDocumentation(String, HttpServletRequest)]
21:48:13.231 [main] INFO  c.a.n.c.r.client - [lambda$createClient$0,80] - [RpcClientFactory] create a new rpc client of 5e8cc923-fe79-4cd6-b17e-38de6fc1f24a
21:48:13.231 [main] INFO  c.a.n.c.r.client - [printIfInfoEnabled,60] - [5e8cc923-fe79-4cd6-b17e-38de6fc1f24a] RpcClient init label, labels = {module=naming, source=sdk}
21:48:13.234 [main] INFO  c.a.n.c.r.client - [printIfInfoEnabled,60] - [5e8cc923-fe79-4cd6-b17e-38de6fc1f24a] RpcClient init, ServerListFactory = com.alibaba.nacos.client.naming.core.ServerListManager
21:48:13.234 [main] INFO  c.a.n.c.r.client - [printIfInfoEnabled,60] - [5e8cc923-fe79-4cd6-b17e-38de6fc1f24a] Registry connection listener to current client:com.alibaba.nacos.client.naming.remote.gprc.redo.NamingGrpcRedoService
21:48:13.235 [main] INFO  c.a.n.c.r.client - [printIfInfoEnabled,60] - [5e8cc923-fe79-4cd6-b17e-38de6fc1f24a] Register server push request handler:com.alibaba.nacos.client.naming.remote.gprc.NamingPushRequestHandler
21:48:13.236 [main] INFO  c.a.n.c.r.client - [printIfInfoEnabled,60] - [5e8cc923-fe79-4cd6-b17e-38de6fc1f24a] Try to connect to server on start up, server: {serverIp = '127.0.0.1', server main port = 8848}
21:48:13.350 [main] INFO  c.a.n.c.r.client - [printIfInfoEnabled,60] - [5e8cc923-fe79-4cd6-b17e-38de6fc1f24a] Success to connect to server [127.0.0.1:8848] on start up, connectionId = 1678369693241_127.0.0.1_60733
21:48:13.351 [com.alibaba.nacos.client.remote.worker] INFO  c.a.n.c.r.client - [printIfInfoEnabled,60] - [5e8cc923-fe79-4cd6-b17e-38de6fc1f24a] Notify connected event to listeners.
21:48:13.351 [main] INFO  c.a.n.c.r.client - [printIfInfoEnabled,60] - [5e8cc923-fe79-4cd6-b17e-38de6fc1f24a] Register server push request handler:com.alibaba.nacos.common.remote.client.RpcClient$ConnectResetRequestHandler
21:48:13.351 [main] INFO  c.a.n.c.r.client - [printIfInfoEnabled,60] - [5e8cc923-fe79-4cd6-b17e-38de6fc1f24a] Register server push request handler:com.alibaba.nacos.common.remote.client.RpcClient$$Lambda$344/1590129041
21:48:13.412 [main] INFO  o.a.c.h.Http11NioProtocol - [log,173] - Starting ProtocolHandler ["http-nio-8082"]
21:48:13.444 [main] INFO  c.a.c.n.r.NacosServiceRegistry - [register,75] - nacos registry, DEFAULT_GROUP tops-dap-archivesRetrieval 192.168.43.125:8082 register finished
21:48:13.446 [main] INFO  s.d.s.w.p.DocumentationPluginsBootstrapper - [start,93] - Documentation plugins bootstrapped
21:48:13.449 [main] INFO  s.d.s.w.p.DocumentationPluginsBootstrapper - [bootstrapDocumentationPlugins,79] - Found 1 custom documentation plugin(s)
21:48:13.471 [main] INFO  s.d.s.w.s.ApiListingReferenceScanner - [scan,44] - Scanning for api listing references
21:48:13.529 [main] INFO  c.c.g.ArchivesRetrievalApplication - [logStarted,61] - Started ArchivesRetrievalApplication in 7.017 seconds (JVM running for 7.923)
21:48:13.538 [main] INFO  c.a.c.n.r.NacosContextRefresher - [registerNacosListener,129] - [Nacos Config] Listening config: dataId=tops-dap-archivesRetrieval.properties, group=DEFAULT_GROUP
21:48:13.538 [main] INFO  c.a.c.n.r.NacosContextRefresher - [registerNacosListener,129] - [Nacos Config] Listening config: dataId=tops-dap-archivesRetrieval-dev.properties, group=DEFAULT_GROUP
21:48:13.539 [main] INFO  c.a.c.n.r.NacosContextRefresher - [registerNacosListener,129] - [Nacos Config] Listening config: dataId=tops-dap-archivesRetrieval, group=DEFAULT_GROUP
21:48:13.988 [RMI TCP Connection(1)-127.0.0.1] INFO  o.a.c.c.C.[.[.[/] - [log,173] - Initializing Spring DispatcherServlet 'dispatcherServlet'
21:48:13.992 [nacos-grpc-client-executor-11] INFO  c.a.n.c.r.client - [printIfInfoEnabled,60] - [5e8cc923-fe79-4cd6-b17e-38de6fc1f24a] Receive server push request, request = NotifySubscriberRequest, requestId = 16
21:48:13.997 [nacos-grpc-client-executor-11] INFO  c.a.n.c.r.client - [printIfInfoEnabled,60] - [5e8cc923-fe79-4cd6-b17e-38de6fc1f24a] Ack server push request, request = NotifySubscriberRequest, requestId = 16
22:12:38.838 [nacos-grpc-client-executor-382] INFO  c.a.n.c.r.client - [printIfInfoEnabled,60] - [0f8b1b9b-ac4d-4355-b901-c15e378e85fa_config-0] Receive server push request, request = ClientDetectionRequest, requestId = 26
22:12:38.838 [nacos-grpc-client-executor-407] INFO  c.a.n.c.r.client - [printIfInfoEnabled,60] - [5e8cc923-fe79-4cd6-b17e-38de6fc1f24a] Receive server push request, request = ClientDetectionRequest, requestId = 30
22:12:38.873 [nacos-grpc-client-executor-407] INFO  c.a.n.c.r.client - [printIfInfoEnabled,60] - [5e8cc923-fe79-4cd6-b17e-38de6fc1f24a] Ack server push request, request = ClientDetectionRequest, requestId = 30
22:12:38.874 [nacos-grpc-client-executor-382] INFO  c.a.n.c.r.client - [printIfInfoEnabled,60] - [0f8b1b9b-ac4d-4355-b901-c15e378e85fa_config-0] Ack server push request, request = ClientDetectionRequest, requestId = 26
23:09:34.072 [nacos-grpc-client-executor-413] INFO  c.a.n.c.r.client - [printIfInfoEnabled,60] - [0f8b1b9b-ac4d-4355-b901-c15e378e85fa_config-0] Receive server push request, request = ClientDetectionRequest, requestId = 35
23:09:34.073 [nacos-grpc-client-executor-413] INFO  c.a.n.c.r.client - [printIfInfoEnabled,60] - [0f8b1b9b-ac4d-4355-b901-c15e378e85fa_config-0] Ack server push request, request = ClientDetectionRequest, requestId = 35
23:09:34.191 [nacos-grpc-client-executor-436] INFO  c.a.n.c.r.client - [printIfInfoEnabled,60] - [5e8cc923-fe79-4cd6-b17e-38de6fc1f24a] Receive server push request, request = ClientDetectionRequest, requestId = 41
23:09:34.191 [nacos-grpc-client-executor-436] INFO  c.a.n.c.r.client - [printIfInfoEnabled,60] - [5e8cc923-fe79-4cd6-b17e-38de6fc1f24a] Ack server push request, request = ClientDetectionRequest, requestId = 41
23:22:27.855 [SpringApplicationShutdownHook] INFO  c.a.c.n.r.NacosServiceRegistry - [deregister,94] - De-registering from Nacos Server now...
23:22:27.863 [SpringApplicationShutdownHook] INFO  c.a.c.n.r.NacosServiceRegistry - [deregister,114] - De-registration finished.
23:22:28.187 [SpringApplicationShutdownHook] INFO  c.a.n.c.r.client - [shutdown,454] - Shutdown rpc client, set status to shutdown
23:22:28.189 [SpringApplicationShutdownHook] INFO  c.a.n.c.r.client - [shutdown,456] - Shutdown client event executor java.util.concurrent.ScheduledThreadPoolExecutor@746e9eb9[Running, pool size = 2, active threads = 2, queued tasks = 0, completed tasks = 0]
23:22:28.189 [SpringApplicationShutdownHook] INFO  c.a.n.c.r.client - [closeConnection,591] - Close current connection 1678369693241_127.0.0.1_60733
23:22:28.194 [nacos-grpc-client-executor-570] INFO  c.a.n.c.r.c.g.GrpcClient - [printIfInfoEnabled,60] - [1678369693241_127.0.0.1_60733]Ignore complete event,isRunning:false,isAbandon=false
23:22:28.210 [SpringApplicationShutdownHook] INFO  c.a.n.c.r.c.g.GrpcClient - [shutdown,85] - Shutdown grpc executor java.util.concurrent.ThreadPoolExecutor@6e594537[Running, pool size = 7, active threads = 0, queued tasks = 0, completed tasks = 571]
