00:32:52.483 [nacos-grpc-client-executor-2122] INFO  c.a.n.c.r.client - [printIfInfoEnabled,60] - [a9fccbba-b38c-4420-bd0f-d6152e6cbc04] Receive server push request, request = ClientDetectionRequest, requestId = 60
00:32:52.969 [nacos-grpc-client-executor-2122] INFO  c.a.n.c.r.client - [printIfInfoEnabled,60] - [a9fccbba-b38c-4420-bd0f-d6152e6cbc04] Ack server push request, request = ClientDetectionRequest, requestId = 60
00:34:44.781 [nacos-grpc-client-executor-1320] INFO  c.a.n.c.r.client - [printIfInfoEnabled,60] - [46627729-1be3-4e50-ace3-8324c2b43736_config-0] Receive server push request, request = ClientDetectionRequest, requestId = 61
00:34:44.786 [nacos-grpc-client-executor-1320] INFO  c.a.n.c.r.client - [printIfInfoEnabled,60] - [46627729-1be3-4e50-ace3-8324c2b43736_config-0] Ack server push request, request = ClientDetectionRequest, requestId = 61
00:51:13.193 [nacos-grpc-client-executor-1420] INFO  c.a.n.c.r.client - [printIfInfoEnabled,60] - [46627729-1be3-4e50-ace3-8324c2b43736_config-0] Receive server push request, request = ClientDetectionRequest, requestId = 63
00:51:13.199 [nacos-grpc-client-executor-1420] INFO  c.a.n.c.r.client - [printIfInfoEnabled,60] - [46627729-1be3-4e50-ace3-8324c2b43736_config-0] Ack server push request, request = ClientDetectionRequest, requestId = 63
00:51:13.202 [nacos-grpc-client-executor-2312] INFO  c.a.n.c.r.client - [printIfInfoEnabled,60] - [a9fccbba-b38c-4420-bd0f-d6152e6cbc04] Receive server push request, request = ClientDetectionRequest, requestId = 62
00:51:13.203 [nacos-grpc-client-executor-2312] INFO  c.a.n.c.r.client - [printIfInfoEnabled,60] - [a9fccbba-b38c-4420-bd0f-d6152e6cbc04] Ack server push request, request = ClientDetectionRequest, requestId = 62
01:01:21.176 [nacos-grpc-client-executor-2330] INFO  c.a.n.c.r.client - [printIfInfoEnabled,60] - [a9fccbba-b38c-4420-bd0f-d6152e6cbc04] Receive server push request, request = ClientDetectionRequest, requestId = 66
01:01:21.179 [nacos-grpc-client-executor-2330] INFO  c.a.n.c.r.client - [printIfInfoEnabled,60] - [a9fccbba-b38c-4420-bd0f-d6152e6cbc04] Ack server push request, request = ClientDetectionRequest, requestId = 66
01:01:21.189 [nacos-grpc-client-executor-1434] INFO  c.a.n.c.r.client - [printIfInfoEnabled,60] - [46627729-1be3-4e50-ace3-8324c2b43736_config-0] Receive server push request, request = ClientDetectionRequest, requestId = 67
01:01:21.203 [nacos-grpc-client-executor-1434] INFO  c.a.n.c.r.client - [printIfInfoEnabled,60] - [46627729-1be3-4e50-ace3-8324c2b43736_config-0] Ack server push request, request = ClientDetectionRequest, requestId = 67
03:12:00.174 [nacos-grpc-client-executor-2370] INFO  c.a.n.c.r.client - [printIfInfoEnabled,60] - [a9fccbba-b38c-4420-bd0f-d6152e6cbc04] Receive server push request, request = ClientDetectionRequest, requestId = 70
03:12:00.177 [nacos-grpc-client-executor-2370] INFO  c.a.n.c.r.client - [printIfInfoEnabled,60] - [a9fccbba-b38c-4420-bd0f-d6152e6cbc04] Ack server push request, request = ClientDetectionRequest, requestId = 70
03:12:00.180 [nacos-grpc-client-executor-1462] INFO  c.a.n.c.r.client - [printIfInfoEnabled,60] - [46627729-1be3-4e50-ace3-8324c2b43736_config-0] Receive server push request, request = ClientDetectionRequest, requestId = 71
03:12:00.181 [nacos-grpc-client-executor-1462] INFO  c.a.n.c.r.client - [printIfInfoEnabled,60] - [46627729-1be3-4e50-ace3-8324c2b43736_config-0] Ack server push request, request = ClientDetectionRequest, requestId = 71
03:21:23.019 [nacos-grpc-client-executor-1465] INFO  c.a.n.c.r.client - [printIfInfoEnabled,60] - [46627729-1be3-4e50-ace3-8324c2b43736_config-0] Receive server push request, request = ClientDetectionRequest, requestId = 75
03:21:23.019 [nacos-grpc-client-executor-1465] INFO  c.a.n.c.r.client - [printIfInfoEnabled,60] - [46627729-1be3-4e50-ace3-8324c2b43736_config-0] Ack server push request, request = ClientDetectionRequest, requestId = 75
03:21:23.169 [nacos-grpc-client-executor-2371] INFO  c.a.n.c.r.client - [printIfInfoEnabled,60] - [a9fccbba-b38c-4420-bd0f-d6152e6cbc04] Receive server push request, request = ClientDetectionRequest, requestId = 74
03:21:23.175 [nacos-grpc-client-executor-2371] INFO  c.a.n.c.r.client - [printIfInfoEnabled,60] - [a9fccbba-b38c-4420-bd0f-d6152e6cbc04] Ack server push request, request = ClientDetectionRequest, requestId = 74
03:31:31.176 [nacos-grpc-client-executor-2389] INFO  c.a.n.c.r.client - [printIfInfoEnabled,60] - [a9fccbba-b38c-4420-bd0f-d6152e6cbc04] Receive server push request, request = ClientDetectionRequest, requestId = 78
03:31:31.178 [nacos-grpc-client-executor-2389] INFO  c.a.n.c.r.client - [printIfInfoEnabled,60] - [a9fccbba-b38c-4420-bd0f-d6152e6cbc04] Ack server push request, request = ClientDetectionRequest, requestId = 78
03:31:31.232 [nacos-grpc-client-executor-1476] INFO  c.a.n.c.r.client - [printIfInfoEnabled,60] - [46627729-1be3-4e50-ace3-8324c2b43736_config-0] Receive server push request, request = ClientDetectionRequest, requestId = 79
03:31:31.232 [nacos-grpc-client-executor-1476] INFO  c.a.n.c.r.client - [printIfInfoEnabled,60] - [46627729-1be3-4e50-ace3-8324c2b43736_config-0] Ack server push request, request = ClientDetectionRequest, requestId = 79
03:41:44.028 [nacos-grpc-client-executor-1488] INFO  c.a.n.c.r.client - [printIfInfoEnabled,60] - [46627729-1be3-4e50-ace3-8324c2b43736_config-0] Receive server push request, request = ClientDetectionRequest, requestId = 83
03:41:44.163 [nacos-grpc-client-executor-1488] INFO  c.a.n.c.r.client - [printIfInfoEnabled,60] - [46627729-1be3-4e50-ace3-8324c2b43736_config-0] Ack server push request, request = ClientDetectionRequest, requestId = 83
03:41:44.178 [nacos-grpc-client-executor-2411] INFO  c.a.n.c.r.client - [printIfInfoEnabled,60] - [a9fccbba-b38c-4420-bd0f-d6152e6cbc04] Receive server push request, request = ClientDetectionRequest, requestId = 82
03:41:44.178 [nacos-grpc-client-executor-2411] INFO  c.a.n.c.r.client - [printIfInfoEnabled,60] - [a9fccbba-b38c-4420-bd0f-d6152e6cbc04] Ack server push request, request = ClientDetectionRequest, requestId = 82
05:51:39.015 [nacos-grpc-client-executor-1506] INFO  c.a.n.c.r.client - [printIfInfoEnabled,60] - [46627729-1be3-4e50-ace3-8324c2b43736_config-0] Receive server push request, request = ClientDetectionRequest, requestId = 87
05:51:39.159 [nacos-grpc-client-executor-1506] INFO  c.a.n.c.r.client - [printIfInfoEnabled,60] - [46627729-1be3-4e50-ace3-8324c2b43736_config-0] Ack server push request, request = ClientDetectionRequest, requestId = 87
05:51:39.167 [nacos-grpc-client-executor-2437] INFO  c.a.n.c.r.client - [printIfInfoEnabled,60] - [a9fccbba-b38c-4420-bd0f-d6152e6cbc04] Receive server push request, request = ClientDetectionRequest, requestId = 86
05:51:39.168 [nacos-grpc-client-executor-2437] INFO  c.a.n.c.r.client - [printIfInfoEnabled,60] - [a9fccbba-b38c-4420-bd0f-d6152e6cbc04] Ack server push request, request = ClientDetectionRequest, requestId = 86
10:06:26.365 [nacos-grpc-client-executor-2746] INFO  c.a.n.c.r.client - [printIfInfoEnabled,60] - [46627729-1be3-4e50-ace3-8324c2b43736_config-0] Receive server push request, request = ClientDetectionRequest, requestId = 91
10:06:26.364 [nacos-grpc-client-executor-4590] INFO  c.a.n.c.r.client - [printIfInfoEnabled,60] - [a9fccbba-b38c-4420-bd0f-d6152e6cbc04] Receive server push request, request = ClientDetectionRequest, requestId = 90
10:06:26.395 [nacos-grpc-client-executor-2746] INFO  c.a.n.c.r.client - [printIfInfoEnabled,60] - [46627729-1be3-4e50-ace3-8324c2b43736_config-0] Ack server push request, request = ClientDetectionRequest, requestId = 91
10:06:26.395 [nacos-grpc-client-executor-4590] INFO  c.a.n.c.r.client - [printIfInfoEnabled,60] - [a9fccbba-b38c-4420-bd0f-d6152e6cbc04] Ack server push request, request = ClientDetectionRequest, requestId = 90
10:12:38.208 [nacos-grpc-client-executor-2808] INFO  c.a.n.c.r.client - [printIfInfoEnabled,60] - [46627729-1be3-4e50-ace3-8324c2b43736_config-0] Receive server push request, request = ClientDetectionRequest, requestId = 94
10:12:38.213 [nacos-grpc-client-executor-2808] INFO  c.a.n.c.r.client - [printIfInfoEnabled,60] - [46627729-1be3-4e50-ace3-8324c2b43736_config-0] Ack server push request, request = ClientDetectionRequest, requestId = 94
11:00:10.699 [nacos-grpc-client-executor-5825] INFO  c.a.n.c.r.client - [printIfInfoEnabled,60] - [a9fccbba-b38c-4420-bd0f-d6152e6cbc04] Receive server push request, request = NotifySubscriberRequest, requestId = 97
11:00:10.813 [nacos-grpc-client-executor-5825] INFO  c.a.n.c.r.client - [printIfInfoEnabled,60] - [a9fccbba-b38c-4420-bd0f-d6152e6cbc04] Ack server push request, request = NotifySubscriberRequest, requestId = 97
12:06:16.381 [nacos-grpc-client-executor-6494] INFO  c.a.n.c.r.client - [printIfInfoEnabled,60] - [a9fccbba-b38c-4420-bd0f-d6152e6cbc04] Receive server push request, request = ClientDetectionRequest, requestId = 100
12:06:16.380 [nacos-grpc-client-executor-3856] INFO  c.a.n.c.r.client - [printIfInfoEnabled,60] - [46627729-1be3-4e50-ace3-8324c2b43736_config-0] Receive server push request, request = ClientDetectionRequest, requestId = 101
12:06:16.393 [nacos-grpc-client-executor-6494] INFO  c.a.n.c.r.client - [printIfInfoEnabled,60] - [a9fccbba-b38c-4420-bd0f-d6152e6cbc04] Ack server push request, request = ClientDetectionRequest, requestId = 100
12:06:16.393 [nacos-grpc-client-executor-3856] INFO  c.a.n.c.r.client - [printIfInfoEnabled,60] - [46627729-1be3-4e50-ace3-8324c2b43736_config-0] Ack server push request, request = ClientDetectionRequest, requestId = 101
12:06:18.076 [com.alibaba.nacos.client.remote.worker] INFO  c.a.n.c.r.client - [printIfInfoEnabled,60] - [46627729-1be3-4e50-ace3-8324c2b43736_config-0] Try to reconnect to a new server, server is  not appointed, will choose a random server.
12:06:18.074 [com.alibaba.nacos.client.remote.worker] INFO  c.a.n.c.r.client - [printIfInfoEnabled,60] - [a9fccbba-b38c-4420-bd0f-d6152e6cbc04] Try to reconnect to a new server, server is  not appointed, will choose a random server.
12:06:18.355 [com.alibaba.nacos.client.remote.worker] INFO  c.a.n.c.r.client - [printIfInfoEnabled,60] - [46627729-1be3-4e50-ace3-8324c2b43736_config-0] Success to connect a server [127.0.0.1:8848], connectionId = 1678421178212_127.0.0.1_55491
12:06:18.356 [com.alibaba.nacos.client.remote.worker] INFO  c.a.n.c.r.client - [printIfInfoEnabled,60] - [46627729-1be3-4e50-ace3-8324c2b43736_config-0] Abandon prev connection, server is 127.0.0.1:8848, connectionId is 1678370168786_127.0.0.1_61371
12:06:18.356 [com.alibaba.nacos.client.remote.worker] INFO  c.a.n.c.r.client - [printIfInfoEnabled,60] - [a9fccbba-b38c-4420-bd0f-d6152e6cbc04] Success to connect a server [127.0.0.1:8848], connectionId = 1678421178213_127.0.0.1_55490
12:06:18.357 [com.alibaba.nacos.client.remote.worker] INFO  c.a.n.c.r.client - [closeConnection,591] - Close current connection 1678370168786_127.0.0.1_61371
12:06:18.357 [com.alibaba.nacos.client.remote.worker] INFO  c.a.n.c.r.client - [printIfInfoEnabled,60] - [a9fccbba-b38c-4420-bd0f-d6152e6cbc04] Abandon prev connection, server is 127.0.0.1:8848, connectionId is 1678370172509_127.0.0.1_61379
12:06:18.358 [com.alibaba.nacos.client.remote.worker] INFO  c.a.n.c.r.client - [closeConnection,591] - Close current connection 1678370172509_127.0.0.1_61379
12:06:18.393 [com.alibaba.nacos.client.remote.worker] INFO  c.a.n.c.r.client - [printIfInfoEnabled,60] - [a9fccbba-b38c-4420-bd0f-d6152e6cbc04] Notify disconnected event to listeners
12:06:18.395 [com.alibaba.nacos.client.remote.worker] INFO  c.a.n.c.r.client - [printIfInfoEnabled,60] - [46627729-1be3-4e50-ace3-8324c2b43736_config-0] Notify disconnected event to listeners
12:06:18.406 [com.alibaba.nacos.client.remote.worker] INFO  c.a.n.c.r.client - [printIfInfoEnabled,60] - [a9fccbba-b38c-4420-bd0f-d6152e6cbc04] Notify connected event to listeners.
12:06:18.408 [com.alibaba.nacos.client.remote.worker] INFO  c.a.n.c.r.client - [printIfInfoEnabled,60] - [46627729-1be3-4e50-ace3-8324c2b43736_config-0] Notify connected event to listeners.
12:06:19.595 [nacos-grpc-client-executor-6509] INFO  c.a.n.c.r.client - [printIfInfoEnabled,60] - [a9fccbba-b38c-4420-bd0f-d6152e6cbc04] Receive server push request, request = NotifySubscriberRequest, requestId = 105
12:06:19.596 [nacos-grpc-client-executor-6509] INFO  c.a.n.c.r.client - [printIfInfoEnabled,60] - [a9fccbba-b38c-4420-bd0f-d6152e6cbc04] Ack server push request, request = NotifySubscriberRequest, requestId = 105
12:06:19.603 [nacos-grpc-client-executor-6510] INFO  c.a.n.c.r.client - [printIfInfoEnabled,60] - [a9fccbba-b38c-4420-bd0f-d6152e6cbc04] Receive server push request, request = NotifySubscriberRequest, requestId = 106
12:06:19.605 [nacos-grpc-client-executor-6510] INFO  c.a.n.c.r.client - [printIfInfoEnabled,60] - [a9fccbba-b38c-4420-bd0f-d6152e6cbc04] Ack server push request, request = NotifySubscriberRequest, requestId = 106
12:06:19.610 [nacos-grpc-client-executor-6511] INFO  c.a.n.c.r.client - [printIfInfoEnabled,60] - [a9fccbba-b38c-4420-bd0f-d6152e6cbc04] Receive server push request, request = NotifySubscriberRequest, requestId = 104
12:06:19.612 [nacos-grpc-client-executor-6511] INFO  c.a.n.c.r.client - [printIfInfoEnabled,60] - [a9fccbba-b38c-4420-bd0f-d6152e6cbc04] Ack server push request, request = NotifySubscriberRequest, requestId = 104
12:06:19.620 [nacos-grpc-client-executor-6512] INFO  c.a.n.c.r.client - [printIfInfoEnabled,60] - [a9fccbba-b38c-4420-bd0f-d6152e6cbc04] Receive server push request, request = NotifySubscriberRequest, requestId = 107
12:06:19.620 [nacos-grpc-client-executor-6512] INFO  c.a.n.c.r.client - [printIfInfoEnabled,60] - [a9fccbba-b38c-4420-bd0f-d6152e6cbc04] Ack server push request, request = NotifySubscriberRequest, requestId = 107
12:06:19.622 [nacos-grpc-client-executor-6513] INFO  c.a.n.c.r.client - [printIfInfoEnabled,60] - [a9fccbba-b38c-4420-bd0f-d6152e6cbc04] Receive server push request, request = NotifySubscriberRequest, requestId = 108
12:06:19.623 [nacos-grpc-client-executor-6513] INFO  c.a.n.c.r.client - [printIfInfoEnabled,60] - [a9fccbba-b38c-4420-bd0f-d6152e6cbc04] Ack server push request, request = NotifySubscriberRequest, requestId = 108
16:07:08.228 [nacos-grpc-client-executor-9094] INFO  c.a.n.c.r.client - [printIfInfoEnabled,60] - [a9fccbba-b38c-4420-bd0f-d6152e6cbc04] Receive server push request, request = ClientDetectionRequest, requestId = 115
16:07:08.227 [nacos-grpc-client-executor-5302] INFO  c.a.n.c.r.client - [printIfInfoEnabled,60] - [46627729-1be3-4e50-ace3-8324c2b43736_config-0] Receive server push request, request = ClientDetectionRequest, requestId = 116
16:07:08.237 [nacos-grpc-client-executor-5302] INFO  c.a.n.c.r.client - [printIfInfoEnabled,60] - [46627729-1be3-4e50-ace3-8324c2b43736_config-0] Ack server push request, request = ClientDetectionRequest, requestId = 116
16:07:08.236 [nacos-grpc-client-executor-9094] INFO  c.a.n.c.r.client - [printIfInfoEnabled,60] - [a9fccbba-b38c-4420-bd0f-d6152e6cbc04] Ack server push request, request = ClientDetectionRequest, requestId = 115
17:32:58.180 [nacos-grpc-client-executor-6346] INFO  c.a.n.c.r.client - [printIfInfoEnabled,60] - [46627729-1be3-4e50-ace3-8324c2b43736_config-0] Receive server push request, request = ClientDetectionRequest, requestId = 120
17:32:58.186 [nacos-grpc-client-executor-6346] INFO  c.a.n.c.r.client - [printIfInfoEnabled,60] - [46627729-1be3-4e50-ace3-8324c2b43736_config-0] Ack server push request, request = ClientDetectionRequest, requestId = 120
17:40:26.032 [nacos-grpc-client-executor-11201] INFO  c.a.n.c.r.client - [printIfInfoEnabled,60] - [a9fccbba-b38c-4420-bd0f-d6152e6cbc04] Receive server push request, request = ClientDetectionRequest, requestId = 124
17:40:26.039 [nacos-grpc-client-executor-6380] INFO  c.a.n.c.r.client - [printIfInfoEnabled,60] - [46627729-1be3-4e50-ace3-8324c2b43736_config-0] Receive server push request, request = ClientDetectionRequest, requestId = 125
17:40:26.163 [nacos-grpc-client-executor-11201] INFO  c.a.n.c.r.client - [printIfInfoEnabled,60] - [a9fccbba-b38c-4420-bd0f-d6152e6cbc04] Ack server push request, request = ClientDetectionRequest, requestId = 124
17:40:26.163 [nacos-grpc-client-executor-6380] INFO  c.a.n.c.r.client - [printIfInfoEnabled,60] - [46627729-1be3-4e50-ace3-8324c2b43736_config-0] Ack server push request, request = ClientDetectionRequest, requestId = 125
18:00:24.041 [nacos-grpc-client-executor-6467] INFO  c.a.n.c.r.client - [printIfInfoEnabled,60] - [46627729-1be3-4e50-ace3-8324c2b43736_config-0] Receive server push request, request = ClientDetectionRequest, requestId = 132
18:00:24.052 [nacos-grpc-client-executor-11364] INFO  c.a.n.c.r.client - [printIfInfoEnabled,60] - [a9fccbba-b38c-4420-bd0f-d6152e6cbc04] Receive server push request, request = ClientDetectionRequest, requestId = 131
18:00:24.163 [nacos-grpc-client-executor-6467] INFO  c.a.n.c.r.client - [printIfInfoEnabled,60] - [46627729-1be3-4e50-ace3-8324c2b43736_config-0] Ack server push request, request = ClientDetectionRequest, requestId = 132
18:00:24.163 [nacos-grpc-client-executor-11364] INFO  c.a.n.c.r.client - [printIfInfoEnabled,60] - [a9fccbba-b38c-4420-bd0f-d6152e6cbc04] Ack server push request, request = ClientDetectionRequest, requestId = 131
18:17:30.173 [nacos-grpc-client-executor-11705] INFO  c.a.n.c.r.client - [printIfInfoEnabled,60] - [a9fccbba-b38c-4420-bd0f-d6152e6cbc04] Receive server push request, request = ClientDetectionRequest, requestId = 137
18:17:30.175 [nacos-grpc-client-executor-11705] INFO  c.a.n.c.r.client - [printIfInfoEnabled,60] - [a9fccbba-b38c-4420-bd0f-d6152e6cbc04] Ack server push request, request = ClientDetectionRequest, requestId = 137
18:17:30.176 [nacos-grpc-client-executor-6623] INFO  c.a.n.c.r.client - [printIfInfoEnabled,60] - [46627729-1be3-4e50-ace3-8324c2b43736_config-0] Receive server push request, request = ClientDetectionRequest, requestId = 138
18:17:30.177 [nacos-grpc-client-executor-6623] INFO  c.a.n.c.r.client - [printIfInfoEnabled,60] - [46627729-1be3-4e50-ace3-8324c2b43736_config-0] Ack server push request, request = ClientDetectionRequest, requestId = 138
18:24:08.175 [nacos-grpc-client-executor-11862] INFO  c.a.n.c.r.client - [printIfInfoEnabled,60] - [a9fccbba-b38c-4420-bd0f-d6152e6cbc04] Receive server push request, request = ClientDetectionRequest, requestId = 143
18:24:08.185 [nacos-grpc-client-executor-11862] INFO  c.a.n.c.r.client - [printIfInfoEnabled,60] - [a9fccbba-b38c-4420-bd0f-d6152e6cbc04] Ack server push request, request = ClientDetectionRequest, requestId = 143
18:24:08.178 [nacos-grpc-client-executor-6699] INFO  c.a.n.c.r.client - [printIfInfoEnabled,60] - [46627729-1be3-4e50-ace3-8324c2b43736_config-0] Receive server push request, request = ClientDetectionRequest, requestId = 144
18:24:08.186 [nacos-grpc-client-executor-6699] INFO  c.a.n.c.r.client - [printIfInfoEnabled,60] - [46627729-1be3-4e50-ace3-8324c2b43736_config-0] Ack server push request, request = ClientDetectionRequest, requestId = 144
19:01:43.047 [nacos-grpc-client-executor-12245] INFO  c.a.n.c.r.client - [printIfInfoEnabled,60] - [a9fccbba-b38c-4420-bd0f-d6152e6cbc04] Receive server push request, request = ClientDetectionRequest, requestId = 149
19:01:43.050 [nacos-grpc-client-executor-12245] INFO  c.a.n.c.r.client - [printIfInfoEnabled,60] - [a9fccbba-b38c-4420-bd0f-d6152e6cbc04] Ack server push request, request = ClientDetectionRequest, requestId = 149
19:01:43.051 [nacos-grpc-client-executor-6906] INFO  c.a.n.c.r.client - [printIfInfoEnabled,60] - [46627729-1be3-4e50-ace3-8324c2b43736_config-0] Receive server push request, request = ClientDetectionRequest, requestId = 150
19:01:43.051 [nacos-grpc-client-executor-6906] INFO  c.a.n.c.r.client - [printIfInfoEnabled,60] - [46627729-1be3-4e50-ace3-8324c2b43736_config-0] Ack server push request, request = ClientDetectionRequest, requestId = 150
19:15:01.171 [nacos-grpc-client-executor-6964] INFO  c.a.n.c.r.client - [printIfInfoEnabled,60] - [46627729-1be3-4e50-ace3-8324c2b43736_config-0] Receive server push request, request = ClientDetectionRequest, requestId = 156
19:15:01.176 [nacos-grpc-client-executor-6964] INFO  c.a.n.c.r.client - [printIfInfoEnabled,60] - [46627729-1be3-4e50-ace3-8324c2b43736_config-0] Ack server push request, request = ClientDetectionRequest, requestId = 156
19:15:01.177 [nacos-grpc-client-executor-12349] INFO  c.a.n.c.r.client - [printIfInfoEnabled,60] - [a9fccbba-b38c-4420-bd0f-d6152e6cbc04] Receive server push request, request = ClientDetectionRequest, requestId = 155
19:15:01.186 [nacos-grpc-client-executor-12349] INFO  c.a.n.c.r.client - [printIfInfoEnabled,60] - [a9fccbba-b38c-4420-bd0f-d6152e6cbc04] Ack server push request, request = ClientDetectionRequest, requestId = 155
21:29:45.030 [nacos-grpc-client-executor-7139] INFO  c.a.n.c.r.client - [printIfInfoEnabled,60] - [46627729-1be3-4e50-ace3-8324c2b43736_config-0] Receive server push request, request = ClientDetectionRequest, requestId = 165
21:29:45.030 [nacos-grpc-client-executor-12709] INFO  c.a.n.c.r.client - [printIfInfoEnabled,60] - [a9fccbba-b38c-4420-bd0f-d6152e6cbc04] Receive server push request, request = ClientDetectionRequest, requestId = 164
21:29:45.159 [nacos-grpc-client-executor-12709] INFO  c.a.n.c.r.client - [printIfInfoEnabled,60] - [a9fccbba-b38c-4420-bd0f-d6152e6cbc04] Ack server push request, request = ClientDetectionRequest, requestId = 164
21:29:45.159 [nacos-grpc-client-executor-7139] INFO  c.a.n.c.r.client - [printIfInfoEnabled,60] - [46627729-1be3-4e50-ace3-8324c2b43736_config-0] Ack server push request, request = ClientDetectionRequest, requestId = 165
21:50:21.146 [nacos-grpc-client-executor-12723] INFO  c.a.n.c.r.client - [printIfInfoEnabled,60] - [a9fccbba-b38c-4420-bd0f-d6152e6cbc04] Receive server push request, request = ClientDetectionRequest, requestId = 169
21:50:21.146 [nacos-grpc-client-executor-7148] INFO  c.a.n.c.r.client - [printIfInfoEnabled,60] - [46627729-1be3-4e50-ace3-8324c2b43736_config-0] Receive server push request, request = ClientDetectionRequest, requestId = 170
21:50:21.154 [nacos-grpc-client-executor-12723] INFO  c.a.n.c.r.client - [printIfInfoEnabled,60] - [a9fccbba-b38c-4420-bd0f-d6152e6cbc04] Ack server push request, request = ClientDetectionRequest, requestId = 169
21:50:21.157 [nacos-grpc-client-executor-7148] INFO  c.a.n.c.r.client - [printIfInfoEnabled,60] - [46627729-1be3-4e50-ace3-8324c2b43736_config-0] Ack server push request, request = ClientDetectionRequest, requestId = 170
22:11:17.068 [nacos-grpc-client-executor-7159] INFO  c.a.n.c.r.client - [printIfInfoEnabled,60] - [46627729-1be3-4e50-ace3-8324c2b43736_config-0] Receive server push request, request = ClientDetectionRequest, requestId = 174
22:11:17.068 [nacos-grpc-client-executor-12746] INFO  c.a.n.c.r.client - [printIfInfoEnabled,60] - [a9fccbba-b38c-4420-bd0f-d6152e6cbc04] Receive server push request, request = ClientDetectionRequest, requestId = 173
22:11:17.068 [nacos-grpc-client-executor-7159] INFO  c.a.n.c.r.client - [printIfInfoEnabled,60] - [46627729-1be3-4e50-ace3-8324c2b43736_config-0] Ack server push request, request = ClientDetectionRequest, requestId = 174
22:11:17.069 [nacos-grpc-client-executor-12746] INFO  c.a.n.c.r.client - [printIfInfoEnabled,60] - [a9fccbba-b38c-4420-bd0f-d6152e6cbc04] Ack server push request, request = ClientDetectionRequest, requestId = 173
22:27:07.022 [nacos-grpc-client-executor-7173] INFO  c.a.n.c.r.client - [printIfInfoEnabled,60] - [46627729-1be3-4e50-ace3-8324c2b43736_config-0] Receive server push request, request = ClientDetectionRequest, requestId = 178
22:27:07.160 [nacos-grpc-client-executor-12768] INFO  c.a.n.c.r.client - [printIfInfoEnabled,60] - [a9fccbba-b38c-4420-bd0f-d6152e6cbc04] Receive server push request, request = ClientDetectionRequest, requestId = 177
22:27:07.160 [nacos-grpc-client-executor-12768] INFO  c.a.n.c.r.client - [printIfInfoEnabled,60] - [a9fccbba-b38c-4420-bd0f-d6152e6cbc04] Ack server push request, request = ClientDetectionRequest, requestId = 177
22:27:07.162 [nacos-grpc-client-executor-7173] INFO  c.a.n.c.r.client - [printIfInfoEnabled,60] - [46627729-1be3-4e50-ace3-8324c2b43736_config-0] Ack server push request, request = ClientDetectionRequest, requestId = 178
