14:38:46.368 [background-preinit] INFO  o.h.v.i.util.Version - [<clinit>,21] - HV000001: Hibernate Validator 6.2.5.Final
14:38:46.967 [main] INFO  c.a.n.c.r.client - [lambda$createClient$0,80] - [RpcClientFactory] create a new rpc client of 3305e4f3-a38a-4319-9d87-4ed2880fa223_config-0
14:38:46.995 [main] INFO  o.r.Reflections - [scan,232] - Reflections took 18 ms to scan 1 urls, producing 3 keys and 6 values 
14:38:47.012 [main] INFO  o.r.Reflections - [scan,232] - Reflections took 10 ms to scan 1 urls, producing 4 keys and 9 values 
14:38:47.022 [main] INFO  o.r.Reflections - [scan,232] - Reflections took 8 ms to scan 1 urls, producing 3 keys and 10 values 
14:38:47.133 [main] INFO  o.r.Reflections - [scan,232] - Reflections took 110 ms to scan 183 urls, producing 0 keys and 0 values 
14:38:47.142 [main] INFO  o.r.Reflections - [scan,232] - Reflections took 8 ms to scan 1 urls, producing 1 keys and 5 values 
14:38:47.150 [main] INFO  o.r.Reflections - [scan,232] - Reflections took 7 ms to scan 1 urls, producing 1 keys and 7 values 
14:38:47.159 [main] INFO  o.r.Reflections - [scan,232] - Reflections took 8 ms to scan 1 urls, producing 2 keys and 8 values 
14:38:47.256 [main] INFO  o.r.Reflections - [scan,232] - Reflections took 96 ms to scan 183 urls, producing 0 keys and 0 values 
14:38:47.257 [main] INFO  c.a.n.c.r.client - [printIfInfoEnabled,60] - [3305e4f3-a38a-4319-9d87-4ed2880fa223_config-0] RpcClient init label, labels = {module=config, Vipserver-Tag=null, source=sdk, Amory-Tag=null, Location-Tag=null, taskId=0, AppName=unknown}
14:38:47.257 [main] INFO  c.a.n.c.r.client - [printIfInfoEnabled,60] - [3305e4f3-a38a-4319-9d87-4ed2880fa223_config-0] Register server push request handler:com.alibaba.nacos.client.config.impl.ClientWorker$ConfigRpcTransportClient$$Lambda$334/1321115948
14:38:47.258 [main] INFO  c.a.n.c.r.client - [printIfInfoEnabled,60] - [3305e4f3-a38a-4319-9d87-4ed2880fa223_config-0] Register server push request handler:com.alibaba.nacos.client.config.impl.ClientWorker$ConfigRpcTransportClient$$Lambda$335/706665172
14:38:47.258 [main] INFO  c.a.n.c.r.client - [printIfInfoEnabled,60] - [3305e4f3-a38a-4319-9d87-4ed2880fa223_config-0] Registry connection listener to current client:com.alibaba.nacos.client.config.impl.ClientWorker$ConfigRpcTransportClient$1
14:38:47.258 [main] INFO  c.a.n.c.r.client - [printIfInfoEnabled,60] - [3305e4f3-a38a-4319-9d87-4ed2880fa223_config-0] RpcClient init, ServerListFactory = com.alibaba.nacos.client.config.impl.ClientWorker$ConfigRpcTransportClient$2
14:38:47.263 [main] INFO  c.a.n.c.r.client - [printIfInfoEnabled,60] - [3305e4f3-a38a-4319-9d87-4ed2880fa223_config-0] Try to connect to server on start up, server: {serverIp = '127.0.0.1', server main port = 8848}
14:38:48.282 [main] INFO  c.a.n.c.r.client - [printIfInfoEnabled,60] - [3305e4f3-a38a-4319-9d87-4ed2880fa223_config-0] Success to connect to server [127.0.0.1:8848] on start up, connectionId = 1678603128058_127.0.0.1_65337
14:38:48.283 [com.alibaba.nacos.client.remote.worker] INFO  c.a.n.c.r.client - [printIfInfoEnabled,60] - [3305e4f3-a38a-4319-9d87-4ed2880fa223_config-0] Notify connected event to listeners.
14:38:48.283 [main] INFO  c.a.n.c.r.client - [printIfInfoEnabled,60] - [3305e4f3-a38a-4319-9d87-4ed2880fa223_config-0] Register server push request handler:com.alibaba.nacos.common.remote.client.RpcClient$ConnectResetRequestHandler
14:38:48.285 [main] INFO  c.a.n.c.r.client - [printIfInfoEnabled,60] - [3305e4f3-a38a-4319-9d87-4ed2880fa223_config-0] Register server push request handler:com.alibaba.nacos.common.remote.client.RpcClient$$Lambda$344/928734079
14:38:48.338 [main] INFO  c.c.g.BondApplication - [logStartupProfileInfo,637] - The following 1 profile is active: "dev"
14:40:09.160 [background-preinit] INFO  o.h.v.i.util.Version - [<clinit>,21] - HV000001: Hibernate Validator 6.2.5.Final
14:40:09.719 [main] INFO  c.a.n.c.r.client - [lambda$createClient$0,80] - [RpcClientFactory] create a new rpc client of 6fedf527-8163-48ee-a2a8-3119dff469e4_config-0
14:40:09.749 [main] INFO  o.r.Reflections - [scan,232] - Reflections took 21 ms to scan 1 urls, producing 3 keys and 6 values 
14:40:09.769 [main] INFO  o.r.Reflections - [scan,232] - Reflections took 12 ms to scan 1 urls, producing 4 keys and 9 values 
14:40:09.784 [main] INFO  o.r.Reflections - [scan,232] - Reflections took 14 ms to scan 1 urls, producing 3 keys and 10 values 
14:40:09.883 [main] INFO  o.r.Reflections - [scan,232] - Reflections took 97 ms to scan 183 urls, producing 0 keys and 0 values 
14:40:09.892 [main] INFO  o.r.Reflections - [scan,232] - Reflections took 8 ms to scan 1 urls, producing 1 keys and 5 values 
14:40:09.904 [main] INFO  o.r.Reflections - [scan,232] - Reflections took 11 ms to scan 1 urls, producing 1 keys and 7 values 
14:40:09.914 [main] INFO  o.r.Reflections - [scan,232] - Reflections took 7 ms to scan 1 urls, producing 2 keys and 8 values 
14:40:10.003 [main] INFO  o.r.Reflections - [scan,232] - Reflections took 88 ms to scan 183 urls, producing 0 keys and 0 values 
14:40:10.005 [main] INFO  c.a.n.c.r.client - [printIfInfoEnabled,60] - [6fedf527-8163-48ee-a2a8-3119dff469e4_config-0] RpcClient init label, labels = {module=config, Vipserver-Tag=null, source=sdk, Amory-Tag=null, Location-Tag=null, taskId=0, AppName=unknown}
14:40:10.005 [main] INFO  c.a.n.c.r.client - [printIfInfoEnabled,60] - [6fedf527-8163-48ee-a2a8-3119dff469e4_config-0] Register server push request handler:com.alibaba.nacos.client.config.impl.ClientWorker$ConfigRpcTransportClient$$Lambda$334/1496220730
14:40:10.005 [main] INFO  c.a.n.c.r.client - [printIfInfoEnabled,60] - [6fedf527-8163-48ee-a2a8-3119dff469e4_config-0] Register server push request handler:com.alibaba.nacos.client.config.impl.ClientWorker$ConfigRpcTransportClient$$Lambda$335/488600086
14:40:10.006 [main] INFO  c.a.n.c.r.client - [printIfInfoEnabled,60] - [6fedf527-8163-48ee-a2a8-3119dff469e4_config-0] Registry connection listener to current client:com.alibaba.nacos.client.config.impl.ClientWorker$ConfigRpcTransportClient$1
14:40:10.006 [main] INFO  c.a.n.c.r.client - [printIfInfoEnabled,60] - [6fedf527-8163-48ee-a2a8-3119dff469e4_config-0] RpcClient init, ServerListFactory = com.alibaba.nacos.client.config.impl.ClientWorker$ConfigRpcTransportClient$2
14:40:10.013 [main] INFO  c.a.n.c.r.client - [printIfInfoEnabled,60] - [6fedf527-8163-48ee-a2a8-3119dff469e4_config-0] Try to connect to server on start up, server: {serverIp = '127.0.0.1', server main port = 8848}
14:40:11.029 [main] INFO  c.a.n.c.r.client - [printIfInfoEnabled,60] - [6fedf527-8163-48ee-a2a8-3119dff469e4_config-0] Success to connect to server [127.0.0.1:8848] on start up, connectionId = 1678603210816_127.0.0.1_49206
14:40:11.030 [com.alibaba.nacos.client.remote.worker] INFO  c.a.n.c.r.client - [printIfInfoEnabled,60] - [6fedf527-8163-48ee-a2a8-3119dff469e4_config-0] Notify connected event to listeners.
14:40:11.031 [main] INFO  c.a.n.c.r.client - [printIfInfoEnabled,60] - [6fedf527-8163-48ee-a2a8-3119dff469e4_config-0] Register server push request handler:com.alibaba.nacos.common.remote.client.RpcClient$ConnectResetRequestHandler
14:40:11.032 [main] INFO  c.a.n.c.r.client - [printIfInfoEnabled,60] - [6fedf527-8163-48ee-a2a8-3119dff469e4_config-0] Register server push request handler:com.alibaba.nacos.common.remote.client.RpcClient$$Lambda$344/657069980
14:40:11.075 [main] INFO  c.c.g.BondApplication - [logStartupProfileInfo,637] - The following 1 profile is active: "dev"
14:43:18.483 [background-preinit] INFO  o.h.v.i.util.Version - [<clinit>,21] - HV000001: Hibernate Validator 6.2.5.Final
14:43:19.058 [main] INFO  c.a.n.c.r.client - [lambda$createClient$0,80] - [RpcClientFactory] create a new rpc client of cc1da784-1429-4fd4-914a-a2387cc8cf96_config-0
14:43:19.086 [main] INFO  o.r.Reflections - [scan,232] - Reflections took 18 ms to scan 1 urls, producing 3 keys and 6 values 
14:43:19.104 [main] INFO  o.r.Reflections - [scan,232] - Reflections took 10 ms to scan 1 urls, producing 4 keys and 9 values 
14:43:19.113 [main] INFO  o.r.Reflections - [scan,232] - Reflections took 8 ms to scan 1 urls, producing 3 keys and 10 values 
14:43:19.219 [main] INFO  o.r.Reflections - [scan,232] - Reflections took 103 ms to scan 183 urls, producing 0 keys and 0 values 
14:43:19.226 [main] INFO  o.r.Reflections - [scan,232] - Reflections took 7 ms to scan 1 urls, producing 1 keys and 5 values 
14:43:19.234 [main] INFO  o.r.Reflections - [scan,232] - Reflections took 7 ms to scan 1 urls, producing 1 keys and 7 values 
14:43:19.244 [main] INFO  o.r.Reflections - [scan,232] - Reflections took 9 ms to scan 1 urls, producing 2 keys and 8 values 
14:43:19.337 [main] INFO  o.r.Reflections - [scan,232] - Reflections took 90 ms to scan 183 urls, producing 0 keys and 0 values 
14:43:19.337 [main] INFO  c.a.n.c.r.client - [printIfInfoEnabled,60] - [cc1da784-1429-4fd4-914a-a2387cc8cf96_config-0] RpcClient init label, labels = {module=config, Vipserver-Tag=null, source=sdk, Amory-Tag=null, Location-Tag=null, taskId=0, AppName=unknown}
14:43:19.338 [main] INFO  c.a.n.c.r.client - [printIfInfoEnabled,60] - [cc1da784-1429-4fd4-914a-a2387cc8cf96_config-0] Register server push request handler:com.alibaba.nacos.client.config.impl.ClientWorker$ConfigRpcTransportClient$$Lambda$334/1321115948
14:43:19.338 [main] INFO  c.a.n.c.r.client - [printIfInfoEnabled,60] - [cc1da784-1429-4fd4-914a-a2387cc8cf96_config-0] Register server push request handler:com.alibaba.nacos.client.config.impl.ClientWorker$ConfigRpcTransportClient$$Lambda$335/706665172
14:43:19.338 [main] INFO  c.a.n.c.r.client - [printIfInfoEnabled,60] - [cc1da784-1429-4fd4-914a-a2387cc8cf96_config-0] Registry connection listener to current client:com.alibaba.nacos.client.config.impl.ClientWorker$ConfigRpcTransportClient$1
14:43:19.339 [main] INFO  c.a.n.c.r.client - [printIfInfoEnabled,60] - [cc1da784-1429-4fd4-914a-a2387cc8cf96_config-0] RpcClient init, ServerListFactory = com.alibaba.nacos.client.config.impl.ClientWorker$ConfigRpcTransportClient$2
14:43:19.343 [main] INFO  c.a.n.c.r.client - [printIfInfoEnabled,60] - [cc1da784-1429-4fd4-914a-a2387cc8cf96_config-0] Try to connect to server on start up, server: {serverIp = '127.0.0.1', server main port = 8848}
14:43:20.342 [main] INFO  c.a.n.c.r.client - [printIfInfoEnabled,60] - [cc1da784-1429-4fd4-914a-a2387cc8cf96_config-0] Success to connect to server [127.0.0.1:8848] on start up, connectionId = 1678603400125_127.0.0.1_49570
14:43:20.344 [com.alibaba.nacos.client.remote.worker] INFO  c.a.n.c.r.client - [printIfInfoEnabled,60] - [cc1da784-1429-4fd4-914a-a2387cc8cf96_config-0] Notify connected event to listeners.
14:43:20.344 [main] INFO  c.a.n.c.r.client - [printIfInfoEnabled,60] - [cc1da784-1429-4fd4-914a-a2387cc8cf96_config-0] Register server push request handler:com.alibaba.nacos.common.remote.client.RpcClient$ConnectResetRequestHandler
14:43:20.345 [main] INFO  c.a.n.c.r.client - [printIfInfoEnabled,60] - [cc1da784-1429-4fd4-914a-a2387cc8cf96_config-0] Register server push request handler:com.alibaba.nacos.common.remote.client.RpcClient$$Lambda$344/928734079
14:43:20.388 [main] INFO  c.c.g.BondApplication - [logStartupProfileInfo,637] - The following 1 profile is active: "dev"
14:48:44.386 [background-preinit] INFO  o.h.v.i.util.Version - [<clinit>,21] - HV000001: Hibernate Validator 6.2.5.Final
14:48:44.962 [main] INFO  c.a.n.c.r.client - [lambda$createClient$0,80] - [RpcClientFactory] create a new rpc client of 82552ca2-eacd-420a-80ff-0631641c205f_config-0
14:48:44.993 [main] INFO  o.r.Reflections - [scan,232] - Reflections took 21 ms to scan 1 urls, producing 3 keys and 6 values 
14:48:45.012 [main] INFO  o.r.Reflections - [scan,232] - Reflections took 11 ms to scan 1 urls, producing 4 keys and 9 values 
14:48:45.022 [main] INFO  o.r.Reflections - [scan,232] - Reflections took 9 ms to scan 1 urls, producing 3 keys and 10 values 
14:48:45.135 [main] INFO  o.r.Reflections - [scan,232] - Reflections took 111 ms to scan 191 urls, producing 0 keys and 0 values 
14:48:45.142 [main] INFO  o.r.Reflections - [scan,232] - Reflections took 7 ms to scan 1 urls, producing 1 keys and 5 values 
14:48:45.151 [main] INFO  o.r.Reflections - [scan,232] - Reflections took 6 ms to scan 1 urls, producing 1 keys and 7 values 
14:48:45.159 [main] INFO  o.r.Reflections - [scan,232] - Reflections took 7 ms to scan 1 urls, producing 2 keys and 8 values 
14:48:45.257 [main] INFO  o.r.Reflections - [scan,232] - Reflections took 97 ms to scan 191 urls, producing 0 keys and 0 values 
14:48:45.258 [main] INFO  c.a.n.c.r.client - [printIfInfoEnabled,60] - [82552ca2-eacd-420a-80ff-0631641c205f_config-0] RpcClient init label, labels = {module=config, Vipserver-Tag=null, source=sdk, Amory-Tag=null, Location-Tag=null, taskId=0, AppName=unknown}
14:48:45.258 [main] INFO  c.a.n.c.r.client - [printIfInfoEnabled,60] - [82552ca2-eacd-420a-80ff-0631641c205f_config-0] Register server push request handler:com.alibaba.nacos.client.config.impl.ClientWorker$ConfigRpcTransportClient$$Lambda$334/1649847375
14:48:45.259 [main] INFO  c.a.n.c.r.client - [printIfInfoEnabled,60] - [82552ca2-eacd-420a-80ff-0631641c205f_config-0] Register server push request handler:com.alibaba.nacos.client.config.impl.ClientWorker$ConfigRpcTransportClient$$Lambda$335/1153933106
14:48:45.259 [main] INFO  c.a.n.c.r.client - [printIfInfoEnabled,60] - [82552ca2-eacd-420a-80ff-0631641c205f_config-0] Registry connection listener to current client:com.alibaba.nacos.client.config.impl.ClientWorker$ConfigRpcTransportClient$1
14:48:45.259 [main] INFO  c.a.n.c.r.client - [printIfInfoEnabled,60] - [82552ca2-eacd-420a-80ff-0631641c205f_config-0] RpcClient init, ServerListFactory = com.alibaba.nacos.client.config.impl.ClientWorker$ConfigRpcTransportClient$2
14:48:45.263 [main] INFO  c.a.n.c.r.client - [printIfInfoEnabled,60] - [82552ca2-eacd-420a-80ff-0631641c205f_config-0] Try to connect to server on start up, server: {serverIp = '127.0.0.1', server main port = 8848}
14:48:46.272 [main] INFO  c.a.n.c.r.client - [printIfInfoEnabled,60] - [82552ca2-eacd-420a-80ff-0631641c205f_config-0] Success to connect to server [127.0.0.1:8848] on start up, connectionId = 1678603726056_127.0.0.1_50074
14:48:46.274 [com.alibaba.nacos.client.remote.worker] INFO  c.a.n.c.r.client - [printIfInfoEnabled,60] - [82552ca2-eacd-420a-80ff-0631641c205f_config-0] Notify connected event to listeners.
14:48:46.274 [main] INFO  c.a.n.c.r.client - [printIfInfoEnabled,60] - [82552ca2-eacd-420a-80ff-0631641c205f_config-0] Register server push request handler:com.alibaba.nacos.common.remote.client.RpcClient$ConnectResetRequestHandler
14:48:46.276 [main] INFO  c.a.n.c.r.client - [printIfInfoEnabled,60] - [82552ca2-eacd-420a-80ff-0631641c205f_config-0] Register server push request handler:com.alibaba.nacos.common.remote.client.RpcClient$$Lambda$344/684429600
14:48:46.318 [main] INFO  c.c.g.BondApplication - [logStartupProfileInfo,637] - The following 1 profile is active: "dev"
14:48:47.333 [main] INFO  o.a.c.h.Http11NioProtocol - [log,173] - Initializing ProtocolHandler ["http-nio-8083"]
14:48:47.333 [main] INFO  o.a.c.c.StandardService - [log,173] - Starting service [Tomcat]
14:48:47.333 [main] INFO  o.a.c.c.StandardEngine - [log,173] - Starting Servlet engine: [Apache Tomcat/9.0.71]
14:48:47.435 [main] INFO  o.a.c.c.C.[.[.[/] - [log,173] - Initializing Spring embedded WebApplicationContext
14:48:47.872 [main] INFO  c.a.c.s.SentinelWebMvcConfigurer - [addInterceptors,52] - [Sentinel Starter] register SentinelWebInterceptor with urlPatterns: [/**].
14:48:48.922 [main] INFO  c.a.n.c.r.client - [lambda$createClient$0,80] - [RpcClientFactory] create a new rpc client of 3a482ddb-6f17-4f38-901c-4794ae921ba5
14:48:48.923 [main] INFO  c.a.n.c.r.client - [printIfInfoEnabled,60] - [3a482ddb-6f17-4f38-901c-4794ae921ba5] RpcClient init label, labels = {module=naming, source=sdk}
14:48:48.924 [main] INFO  c.a.n.c.r.client - [printIfInfoEnabled,60] - [3a482ddb-6f17-4f38-901c-4794ae921ba5] RpcClient init, ServerListFactory = com.alibaba.nacos.client.naming.core.ServerListManager
14:48:48.924 [main] INFO  c.a.n.c.r.client - [printIfInfoEnabled,60] - [3a482ddb-6f17-4f38-901c-4794ae921ba5] Registry connection listener to current client:com.alibaba.nacos.client.naming.remote.gprc.redo.NamingGrpcRedoService
14:48:48.924 [main] INFO  c.a.n.c.r.client - [printIfInfoEnabled,60] - [3a482ddb-6f17-4f38-901c-4794ae921ba5] Register server push request handler:com.alibaba.nacos.client.naming.remote.gprc.NamingPushRequestHandler
14:48:48.924 [main] INFO  c.a.n.c.r.client - [printIfInfoEnabled,60] - [3a482ddb-6f17-4f38-901c-4794ae921ba5] Try to connect to server on start up, server: {serverIp = '127.0.0.1', server main port = 8848}
14:48:49.038 [main] INFO  c.a.n.c.r.client - [printIfInfoEnabled,60] - [3a482ddb-6f17-4f38-901c-4794ae921ba5] Success to connect to server [127.0.0.1:8848] on start up, connectionId = 1678603728928_127.0.0.1_50077
14:48:49.039 [main] INFO  c.a.n.c.r.client - [printIfInfoEnabled,60] - [3a482ddb-6f17-4f38-901c-4794ae921ba5] Register server push request handler:com.alibaba.nacos.common.remote.client.RpcClient$ConnectResetRequestHandler
14:48:49.039 [com.alibaba.nacos.client.remote.worker] INFO  c.a.n.c.r.client - [printIfInfoEnabled,60] - [3a482ddb-6f17-4f38-901c-4794ae921ba5] Notify connected event to listeners.
14:48:49.042 [main] INFO  c.a.n.c.r.client - [printIfInfoEnabled,60] - [3a482ddb-6f17-4f38-901c-4794ae921ba5] Register server push request handler:com.alibaba.nacos.common.remote.client.RpcClient$$Lambda$344/684429600
14:48:49.062 [main] INFO  o.a.c.h.Http11NioProtocol - [log,173] - Starting ProtocolHandler ["http-nio-8083"]
14:48:49.076 [main] INFO  c.a.c.n.r.NacosServiceRegistry - [register,75] - nacos registry, DEFAULT_GROUP tops-dap-bond 192.168.1.9:8083 register finished
14:48:49.357 [main] INFO  c.c.g.BondApplication - [logStarted,61] - Started BondApplication in 5.587 seconds (JVM running for 6.389)
14:48:49.363 [main] INFO  c.a.c.n.r.NacosContextRefresher - [registerNacosListener,129] - [Nacos Config] Listening config: dataId=tops-dap-bond.properties, group=DEFAULT_GROUP
14:48:49.363 [main] INFO  c.a.c.n.r.NacosContextRefresher - [registerNacosListener,129] - [Nacos Config] Listening config: dataId=tops-dap-bond-dev.properties, group=DEFAULT_GROUP
14:48:49.363 [main] INFO  c.a.c.n.r.NacosContextRefresher - [registerNacosListener,129] - [Nacos Config] Listening config: dataId=tops-dap-bond, group=DEFAULT_GROUP
14:48:49.605 [nacos-grpc-client-executor-7] INFO  c.a.n.c.r.client - [printIfInfoEnabled,60] - [3a482ddb-6f17-4f38-901c-4794ae921ba5] Receive server push request, request = NotifySubscriberRequest, requestId = 23
14:48:49.607 [nacos-grpc-client-executor-7] INFO  c.a.n.c.r.client - [printIfInfoEnabled,60] - [3a482ddb-6f17-4f38-901c-4794ae921ba5] Ack server push request, request = NotifySubscriberRequest, requestId = 23
14:48:49.870 [RMI TCP Connection(1)-192.168.1.9] INFO  o.a.c.c.C.[.[.[/] - [log,173] - Initializing Spring DispatcherServlet 'dispatcherServlet'
14:51:01.995 [background-preinit] INFO  o.h.v.i.util.Version - [<clinit>,21] - HV000001: Hibernate Validator 6.2.5.Final
14:51:02.513 [main] INFO  c.a.n.c.r.client - [lambda$createClient$0,80] - [RpcClientFactory] create a new rpc client of 29ef058f-76ee-4211-a13a-3fe63be6b531_config-0
14:51:02.539 [main] INFO  o.r.Reflections - [scan,232] - Reflections took 18 ms to scan 1 urls, producing 3 keys and 6 values 
14:51:02.556 [main] INFO  o.r.Reflections - [scan,232] - Reflections took 9 ms to scan 1 urls, producing 4 keys and 9 values 
14:51:02.565 [main] INFO  o.r.Reflections - [scan,232] - Reflections took 8 ms to scan 1 urls, producing 3 keys and 10 values 
14:51:02.671 [main] INFO  o.r.Reflections - [scan,232] - Reflections took 104 ms to scan 191 urls, producing 0 keys and 0 values 
14:51:02.677 [main] INFO  o.r.Reflections - [scan,232] - Reflections took 6 ms to scan 1 urls, producing 1 keys and 5 values 
14:51:02.686 [main] INFO  o.r.Reflections - [scan,232] - Reflections took 7 ms to scan 1 urls, producing 1 keys and 7 values 
14:51:02.693 [main] INFO  o.r.Reflections - [scan,232] - Reflections took 6 ms to scan 1 urls, producing 2 keys and 8 values 
14:51:02.779 [main] INFO  o.r.Reflections - [scan,232] - Reflections took 85 ms to scan 191 urls, producing 0 keys and 0 values 
14:51:02.779 [main] INFO  c.a.n.c.r.client - [printIfInfoEnabled,60] - [29ef058f-76ee-4211-a13a-3fe63be6b531_config-0] RpcClient init label, labels = {module=config, Vipserver-Tag=null, source=sdk, Amory-Tag=null, Location-Tag=null, taskId=0, AppName=unknown}
14:51:02.780 [main] INFO  c.a.n.c.r.client - [printIfInfoEnabled,60] - [29ef058f-76ee-4211-a13a-3fe63be6b531_config-0] Register server push request handler:com.alibaba.nacos.client.config.impl.ClientWorker$ConfigRpcTransportClient$$Lambda$334/1649847375
14:51:02.780 [main] INFO  c.a.n.c.r.client - [printIfInfoEnabled,60] - [29ef058f-76ee-4211-a13a-3fe63be6b531_config-0] Register server push request handler:com.alibaba.nacos.client.config.impl.ClientWorker$ConfigRpcTransportClient$$Lambda$335/1153933106
14:51:02.780 [main] INFO  c.a.n.c.r.client - [printIfInfoEnabled,60] - [29ef058f-76ee-4211-a13a-3fe63be6b531_config-0] Registry connection listener to current client:com.alibaba.nacos.client.config.impl.ClientWorker$ConfigRpcTransportClient$1
14:51:02.781 [main] INFO  c.a.n.c.r.client - [printIfInfoEnabled,60] - [29ef058f-76ee-4211-a13a-3fe63be6b531_config-0] RpcClient init, ServerListFactory = com.alibaba.nacos.client.config.impl.ClientWorker$ConfigRpcTransportClient$2
14:51:02.785 [main] INFO  c.a.n.c.r.client - [printIfInfoEnabled,60] - [29ef058f-76ee-4211-a13a-3fe63be6b531_config-0] Try to connect to server on start up, server: {serverIp = '127.0.0.1', server main port = 8848}
14:51:03.799 [main] INFO  c.a.n.c.r.client - [printIfInfoEnabled,60] - [29ef058f-76ee-4211-a13a-3fe63be6b531_config-0] Success to connect to server [127.0.0.1:8848] on start up, connectionId = 1678603863582_127.0.0.1_50431
14:51:03.801 [com.alibaba.nacos.client.remote.worker] INFO  c.a.n.c.r.client - [printIfInfoEnabled,60] - [29ef058f-76ee-4211-a13a-3fe63be6b531_config-0] Notify connected event to listeners.
14:51:03.801 [main] INFO  c.a.n.c.r.client - [printIfInfoEnabled,60] - [29ef058f-76ee-4211-a13a-3fe63be6b531_config-0] Register server push request handler:com.alibaba.nacos.common.remote.client.RpcClient$ConnectResetRequestHandler
14:51:03.803 [main] INFO  c.a.n.c.r.client - [printIfInfoEnabled,60] - [29ef058f-76ee-4211-a13a-3fe63be6b531_config-0] Register server push request handler:com.alibaba.nacos.common.remote.client.RpcClient$$Lambda$344/684429600
14:51:03.847 [main] INFO  c.c.g.BondApplication - [logStartupProfileInfo,637] - The following 1 profile is active: "dev"
14:51:04.874 [main] INFO  o.a.c.h.Http11NioProtocol - [log,173] - Initializing ProtocolHandler ["http-nio-8083"]
14:51:04.874 [main] INFO  o.a.c.c.StandardService - [log,173] - Starting service [Tomcat]
14:51:04.874 [main] INFO  o.a.c.c.StandardEngine - [log,173] - Starting Servlet engine: [Apache Tomcat/9.0.71]
14:51:04.966 [main] INFO  o.a.c.c.C.[.[.[/] - [log,173] - Initializing Spring embedded WebApplicationContext
14:51:05.423 [main] INFO  c.a.c.s.SentinelWebMvcConfigurer - [addInterceptors,52] - [Sentinel Starter] register SentinelWebInterceptor with urlPatterns: [/**].
14:51:06.477 [main] INFO  c.a.n.c.r.client - [lambda$createClient$0,80] - [RpcClientFactory] create a new rpc client of 4e9db7f9-5b5c-4cf2-a131-151f1c2d1999
14:51:06.477 [main] INFO  c.a.n.c.r.client - [printIfInfoEnabled,60] - [4e9db7f9-5b5c-4cf2-a131-151f1c2d1999] RpcClient init label, labels = {module=naming, source=sdk}
14:51:06.478 [main] INFO  c.a.n.c.r.client - [printIfInfoEnabled,60] - [4e9db7f9-5b5c-4cf2-a131-151f1c2d1999] RpcClient init, ServerListFactory = com.alibaba.nacos.client.naming.core.ServerListManager
14:51:06.478 [main] INFO  c.a.n.c.r.client - [printIfInfoEnabled,60] - [4e9db7f9-5b5c-4cf2-a131-151f1c2d1999] Registry connection listener to current client:com.alibaba.nacos.client.naming.remote.gprc.redo.NamingGrpcRedoService
14:51:06.479 [main] INFO  c.a.n.c.r.client - [printIfInfoEnabled,60] - [4e9db7f9-5b5c-4cf2-a131-151f1c2d1999] Register server push request handler:com.alibaba.nacos.client.naming.remote.gprc.NamingPushRequestHandler
14:51:06.479 [main] INFO  c.a.n.c.r.client - [printIfInfoEnabled,60] - [4e9db7f9-5b5c-4cf2-a131-151f1c2d1999] Try to connect to server on start up, server: {serverIp = '127.0.0.1', server main port = 8848}
14:51:06.600 [main] INFO  c.a.n.c.r.client - [printIfInfoEnabled,60] - [4e9db7f9-5b5c-4cf2-a131-151f1c2d1999] Success to connect to server [127.0.0.1:8848] on start up, connectionId = 1678603866484_127.0.0.1_50442
14:51:06.601 [com.alibaba.nacos.client.remote.worker] INFO  c.a.n.c.r.client - [printIfInfoEnabled,60] - [4e9db7f9-5b5c-4cf2-a131-151f1c2d1999] Notify connected event to listeners.
14:51:06.603 [main] INFO  c.a.n.c.r.client - [printIfInfoEnabled,60] - [4e9db7f9-5b5c-4cf2-a131-151f1c2d1999] Register server push request handler:com.alibaba.nacos.common.remote.client.RpcClient$ConnectResetRequestHandler
14:51:06.604 [main] INFO  c.a.n.c.r.client - [printIfInfoEnabled,60] - [4e9db7f9-5b5c-4cf2-a131-151f1c2d1999] Register server push request handler:com.alibaba.nacos.common.remote.client.RpcClient$$Lambda$344/684429600
14:51:06.623 [main] INFO  o.a.c.h.Http11NioProtocol - [log,173] - Starting ProtocolHandler ["http-nio-8083"]
14:51:06.638 [main] INFO  c.a.c.n.r.NacosServiceRegistry - [register,75] - nacos registry, DEFAULT_GROUP tops-dap-bond 192.168.1.9:8083 register finished
14:51:06.902 [main] INFO  c.c.g.BondApplication - [logStarted,61] - Started BondApplication in 5.485 seconds (JVM running for 6.173)
14:51:06.908 [main] INFO  c.a.c.n.r.NacosContextRefresher - [registerNacosListener,129] - [Nacos Config] Listening config: dataId=tops-dap-bond.properties, group=DEFAULT_GROUP
14:51:06.908 [main] INFO  c.a.c.n.r.NacosContextRefresher - [registerNacosListener,129] - [Nacos Config] Listening config: dataId=tops-dap-bond-dev.properties, group=DEFAULT_GROUP
14:51:06.909 [main] INFO  c.a.c.n.r.NacosContextRefresher - [registerNacosListener,129] - [Nacos Config] Listening config: dataId=tops-dap-bond, group=DEFAULT_GROUP
14:51:07.196 [nacos-grpc-client-executor-7] INFO  c.a.n.c.r.client - [printIfInfoEnabled,60] - [4e9db7f9-5b5c-4cf2-a131-151f1c2d1999] Receive server push request, request = NotifySubscriberRequest, requestId = 25
14:51:07.199 [nacos-grpc-client-executor-7] INFO  c.a.n.c.r.client - [printIfInfoEnabled,60] - [4e9db7f9-5b5c-4cf2-a131-151f1c2d1999] Ack server push request, request = NotifySubscriberRequest, requestId = 25
14:51:07.452 [RMI TCP Connection(2)-192.168.1.9] INFO  o.a.c.c.C.[.[.[/] - [log,173] - Initializing Spring DispatcherServlet 'dispatcherServlet'
14:52:42.835 [background-preinit] INFO  o.h.v.i.util.Version - [<clinit>,21] - HV000001: Hibernate Validator 6.2.5.Final
14:52:43.376 [main] INFO  c.a.n.c.r.client - [lambda$createClient$0,80] - [RpcClientFactory] create a new rpc client of 74fb20ad-4f9f-4b8a-8e60-403be09de165_config-0
14:52:43.404 [main] INFO  o.r.Reflections - [scan,232] - Reflections took 20 ms to scan 1 urls, producing 3 keys and 6 values 
14:52:43.428 [main] INFO  o.r.Reflections - [scan,232] - Reflections took 16 ms to scan 1 urls, producing 4 keys and 9 values 
14:52:43.438 [main] INFO  o.r.Reflections - [scan,232] - Reflections took 8 ms to scan 1 urls, producing 3 keys and 10 values 
14:52:43.548 [main] INFO  o.r.Reflections - [scan,232] - Reflections took 108 ms to scan 190 urls, producing 0 keys and 0 values 
14:52:43.557 [main] INFO  o.r.Reflections - [scan,232] - Reflections took 8 ms to scan 1 urls, producing 1 keys and 5 values 
14:52:43.565 [main] INFO  o.r.Reflections - [scan,232] - Reflections took 7 ms to scan 1 urls, producing 1 keys and 7 values 
14:52:43.576 [main] INFO  o.r.Reflections - [scan,232] - Reflections took 9 ms to scan 1 urls, producing 2 keys and 8 values 
14:52:43.680 [main] INFO  o.r.Reflections - [scan,232] - Reflections took 103 ms to scan 190 urls, producing 0 keys and 0 values 
14:52:43.680 [main] INFO  c.a.n.c.r.client - [printIfInfoEnabled,60] - [74fb20ad-4f9f-4b8a-8e60-403be09de165_config-0] RpcClient init label, labels = {module=config, Vipserver-Tag=null, source=sdk, Amory-Tag=null, Location-Tag=null, taskId=0, AppName=unknown}
14:52:43.680 [main] INFO  c.a.n.c.r.client - [printIfInfoEnabled,60] - [74fb20ad-4f9f-4b8a-8e60-403be09de165_config-0] Register server push request handler:com.alibaba.nacos.client.config.impl.ClientWorker$ConfigRpcTransportClient$$Lambda$334/1321115948
14:52:43.680 [main] INFO  c.a.n.c.r.client - [printIfInfoEnabled,60] - [74fb20ad-4f9f-4b8a-8e60-403be09de165_config-0] Register server push request handler:com.alibaba.nacos.client.config.impl.ClientWorker$ConfigRpcTransportClient$$Lambda$335/706665172
14:52:43.681 [main] INFO  c.a.n.c.r.client - [printIfInfoEnabled,60] - [74fb20ad-4f9f-4b8a-8e60-403be09de165_config-0] Registry connection listener to current client:com.alibaba.nacos.client.config.impl.ClientWorker$ConfigRpcTransportClient$1
14:52:43.681 [main] INFO  c.a.n.c.r.client - [printIfInfoEnabled,60] - [74fb20ad-4f9f-4b8a-8e60-403be09de165_config-0] RpcClient init, ServerListFactory = com.alibaba.nacos.client.config.impl.ClientWorker$ConfigRpcTransportClient$2
14:52:43.685 [main] INFO  c.a.n.c.r.client - [printIfInfoEnabled,60] - [74fb20ad-4f9f-4b8a-8e60-403be09de165_config-0] Try to connect to server on start up, server: {serverIp = '127.0.0.1', server main port = 8848}
14:52:44.723 [main] INFO  c.a.n.c.r.client - [printIfInfoEnabled,60] - [74fb20ad-4f9f-4b8a-8e60-403be09de165_config-0] Success to connect to server [127.0.0.1:8848] on start up, connectionId = 1678603964518_127.0.0.1_50653
14:52:44.723 [com.alibaba.nacos.client.remote.worker] INFO  c.a.n.c.r.client - [printIfInfoEnabled,60] - [74fb20ad-4f9f-4b8a-8e60-403be09de165_config-0] Notify connected event to listeners.
14:52:44.723 [main] INFO  c.a.n.c.r.client - [printIfInfoEnabled,60] - [74fb20ad-4f9f-4b8a-8e60-403be09de165_config-0] Register server push request handler:com.alibaba.nacos.common.remote.client.RpcClient$ConnectResetRequestHandler
14:52:44.724 [main] INFO  c.a.n.c.r.client - [printIfInfoEnabled,60] - [74fb20ad-4f9f-4b8a-8e60-403be09de165_config-0] Register server push request handler:com.alibaba.nacos.common.remote.client.RpcClient$$Lambda$344/928734079
14:52:44.758 [main] INFO  c.c.g.BondApplication - [logStartupProfileInfo,637] - The following 1 profile is active: "dev"
14:52:45.843 [main] INFO  o.a.c.h.Http11NioProtocol - [log,173] - Initializing ProtocolHandler ["http-nio-8083"]
14:52:45.843 [main] INFO  o.a.c.c.StandardService - [log,173] - Starting service [Tomcat]
14:52:45.844 [main] INFO  o.a.c.c.StandardEngine - [log,173] - Starting Servlet engine: [Apache Tomcat/9.0.71]
14:52:45.951 [main] INFO  o.a.c.c.C.[.[.[/] - [log,173] - Initializing Spring embedded WebApplicationContext
14:52:46.457 [main] INFO  c.a.c.s.SentinelWebMvcConfigurer - [addInterceptors,52] - [Sentinel Starter] register SentinelWebInterceptor with urlPatterns: [/**].
14:52:47.544 [main] INFO  c.a.n.c.r.client - [lambda$createClient$0,80] - [RpcClientFactory] create a new rpc client of 04e35caf-abc9-40b5-9a52-ec01a94d0c40
14:52:47.544 [main] INFO  c.a.n.c.r.client - [printIfInfoEnabled,60] - [04e35caf-abc9-40b5-9a52-ec01a94d0c40] RpcClient init label, labels = {module=naming, source=sdk}
14:52:47.545 [main] INFO  c.a.n.c.r.client - [printIfInfoEnabled,60] - [04e35caf-abc9-40b5-9a52-ec01a94d0c40] RpcClient init, ServerListFactory = com.alibaba.nacos.client.naming.core.ServerListManager
14:52:47.545 [main] INFO  c.a.n.c.r.client - [printIfInfoEnabled,60] - [04e35caf-abc9-40b5-9a52-ec01a94d0c40] Registry connection listener to current client:com.alibaba.nacos.client.naming.remote.gprc.redo.NamingGrpcRedoService
14:52:47.546 [main] INFO  c.a.n.c.r.client - [printIfInfoEnabled,60] - [04e35caf-abc9-40b5-9a52-ec01a94d0c40] Register server push request handler:com.alibaba.nacos.client.naming.remote.gprc.NamingPushRequestHandler
14:52:47.546 [main] INFO  c.a.n.c.r.client - [printIfInfoEnabled,60] - [04e35caf-abc9-40b5-9a52-ec01a94d0c40] Try to connect to server on start up, server: {serverIp = '127.0.0.1', server main port = 8848}
14:52:47.662 [main] INFO  c.a.n.c.r.client - [printIfInfoEnabled,60] - [04e35caf-abc9-40b5-9a52-ec01a94d0c40] Success to connect to server [127.0.0.1:8848] on start up, connectionId = 1678603967550_127.0.0.1_50656
14:52:47.663 [main] INFO  c.a.n.c.r.client - [printIfInfoEnabled,60] - [04e35caf-abc9-40b5-9a52-ec01a94d0c40] Register server push request handler:com.alibaba.nacos.common.remote.client.RpcClient$ConnectResetRequestHandler
14:52:47.663 [com.alibaba.nacos.client.remote.worker] INFO  c.a.n.c.r.client - [printIfInfoEnabled,60] - [04e35caf-abc9-40b5-9a52-ec01a94d0c40] Notify connected event to listeners.
14:52:47.666 [main] INFO  c.a.n.c.r.client - [printIfInfoEnabled,60] - [04e35caf-abc9-40b5-9a52-ec01a94d0c40] Register server push request handler:com.alibaba.nacos.common.remote.client.RpcClient$$Lambda$344/928734079
14:52:47.692 [main] INFO  o.a.c.h.Http11NioProtocol - [log,173] - Starting ProtocolHandler ["http-nio-8083"]
14:52:47.705 [main] INFO  c.a.c.n.r.NacosServiceRegistry - [register,75] - nacos registry, DEFAULT_GROUP tops-dap-bond 192.168.1.9:8083 register finished
14:52:47.969 [main] INFO  c.c.g.BondApplication - [logStarted,61] - Started BondApplication in 5.747 seconds (JVM running for 6.475)
14:52:47.976 [main] INFO  c.a.c.n.r.NacosContextRefresher - [registerNacosListener,129] - [Nacos Config] Listening config: dataId=tops-dap-bond.properties, group=DEFAULT_GROUP
14:52:47.976 [main] INFO  c.a.c.n.r.NacosContextRefresher - [registerNacosListener,129] - [Nacos Config] Listening config: dataId=tops-dap-bond-dev.properties, group=DEFAULT_GROUP
14:52:47.976 [main] INFO  c.a.c.n.r.NacosContextRefresher - [registerNacosListener,129] - [Nacos Config] Listening config: dataId=tops-dap-bond, group=DEFAULT_GROUP
14:52:48.251 [nacos-grpc-client-executor-6] INFO  c.a.n.c.r.client - [printIfInfoEnabled,60] - [04e35caf-abc9-40b5-9a52-ec01a94d0c40] Receive server push request, request = NotifySubscriberRequest, requestId = 26
14:52:48.254 [nacos-grpc-client-executor-6] INFO  c.a.n.c.r.client - [printIfInfoEnabled,60] - [04e35caf-abc9-40b5-9a52-ec01a94d0c40] Ack server push request, request = NotifySubscriberRequest, requestId = 26
14:52:48.759 [RMI TCP Connection(2)-192.168.1.9] INFO  o.a.c.c.C.[.[.[/] - [log,173] - Initializing Spring DispatcherServlet 'dispatcherServlet'
14:55:41.096 [background-preinit] INFO  o.h.v.i.util.Version - [<clinit>,21] - HV000001: Hibernate Validator 6.2.5.Final
14:55:41.751 [main] INFO  c.a.n.c.r.client - [lambda$createClient$0,80] - [RpcClientFactory] create a new rpc client of 87dbcd19-2b95-45b7-bcc1-e94410c06e13_config-0
14:55:41.778 [main] INFO  o.r.Reflections - [scan,232] - Reflections took 17 ms to scan 1 urls, producing 3 keys and 6 values 
14:55:41.795 [main] INFO  o.r.Reflections - [scan,232] - Reflections took 9 ms to scan 1 urls, producing 4 keys and 9 values 
14:55:41.806 [main] INFO  o.r.Reflections - [scan,232] - Reflections took 8 ms to scan 1 urls, producing 3 keys and 10 values 
14:55:41.913 [main] INFO  o.r.Reflections - [scan,232] - Reflections took 106 ms to scan 190 urls, producing 0 keys and 0 values 
14:55:41.921 [main] INFO  o.r.Reflections - [scan,232] - Reflections took 8 ms to scan 1 urls, producing 1 keys and 5 values 
14:55:41.929 [main] INFO  o.r.Reflections - [scan,232] - Reflections took 7 ms to scan 1 urls, producing 1 keys and 7 values 
14:55:41.938 [main] INFO  o.r.Reflections - [scan,232] - Reflections took 8 ms to scan 1 urls, producing 2 keys and 8 values 
14:55:42.029 [main] INFO  o.r.Reflections - [scan,232] - Reflections took 90 ms to scan 190 urls, producing 0 keys and 0 values 
14:55:42.030 [main] INFO  c.a.n.c.r.client - [printIfInfoEnabled,60] - [87dbcd19-2b95-45b7-bcc1-e94410c06e13_config-0] RpcClient init label, labels = {module=config, Vipserver-Tag=null, source=sdk, Amory-Tag=null, Location-Tag=null, taskId=0, AppName=unknown}
14:55:42.030 [main] INFO  c.a.n.c.r.client - [printIfInfoEnabled,60] - [87dbcd19-2b95-45b7-bcc1-e94410c06e13_config-0] Register server push request handler:com.alibaba.nacos.client.config.impl.ClientWorker$ConfigRpcTransportClient$$Lambda$334/1321115948
14:55:42.030 [main] INFO  c.a.n.c.r.client - [printIfInfoEnabled,60] - [87dbcd19-2b95-45b7-bcc1-e94410c06e13_config-0] Register server push request handler:com.alibaba.nacos.client.config.impl.ClientWorker$ConfigRpcTransportClient$$Lambda$335/706665172
14:55:42.031 [main] INFO  c.a.n.c.r.client - [printIfInfoEnabled,60] - [87dbcd19-2b95-45b7-bcc1-e94410c06e13_config-0] Registry connection listener to current client:com.alibaba.nacos.client.config.impl.ClientWorker$ConfigRpcTransportClient$1
14:55:42.031 [main] INFO  c.a.n.c.r.client - [printIfInfoEnabled,60] - [87dbcd19-2b95-45b7-bcc1-e94410c06e13_config-0] RpcClient init, ServerListFactory = com.alibaba.nacos.client.config.impl.ClientWorker$ConfigRpcTransportClient$2
14:55:42.035 [main] INFO  c.a.n.c.r.client - [printIfInfoEnabled,60] - [87dbcd19-2b95-45b7-bcc1-e94410c06e13_config-0] Try to connect to server on start up, server: {serverIp = '127.0.0.1', server main port = 8848}
14:55:43.007 [main] INFO  c.a.n.c.r.client - [printIfInfoEnabled,60] - [87dbcd19-2b95-45b7-bcc1-e94410c06e13_config-0] Success to connect to server [127.0.0.1:8848] on start up, connectionId = 1678604142825_127.0.0.1_50956
14:55:43.009 [com.alibaba.nacos.client.remote.worker] INFO  c.a.n.c.r.client - [printIfInfoEnabled,60] - [87dbcd19-2b95-45b7-bcc1-e94410c06e13_config-0] Notify connected event to listeners.
14:55:43.009 [main] INFO  c.a.n.c.r.client - [printIfInfoEnabled,60] - [87dbcd19-2b95-45b7-bcc1-e94410c06e13_config-0] Register server push request handler:com.alibaba.nacos.common.remote.client.RpcClient$ConnectResetRequestHandler
14:55:43.011 [main] INFO  c.a.n.c.r.client - [printIfInfoEnabled,60] - [87dbcd19-2b95-45b7-bcc1-e94410c06e13_config-0] Register server push request handler:com.alibaba.nacos.common.remote.client.RpcClient$$Lambda$344/1687087217
14:55:43.052 [main] INFO  c.c.g.BondApplication - [logStartupProfileInfo,637] - The following 1 profile is active: "dev"
14:55:44.051 [main] INFO  o.a.c.h.Http11NioProtocol - [log,173] - Initializing ProtocolHandler ["http-nio-8083"]
14:55:44.052 [main] INFO  o.a.c.c.StandardService - [log,173] - Starting service [Tomcat]
14:55:44.052 [main] INFO  o.a.c.c.StandardEngine - [log,173] - Starting Servlet engine: [Apache Tomcat/9.0.71]
14:55:44.133 [main] INFO  o.a.c.c.C.[.[.[/] - [log,173] - Initializing Spring embedded WebApplicationContext
14:55:44.583 [main] INFO  c.a.c.s.SentinelWebMvcConfigurer - [addInterceptors,52] - [Sentinel Starter] register SentinelWebInterceptor with urlPatterns: [/**].
14:55:45.639 [main] INFO  c.a.n.c.r.client - [lambda$createClient$0,80] - [RpcClientFactory] create a new rpc client of 09165e9b-211f-4634-9e55-e20e2868b3ce
14:55:45.639 [main] INFO  c.a.n.c.r.client - [printIfInfoEnabled,60] - [09165e9b-211f-4634-9e55-e20e2868b3ce] RpcClient init label, labels = {module=naming, source=sdk}
14:55:45.640 [main] INFO  c.a.n.c.r.client - [printIfInfoEnabled,60] - [09165e9b-211f-4634-9e55-e20e2868b3ce] RpcClient init, ServerListFactory = com.alibaba.nacos.client.naming.core.ServerListManager
14:55:45.640 [main] INFO  c.a.n.c.r.client - [printIfInfoEnabled,60] - [09165e9b-211f-4634-9e55-e20e2868b3ce] Registry connection listener to current client:com.alibaba.nacos.client.naming.remote.gprc.redo.NamingGrpcRedoService
14:55:45.640 [main] INFO  c.a.n.c.r.client - [printIfInfoEnabled,60] - [09165e9b-211f-4634-9e55-e20e2868b3ce] Register server push request handler:com.alibaba.nacos.client.naming.remote.gprc.NamingPushRequestHandler
14:55:45.640 [main] INFO  c.a.n.c.r.client - [printIfInfoEnabled,60] - [09165e9b-211f-4634-9e55-e20e2868b3ce] Try to connect to server on start up, server: {serverIp = '127.0.0.1', server main port = 8848}
14:55:45.760 [main] INFO  c.a.n.c.r.client - [printIfInfoEnabled,60] - [09165e9b-211f-4634-9e55-e20e2868b3ce] Success to connect to server [127.0.0.1:8848] on start up, connectionId = 1678604145644_127.0.0.1_50959
14:55:45.761 [main] INFO  c.a.n.c.r.client - [printIfInfoEnabled,60] - [09165e9b-211f-4634-9e55-e20e2868b3ce] Register server push request handler:com.alibaba.nacos.common.remote.client.RpcClient$ConnectResetRequestHandler
14:55:45.761 [main] INFO  c.a.n.c.r.client - [printIfInfoEnabled,60] - [09165e9b-211f-4634-9e55-e20e2868b3ce] Register server push request handler:com.alibaba.nacos.common.remote.client.RpcClient$$Lambda$344/1687087217
14:55:45.764 [com.alibaba.nacos.client.remote.worker] INFO  c.a.n.c.r.client - [printIfInfoEnabled,60] - [09165e9b-211f-4634-9e55-e20e2868b3ce] Notify connected event to listeners.
14:55:45.782 [main] INFO  o.a.c.h.Http11NioProtocol - [log,173] - Starting ProtocolHandler ["http-nio-8083"]
14:55:45.794 [main] INFO  c.a.c.n.r.NacosServiceRegistry - [register,75] - nacos registry, DEFAULT_GROUP tops-dap-bond 192.168.1.9:8083 register finished
14:55:46.058 [main] INFO  c.c.g.BondApplication - [logStarted,61] - Started BondApplication in 5.506 seconds (JVM running for 6.291)
14:55:46.064 [main] INFO  c.a.c.n.r.NacosContextRefresher - [registerNacosListener,129] - [Nacos Config] Listening config: dataId=tops-dap-bond.properties, group=DEFAULT_GROUP
14:55:46.065 [main] INFO  c.a.c.n.r.NacosContextRefresher - [registerNacosListener,129] - [Nacos Config] Listening config: dataId=tops-dap-bond-dev.properties, group=DEFAULT_GROUP
14:55:46.065 [main] INFO  c.a.c.n.r.NacosContextRefresher - [registerNacosListener,129] - [Nacos Config] Listening config: dataId=tops-dap-bond, group=DEFAULT_GROUP
14:55:46.180 [RMI TCP Connection(1)-192.168.1.9] INFO  o.a.c.c.C.[.[.[/] - [log,173] - Initializing Spring DispatcherServlet 'dispatcherServlet'
14:55:46.358 [nacos-grpc-client-executor-7] INFO  c.a.n.c.r.client - [printIfInfoEnabled,60] - [09165e9b-211f-4634-9e55-e20e2868b3ce] Receive server push request, request = NotifySubscriberRequest, requestId = 27
14:55:46.361 [nacos-grpc-client-executor-7] INFO  c.a.n.c.r.client - [printIfInfoEnabled,60] - [09165e9b-211f-4634-9e55-e20e2868b3ce] Ack server push request, request = NotifySubscriberRequest, requestId = 27
14:58:40.198 [background-preinit] INFO  o.h.v.i.util.Version - [<clinit>,21] - HV000001: Hibernate Validator 6.2.5.Final
14:58:40.725 [main] INFO  c.a.n.c.r.client - [lambda$createClient$0,80] - [RpcClientFactory] create a new rpc client of 407c0be3-4c28-44cc-93a7-b660704f5b1e_config-0
14:58:40.751 [main] INFO  o.r.Reflections - [scan,232] - Reflections took 16 ms to scan 1 urls, producing 3 keys and 6 values 
14:58:40.769 [main] INFO  o.r.Reflections - [scan,232] - Reflections took 10 ms to scan 1 urls, producing 4 keys and 9 values 
14:58:40.779 [main] INFO  o.r.Reflections - [scan,232] - Reflections took 9 ms to scan 1 urls, producing 3 keys and 10 values 
14:58:40.894 [main] INFO  o.r.Reflections - [scan,232] - Reflections took 113 ms to scan 191 urls, producing 0 keys and 0 values 
14:58:40.901 [main] INFO  o.r.Reflections - [scan,232] - Reflections took 7 ms to scan 1 urls, producing 1 keys and 5 values 
14:58:40.910 [main] INFO  o.r.Reflections - [scan,232] - Reflections took 7 ms to scan 1 urls, producing 1 keys and 7 values 
14:58:40.918 [main] INFO  o.r.Reflections - [scan,232] - Reflections took 7 ms to scan 1 urls, producing 2 keys and 8 values 
14:58:41.014 [main] INFO  o.r.Reflections - [scan,232] - Reflections took 94 ms to scan 191 urls, producing 0 keys and 0 values 
14:58:41.015 [main] INFO  c.a.n.c.r.client - [printIfInfoEnabled,60] - [407c0be3-4c28-44cc-93a7-b660704f5b1e_config-0] RpcClient init label, labels = {module=config, Vipserver-Tag=null, source=sdk, Amory-Tag=null, Location-Tag=null, taskId=0, AppName=unknown}
14:58:41.016 [main] INFO  c.a.n.c.r.client - [printIfInfoEnabled,60] - [407c0be3-4c28-44cc-93a7-b660704f5b1e_config-0] Register server push request handler:com.alibaba.nacos.client.config.impl.ClientWorker$ConfigRpcTransportClient$$Lambda$334/1734184086
14:58:41.016 [main] INFO  c.a.n.c.r.client - [printIfInfoEnabled,60] - [407c0be3-4c28-44cc-93a7-b660704f5b1e_config-0] Register server push request handler:com.alibaba.nacos.client.config.impl.ClientWorker$ConfigRpcTransportClient$$Lambda$335/1947941827
14:58:41.016 [main] INFO  c.a.n.c.r.client - [printIfInfoEnabled,60] - [407c0be3-4c28-44cc-93a7-b660704f5b1e_config-0] Registry connection listener to current client:com.alibaba.nacos.client.config.impl.ClientWorker$ConfigRpcTransportClient$1
14:58:41.016 [main] INFO  c.a.n.c.r.client - [printIfInfoEnabled,60] - [407c0be3-4c28-44cc-93a7-b660704f5b1e_config-0] RpcClient init, ServerListFactory = com.alibaba.nacos.client.config.impl.ClientWorker$ConfigRpcTransportClient$2
14:58:41.021 [main] INFO  c.a.n.c.r.client - [printIfInfoEnabled,60] - [407c0be3-4c28-44cc-93a7-b660704f5b1e_config-0] Try to connect to server on start up, server: {serverIp = '127.0.0.1', server main port = 8848}
14:58:42.031 [main] INFO  c.a.n.c.r.client - [printIfInfoEnabled,60] - [407c0be3-4c28-44cc-93a7-b660704f5b1e_config-0] Success to connect to server [127.0.0.1:8848] on start up, connectionId = 1678604321821_127.0.0.1_51291
14:58:42.033 [com.alibaba.nacos.client.remote.worker] INFO  c.a.n.c.r.client - [printIfInfoEnabled,60] - [407c0be3-4c28-44cc-93a7-b660704f5b1e_config-0] Notify connected event to listeners.
14:58:42.033 [main] INFO  c.a.n.c.r.client - [printIfInfoEnabled,60] - [407c0be3-4c28-44cc-93a7-b660704f5b1e_config-0] Register server push request handler:com.alibaba.nacos.common.remote.client.RpcClient$ConnectResetRequestHandler
14:58:42.035 [main] INFO  c.a.n.c.r.client - [printIfInfoEnabled,60] - [407c0be3-4c28-44cc-93a7-b660704f5b1e_config-0] Register server push request handler:com.alibaba.nacos.common.remote.client.RpcClient$$Lambda$344/1299126654
14:58:42.069 [main] INFO  c.c.g.BondApplication - [logStartupProfileInfo,637] - The following 1 profile is active: "dev"
14:58:43.066 [main] INFO  o.a.c.h.Http11NioProtocol - [log,173] - Initializing ProtocolHandler ["http-nio-8083"]
14:58:43.066 [main] INFO  o.a.c.c.StandardService - [log,173] - Starting service [Tomcat]
14:58:43.066 [main] INFO  o.a.c.c.StandardEngine - [log,173] - Starting Servlet engine: [Apache Tomcat/9.0.71]
14:58:43.155 [main] INFO  o.a.c.c.C.[.[.[/] - [log,173] - Initializing Spring embedded WebApplicationContext
14:58:43.629 [main] INFO  c.a.c.s.SentinelWebMvcConfigurer - [addInterceptors,52] - [Sentinel Starter] register SentinelWebInterceptor with urlPatterns: [/**].
14:58:44.691 [main] INFO  c.a.n.c.r.client - [lambda$createClient$0,80] - [RpcClientFactory] create a new rpc client of c999f3f8-8f4c-42bd-9100-5ee4d8823095
14:58:44.691 [main] INFO  c.a.n.c.r.client - [printIfInfoEnabled,60] - [c999f3f8-8f4c-42bd-9100-5ee4d8823095] RpcClient init label, labels = {module=naming, source=sdk}
14:58:44.692 [main] INFO  c.a.n.c.r.client - [printIfInfoEnabled,60] - [c999f3f8-8f4c-42bd-9100-5ee4d8823095] RpcClient init, ServerListFactory = com.alibaba.nacos.client.naming.core.ServerListManager
14:58:44.692 [main] INFO  c.a.n.c.r.client - [printIfInfoEnabled,60] - [c999f3f8-8f4c-42bd-9100-5ee4d8823095] Registry connection listener to current client:com.alibaba.nacos.client.naming.remote.gprc.redo.NamingGrpcRedoService
14:58:44.693 [main] INFO  c.a.n.c.r.client - [printIfInfoEnabled,60] - [c999f3f8-8f4c-42bd-9100-5ee4d8823095] Register server push request handler:com.alibaba.nacos.client.naming.remote.gprc.NamingPushRequestHandler
14:58:44.693 [main] INFO  c.a.n.c.r.client - [printIfInfoEnabled,60] - [c999f3f8-8f4c-42bd-9100-5ee4d8823095] Try to connect to server on start up, server: {serverIp = '127.0.0.1', server main port = 8848}
14:58:44.801 [main] INFO  c.a.n.c.r.client - [printIfInfoEnabled,60] - [c999f3f8-8f4c-42bd-9100-5ee4d8823095] Success to connect to server [127.0.0.1:8848] on start up, connectionId = 1678604324697_127.0.0.1_51296
14:58:44.802 [com.alibaba.nacos.client.remote.worker] INFO  c.a.n.c.r.client - [printIfInfoEnabled,60] - [c999f3f8-8f4c-42bd-9100-5ee4d8823095] Notify connected event to listeners.
14:58:44.803 [main] INFO  c.a.n.c.r.client - [printIfInfoEnabled,60] - [c999f3f8-8f4c-42bd-9100-5ee4d8823095] Register server push request handler:com.alibaba.nacos.common.remote.client.RpcClient$ConnectResetRequestHandler
14:58:44.804 [main] INFO  c.a.n.c.r.client - [printIfInfoEnabled,60] - [c999f3f8-8f4c-42bd-9100-5ee4d8823095] Register server push request handler:com.alibaba.nacos.common.remote.client.RpcClient$$Lambda$344/1299126654
14:58:44.822 [main] INFO  o.a.c.h.Http11NioProtocol - [log,173] - Starting ProtocolHandler ["http-nio-8083"]
14:58:44.836 [main] INFO  c.a.c.n.r.NacosServiceRegistry - [register,75] - nacos registry, DEFAULT_GROUP tops-dap-bond 192.168.1.9:8083 register finished
14:58:45.098 [main] INFO  c.c.g.BondApplication - [logStarted,61] - Started BondApplication in 5.583 seconds (JVM running for 6.558)
14:58:45.103 [main] INFO  c.a.c.n.r.NacosContextRefresher - [registerNacosListener,129] - [Nacos Config] Listening config: dataId=tops-dap-bond.properties, group=DEFAULT_GROUP
14:58:45.104 [main] INFO  c.a.c.n.r.NacosContextRefresher - [registerNacosListener,129] - [Nacos Config] Listening config: dataId=tops-dap-bond-dev.properties, group=DEFAULT_GROUP
14:58:45.104 [main] INFO  c.a.c.n.r.NacosContextRefresher - [registerNacosListener,129] - [Nacos Config] Listening config: dataId=tops-dap-bond, group=DEFAULT_GROUP
14:58:45.386 [nacos-grpc-client-executor-7] INFO  c.a.n.c.r.client - [printIfInfoEnabled,60] - [c999f3f8-8f4c-42bd-9100-5ee4d8823095] Receive server push request, request = NotifySubscriberRequest, requestId = 28
14:58:45.391 [nacos-grpc-client-executor-7] INFO  c.a.n.c.r.client - [printIfInfoEnabled,60] - [c999f3f8-8f4c-42bd-9100-5ee4d8823095] Ack server push request, request = NotifySubscriberRequest, requestId = 28
14:58:45.715 [RMI TCP Connection(3)-192.168.1.9] INFO  o.a.c.c.C.[.[.[/] - [log,173] - Initializing Spring DispatcherServlet 'dispatcherServlet'
15:02:30.777 [background-preinit] INFO  o.h.v.i.util.Version - [<clinit>,21] - HV000001: Hibernate Validator 6.2.5.Final
15:02:31.310 [main] INFO  c.a.n.c.r.client - [lambda$createClient$0,80] - [RpcClientFactory] create a new rpc client of b5133b73-9a23-443d-a0fe-3c053da48c87_config-0
15:02:31.337 [main] INFO  o.r.Reflections - [scan,232] - Reflections took 18 ms to scan 1 urls, producing 3 keys and 6 values 
15:02:31.355 [main] INFO  o.r.Reflections - [scan,232] - Reflections took 10 ms to scan 1 urls, producing 4 keys and 9 values 
15:02:31.365 [main] INFO  o.r.Reflections - [scan,232] - Reflections took 8 ms to scan 1 urls, producing 3 keys and 10 values 
15:02:31.480 [main] INFO  o.r.Reflections - [scan,232] - Reflections took 113 ms to scan 190 urls, producing 0 keys and 0 values 
15:02:31.489 [main] INFO  o.r.Reflections - [scan,232] - Reflections took 8 ms to scan 1 urls, producing 1 keys and 5 values 
15:02:31.498 [main] INFO  o.r.Reflections - [scan,232] - Reflections took 8 ms to scan 1 urls, producing 1 keys and 7 values 
15:02:31.506 [main] INFO  o.r.Reflections - [scan,232] - Reflections took 7 ms to scan 1 urls, producing 2 keys and 8 values 
15:02:31.617 [main] INFO  o.r.Reflections - [scan,232] - Reflections took 110 ms to scan 190 urls, producing 0 keys and 0 values 
15:02:31.618 [main] INFO  c.a.n.c.r.client - [printIfInfoEnabled,60] - [b5133b73-9a23-443d-a0fe-3c053da48c87_config-0] RpcClient init label, labels = {module=config, Vipserver-Tag=null, source=sdk, Amory-Tag=null, Location-Tag=null, taskId=0, AppName=unknown}
15:02:31.618 [main] INFO  c.a.n.c.r.client - [printIfInfoEnabled,60] - [b5133b73-9a23-443d-a0fe-3c053da48c87_config-0] Register server push request handler:com.alibaba.nacos.client.config.impl.ClientWorker$ConfigRpcTransportClient$$Lambda$334/1659309731
15:02:31.618 [main] INFO  c.a.n.c.r.client - [printIfInfoEnabled,60] - [b5133b73-9a23-443d-a0fe-3c053da48c87_config-0] Register server push request handler:com.alibaba.nacos.client.config.impl.ClientWorker$ConfigRpcTransportClient$$Lambda$335/1056862342
15:02:31.619 [main] INFO  c.a.n.c.r.client - [printIfInfoEnabled,60] - [b5133b73-9a23-443d-a0fe-3c053da48c87_config-0] Registry connection listener to current client:com.alibaba.nacos.client.config.impl.ClientWorker$ConfigRpcTransportClient$1
15:02:31.619 [main] INFO  c.a.n.c.r.client - [printIfInfoEnabled,60] - [b5133b73-9a23-443d-a0fe-3c053da48c87_config-0] RpcClient init, ServerListFactory = com.alibaba.nacos.client.config.impl.ClientWorker$ConfigRpcTransportClient$2
15:02:31.625 [main] INFO  c.a.n.c.r.client - [printIfInfoEnabled,60] - [b5133b73-9a23-443d-a0fe-3c053da48c87_config-0] Try to connect to server on start up, server: {serverIp = '127.0.0.1', server main port = 8848}
15:02:32.665 [main] INFO  c.a.n.c.r.client - [printIfInfoEnabled,60] - [b5133b73-9a23-443d-a0fe-3c053da48c87_config-0] Success to connect to server [127.0.0.1:8848] on start up, connectionId = 1678604552448_127.0.0.1_51709
15:02:32.665 [com.alibaba.nacos.client.remote.worker] INFO  c.a.n.c.r.client - [printIfInfoEnabled,60] - [b5133b73-9a23-443d-a0fe-3c053da48c87_config-0] Notify connected event to listeners.
15:02:32.665 [main] INFO  c.a.n.c.r.client - [printIfInfoEnabled,60] - [b5133b73-9a23-443d-a0fe-3c053da48c87_config-0] Register server push request handler:com.alibaba.nacos.common.remote.client.RpcClient$ConnectResetRequestHandler
15:02:32.666 [main] INFO  c.a.n.c.r.client - [printIfInfoEnabled,60] - [b5133b73-9a23-443d-a0fe-3c053da48c87_config-0] Register server push request handler:com.alibaba.nacos.common.remote.client.RpcClient$$Lambda$344/1314228008
15:02:32.700 [main] INFO  c.c.g.BondApplication - [logStartupProfileInfo,637] - The following 1 profile is active: "dev"
15:03:44.937 [background-preinit] INFO  o.h.v.i.util.Version - [<clinit>,21] - HV000001: Hibernate Validator 6.2.5.Final
15:03:45.483 [main] INFO  c.a.n.c.r.client - [lambda$createClient$0,80] - [RpcClientFactory] create a new rpc client of 36cdcda9-cd5f-4a4a-8277-a99604944e2a_config-0
15:03:45.511 [main] INFO  o.r.Reflections - [scan,232] - Reflections took 18 ms to scan 1 urls, producing 3 keys and 6 values 
15:03:45.529 [main] INFO  o.r.Reflections - [scan,232] - Reflections took 10 ms to scan 1 urls, producing 4 keys and 9 values 
15:03:45.539 [main] INFO  o.r.Reflections - [scan,232] - Reflections took 9 ms to scan 1 urls, producing 3 keys and 10 values 
15:03:45.648 [main] INFO  o.r.Reflections - [scan,232] - Reflections took 108 ms to scan 191 urls, producing 0 keys and 0 values 
15:03:45.655 [main] INFO  o.r.Reflections - [scan,232] - Reflections took 6 ms to scan 1 urls, producing 1 keys and 5 values 
15:03:45.663 [main] INFO  o.r.Reflections - [scan,232] - Reflections took 6 ms to scan 1 urls, producing 1 keys and 7 values 
15:03:45.671 [main] INFO  o.r.Reflections - [scan,232] - Reflections took 7 ms to scan 1 urls, producing 2 keys and 8 values 
15:03:45.764 [main] INFO  o.r.Reflections - [scan,232] - Reflections took 92 ms to scan 191 urls, producing 0 keys and 0 values 
15:03:45.765 [main] INFO  c.a.n.c.r.client - [printIfInfoEnabled,60] - [36cdcda9-cd5f-4a4a-8277-a99604944e2a_config-0] RpcClient init label, labels = {module=config, Vipserver-Tag=null, source=sdk, Amory-Tag=null, Location-Tag=null, taskId=0, AppName=unknown}
15:03:45.766 [main] INFO  c.a.n.c.r.client - [printIfInfoEnabled,60] - [36cdcda9-cd5f-4a4a-8277-a99604944e2a_config-0] Register server push request handler:com.alibaba.nacos.client.config.impl.ClientWorker$ConfigRpcTransportClient$$Lambda$334/1734184086
15:03:45.766 [main] INFO  c.a.n.c.r.client - [printIfInfoEnabled,60] - [36cdcda9-cd5f-4a4a-8277-a99604944e2a_config-0] Register server push request handler:com.alibaba.nacos.client.config.impl.ClientWorker$ConfigRpcTransportClient$$Lambda$335/1947941827
15:03:45.766 [main] INFO  c.a.n.c.r.client - [printIfInfoEnabled,60] - [36cdcda9-cd5f-4a4a-8277-a99604944e2a_config-0] Registry connection listener to current client:com.alibaba.nacos.client.config.impl.ClientWorker$ConfigRpcTransportClient$1
15:03:45.766 [main] INFO  c.a.n.c.r.client - [printIfInfoEnabled,60] - [36cdcda9-cd5f-4a4a-8277-a99604944e2a_config-0] RpcClient init, ServerListFactory = com.alibaba.nacos.client.config.impl.ClientWorker$ConfigRpcTransportClient$2
15:03:45.770 [main] INFO  c.a.n.c.r.client - [printIfInfoEnabled,60] - [36cdcda9-cd5f-4a4a-8277-a99604944e2a_config-0] Try to connect to server on start up, server: {serverIp = '127.0.0.1', server main port = 8848}
15:03:46.786 [main] INFO  c.a.n.c.r.client - [printIfInfoEnabled,60] - [36cdcda9-cd5f-4a4a-8277-a99604944e2a_config-0] Success to connect to server [127.0.0.1:8848] on start up, connectionId = 1678604626595_127.0.0.1_51886
15:03:46.787 [com.alibaba.nacos.client.remote.worker] INFO  c.a.n.c.r.client - [printIfInfoEnabled,60] - [36cdcda9-cd5f-4a4a-8277-a99604944e2a_config-0] Notify connected event to listeners.
15:03:46.787 [main] INFO  c.a.n.c.r.client - [printIfInfoEnabled,60] - [36cdcda9-cd5f-4a4a-8277-a99604944e2a_config-0] Register server push request handler:com.alibaba.nacos.common.remote.client.RpcClient$ConnectResetRequestHandler
15:03:46.787 [main] INFO  c.a.n.c.r.client - [printIfInfoEnabled,60] - [36cdcda9-cd5f-4a4a-8277-a99604944e2a_config-0] Register server push request handler:com.alibaba.nacos.common.remote.client.RpcClient$$Lambda$344/1299126654
15:03:46.826 [main] INFO  c.c.g.BondApplication - [logStartupProfileInfo,637] - The following 1 profile is active: "dev"
15:03:47.913 [main] INFO  o.a.c.h.Http11NioProtocol - [log,173] - Initializing ProtocolHandler ["http-nio-8083"]
15:03:47.913 [main] INFO  o.a.c.c.StandardService - [log,173] - Starting service [Tomcat]
15:03:47.913 [main] INFO  o.a.c.c.StandardEngine - [log,173] - Starting Servlet engine: [Apache Tomcat/9.0.71]
15:03:48.003 [main] INFO  o.a.c.c.C.[.[.[/] - [log,173] - Initializing Spring embedded WebApplicationContext
15:03:48.477 [main] INFO  c.a.c.s.SentinelWebMvcConfigurer - [addInterceptors,52] - [Sentinel Starter] register SentinelWebInterceptor with urlPatterns: [/**].
15:03:49.520 [main] INFO  c.a.n.c.r.client - [lambda$createClient$0,80] - [RpcClientFactory] create a new rpc client of a6f8f3df-1057-4dad-8c39-dc45f6f94cce
15:03:49.520 [main] INFO  c.a.n.c.r.client - [printIfInfoEnabled,60] - [a6f8f3df-1057-4dad-8c39-dc45f6f94cce] RpcClient init label, labels = {module=naming, source=sdk}
15:03:49.521 [main] INFO  c.a.n.c.r.client - [printIfInfoEnabled,60] - [a6f8f3df-1057-4dad-8c39-dc45f6f94cce] RpcClient init, ServerListFactory = com.alibaba.nacos.client.naming.core.ServerListManager
15:03:49.521 [main] INFO  c.a.n.c.r.client - [printIfInfoEnabled,60] - [a6f8f3df-1057-4dad-8c39-dc45f6f94cce] Registry connection listener to current client:com.alibaba.nacos.client.naming.remote.gprc.redo.NamingGrpcRedoService
15:03:49.521 [main] INFO  c.a.n.c.r.client - [printIfInfoEnabled,60] - [a6f8f3df-1057-4dad-8c39-dc45f6f94cce] Register server push request handler:com.alibaba.nacos.client.naming.remote.gprc.NamingPushRequestHandler
15:03:49.522 [main] INFO  c.a.n.c.r.client - [printIfInfoEnabled,60] - [a6f8f3df-1057-4dad-8c39-dc45f6f94cce] Try to connect to server on start up, server: {serverIp = '127.0.0.1', server main port = 8848}
15:03:49.634 [main] INFO  c.a.n.c.r.client - [printIfInfoEnabled,60] - [a6f8f3df-1057-4dad-8c39-dc45f6f94cce] Success to connect to server [127.0.0.1:8848] on start up, connectionId = 1678604629526_127.0.0.1_51890
15:03:49.635 [main] INFO  c.a.n.c.r.client - [printIfInfoEnabled,60] - [a6f8f3df-1057-4dad-8c39-dc45f6f94cce] Register server push request handler:com.alibaba.nacos.common.remote.client.RpcClient$ConnectResetRequestHandler
15:03:49.635 [main] INFO  c.a.n.c.r.client - [printIfInfoEnabled,60] - [a6f8f3df-1057-4dad-8c39-dc45f6f94cce] Register server push request handler:com.alibaba.nacos.common.remote.client.RpcClient$$Lambda$344/1299126654
15:03:49.638 [com.alibaba.nacos.client.remote.worker] INFO  c.a.n.c.r.client - [printIfInfoEnabled,60] - [a6f8f3df-1057-4dad-8c39-dc45f6f94cce] Notify connected event to listeners.
15:03:49.658 [main] INFO  o.a.c.h.Http11NioProtocol - [log,173] - Starting ProtocolHandler ["http-nio-8083"]
15:03:49.672 [main] INFO  c.a.c.n.r.NacosServiceRegistry - [register,75] - nacos registry, DEFAULT_GROUP tops-dap-bond 192.168.1.9:8083 register finished
15:03:49.941 [main] INFO  c.c.g.BondApplication - [logStarted,61] - Started BondApplication in 5.805 seconds (JVM running for 6.812)
15:03:49.946 [main] INFO  c.a.c.n.r.NacosContextRefresher - [registerNacosListener,129] - [Nacos Config] Listening config: dataId=tops-dap-bond.properties, group=DEFAULT_GROUP
15:03:49.947 [main] INFO  c.a.c.n.r.NacosContextRefresher - [registerNacosListener,129] - [Nacos Config] Listening config: dataId=tops-dap-bond-dev.properties, group=DEFAULT_GROUP
15:03:49.947 [main] INFO  c.a.c.n.r.NacosContextRefresher - [registerNacosListener,129] - [Nacos Config] Listening config: dataId=tops-dap-bond, group=DEFAULT_GROUP
15:03:50.179 [nacos-grpc-client-executor-9] INFO  c.a.n.c.r.client - [printIfInfoEnabled,60] - [a6f8f3df-1057-4dad-8c39-dc45f6f94cce] Receive server push request, request = NotifySubscriberRequest, requestId = 29
15:03:50.182 [nacos-grpc-client-executor-9] INFO  c.a.n.c.r.client - [printIfInfoEnabled,60] - [a6f8f3df-1057-4dad-8c39-dc45f6f94cce] Ack server push request, request = NotifySubscriberRequest, requestId = 29
15:03:50.495 [RMI TCP Connection(2)-192.168.1.9] INFO  o.a.c.c.C.[.[.[/] - [log,173] - Initializing Spring DispatcherServlet 'dispatcherServlet'
15:08:50.235 [background-preinit] INFO  o.h.v.i.util.Version - [<clinit>,21] - HV000001: Hibernate Validator 6.2.5.Final
15:08:50.842 [main] INFO  c.a.n.c.r.client - [lambda$createClient$0,80] - [RpcClientFactory] create a new rpc client of 3d3a4a67-ec32-4715-a890-7eedd1c0a658_config-0
15:08:50.868 [main] INFO  o.r.Reflections - [scan,232] - Reflections took 17 ms to scan 1 urls, producing 3 keys and 6 values 
15:08:50.884 [main] INFO  o.r.Reflections - [scan,232] - Reflections took 9 ms to scan 1 urls, producing 4 keys and 9 values 
15:08:50.894 [main] INFO  o.r.Reflections - [scan,232] - Reflections took 8 ms to scan 1 urls, producing 3 keys and 10 values 
15:08:51.000 [main] INFO  o.r.Reflections - [scan,232] - Reflections took 104 ms to scan 191 urls, producing 0 keys and 0 values 
15:08:51.007 [main] INFO  o.r.Reflections - [scan,232] - Reflections took 6 ms to scan 1 urls, producing 1 keys and 5 values 
15:08:51.016 [main] INFO  o.r.Reflections - [scan,232] - Reflections took 7 ms to scan 1 urls, producing 1 keys and 7 values 
15:08:51.022 [main] INFO  o.r.Reflections - [scan,232] - Reflections took 5 ms to scan 1 urls, producing 2 keys and 8 values 
15:08:51.117 [main] INFO  o.r.Reflections - [scan,232] - Reflections took 94 ms to scan 191 urls, producing 0 keys and 0 values 
15:08:51.117 [main] INFO  c.a.n.c.r.client - [printIfInfoEnabled,60] - [3d3a4a67-ec32-4715-a890-7eedd1c0a658_config-0] RpcClient init label, labels = {module=config, Vipserver-Tag=null, source=sdk, Amory-Tag=null, Location-Tag=null, taskId=0, AppName=unknown}
15:08:51.118 [main] INFO  c.a.n.c.r.client - [printIfInfoEnabled,60] - [3d3a4a67-ec32-4715-a890-7eedd1c0a658_config-0] Register server push request handler:com.alibaba.nacos.client.config.impl.ClientWorker$ConfigRpcTransportClient$$Lambda$334/1734184086
15:08:51.118 [main] INFO  c.a.n.c.r.client - [printIfInfoEnabled,60] - [3d3a4a67-ec32-4715-a890-7eedd1c0a658_config-0] Register server push request handler:com.alibaba.nacos.client.config.impl.ClientWorker$ConfigRpcTransportClient$$Lambda$335/1947941827
15:08:51.118 [main] INFO  c.a.n.c.r.client - [printIfInfoEnabled,60] - [3d3a4a67-ec32-4715-a890-7eedd1c0a658_config-0] Registry connection listener to current client:com.alibaba.nacos.client.config.impl.ClientWorker$ConfigRpcTransportClient$1
15:08:51.119 [main] INFO  c.a.n.c.r.client - [printIfInfoEnabled,60] - [3d3a4a67-ec32-4715-a890-7eedd1c0a658_config-0] RpcClient init, ServerListFactory = com.alibaba.nacos.client.config.impl.ClientWorker$ConfigRpcTransportClient$2
15:08:51.123 [main] INFO  c.a.n.c.r.client - [printIfInfoEnabled,60] - [3d3a4a67-ec32-4715-a890-7eedd1c0a658_config-0] Try to connect to server on start up, server: {serverIp = '127.0.0.1', server main port = 8848}
15:08:52.119 [main] INFO  c.a.n.c.r.client - [printIfInfoEnabled,60] - [3d3a4a67-ec32-4715-a890-7eedd1c0a658_config-0] Success to connect to server [127.0.0.1:8848] on start up, connectionId = 1678604931907_127.0.0.1_52403
15:08:52.119 [com.alibaba.nacos.client.remote.worker] INFO  c.a.n.c.r.client - [printIfInfoEnabled,60] - [3d3a4a67-ec32-4715-a890-7eedd1c0a658_config-0] Notify connected event to listeners.
15:08:52.119 [main] INFO  c.a.n.c.r.client - [printIfInfoEnabled,60] - [3d3a4a67-ec32-4715-a890-7eedd1c0a658_config-0] Register server push request handler:com.alibaba.nacos.common.remote.client.RpcClient$ConnectResetRequestHandler
15:08:52.120 [main] INFO  c.a.n.c.r.client - [printIfInfoEnabled,60] - [3d3a4a67-ec32-4715-a890-7eedd1c0a658_config-0] Register server push request handler:com.alibaba.nacos.common.remote.client.RpcClient$$Lambda$344/1590481849
15:08:52.155 [main] INFO  c.c.g.BondApplication - [logStartupProfileInfo,637] - The following 1 profile is active: "dev"
15:08:53.144 [main] INFO  o.a.c.h.Http11NioProtocol - [log,173] - Initializing ProtocolHandler ["http-nio-8083"]
15:08:53.144 [main] INFO  o.a.c.c.StandardService - [log,173] - Starting service [Tomcat]
15:08:53.144 [main] INFO  o.a.c.c.StandardEngine - [log,173] - Starting Servlet engine: [Apache Tomcat/9.0.71]
15:08:53.244 [main] INFO  o.a.c.c.C.[.[.[/] - [log,173] - Initializing Spring embedded WebApplicationContext
15:08:53.675 [main] INFO  c.a.c.s.SentinelWebMvcConfigurer - [addInterceptors,52] - [Sentinel Starter] register SentinelWebInterceptor with urlPatterns: [/**].
15:08:54.723 [main] INFO  c.a.n.c.r.client - [lambda$createClient$0,80] - [RpcClientFactory] create a new rpc client of 44def36d-e410-427d-b00b-14465dfe48c0
15:08:54.723 [main] INFO  c.a.n.c.r.client - [printIfInfoEnabled,60] - [44def36d-e410-427d-b00b-14465dfe48c0] RpcClient init label, labels = {module=naming, source=sdk}
15:08:54.724 [main] INFO  c.a.n.c.r.client - [printIfInfoEnabled,60] - [44def36d-e410-427d-b00b-14465dfe48c0] RpcClient init, ServerListFactory = com.alibaba.nacos.client.naming.core.ServerListManager
15:08:54.724 [main] INFO  c.a.n.c.r.client - [printIfInfoEnabled,60] - [44def36d-e410-427d-b00b-14465dfe48c0] Registry connection listener to current client:com.alibaba.nacos.client.naming.remote.gprc.redo.NamingGrpcRedoService
15:08:54.725 [main] INFO  c.a.n.c.r.client - [printIfInfoEnabled,60] - [44def36d-e410-427d-b00b-14465dfe48c0] Register server push request handler:com.alibaba.nacos.client.naming.remote.gprc.NamingPushRequestHandler
15:08:54.725 [main] INFO  c.a.n.c.r.client - [printIfInfoEnabled,60] - [44def36d-e410-427d-b00b-14465dfe48c0] Try to connect to server on start up, server: {serverIp = '127.0.0.1', server main port = 8848}
15:08:54.838 [main] INFO  c.a.n.c.r.client - [printIfInfoEnabled,60] - [44def36d-e410-427d-b00b-14465dfe48c0] Success to connect to server [127.0.0.1:8848] on start up, connectionId = 1678604934729_127.0.0.1_52409
15:08:54.839 [main] INFO  c.a.n.c.r.client - [printIfInfoEnabled,60] - [44def36d-e410-427d-b00b-14465dfe48c0] Register server push request handler:com.alibaba.nacos.common.remote.client.RpcClient$ConnectResetRequestHandler
15:08:54.839 [com.alibaba.nacos.client.remote.worker] INFO  c.a.n.c.r.client - [printIfInfoEnabled,60] - [44def36d-e410-427d-b00b-14465dfe48c0] Notify connected event to listeners.
15:08:54.842 [main] INFO  c.a.n.c.r.client - [printIfInfoEnabled,60] - [44def36d-e410-427d-b00b-14465dfe48c0] Register server push request handler:com.alibaba.nacos.common.remote.client.RpcClient$$Lambda$344/1590481849
15:08:54.862 [main] INFO  o.a.c.h.Http11NioProtocol - [log,173] - Starting ProtocolHandler ["http-nio-8083"]
15:08:54.875 [main] INFO  c.a.c.n.r.NacosServiceRegistry - [register,75] - nacos registry, DEFAULT_GROUP tops-dap-bond 192.168.1.9:8083 register finished
15:08:55.141 [main] INFO  c.c.g.BondApplication - [logStarted,61] - Started BondApplication in 5.562 seconds (JVM running for 6.397)
15:08:55.148 [main] INFO  c.a.c.n.r.NacosContextRefresher - [registerNacosListener,129] - [Nacos Config] Listening config: dataId=tops-dap-bond.properties, group=DEFAULT_GROUP
15:08:55.148 [main] INFO  c.a.c.n.r.NacosContextRefresher - [registerNacosListener,129] - [Nacos Config] Listening config: dataId=tops-dap-bond-dev.properties, group=DEFAULT_GROUP
15:08:55.149 [main] INFO  c.a.c.n.r.NacosContextRefresher - [registerNacosListener,129] - [Nacos Config] Listening config: dataId=tops-dap-bond, group=DEFAULT_GROUP
15:08:55.362 [RMI TCP Connection(2)-192.168.1.9] INFO  o.a.c.c.C.[.[.[/] - [log,173] - Initializing Spring DispatcherServlet 'dispatcherServlet'
15:08:55.404 [nacos-grpc-client-executor-8] INFO  c.a.n.c.r.client - [printIfInfoEnabled,60] - [44def36d-e410-427d-b00b-14465dfe48c0] Receive server push request, request = NotifySubscriberRequest, requestId = 30
15:08:55.407 [nacos-grpc-client-executor-8] INFO  c.a.n.c.r.client - [printIfInfoEnabled,60] - [44def36d-e410-427d-b00b-14465dfe48c0] Ack server push request, request = NotifySubscriberRequest, requestId = 30
15:17:04.846 [background-preinit] INFO  o.h.v.i.util.Version - [<clinit>,21] - HV000001: Hibernate Validator 6.2.5.Final
15:17:05.378 [main] INFO  c.a.n.c.r.client - [lambda$createClient$0,80] - [RpcClientFactory] create a new rpc client of 84856f46-a61c-4946-aefe-5ebc41e73775_config-0
15:17:05.408 [main] INFO  o.r.Reflections - [scan,232] - Reflections took 20 ms to scan 1 urls, producing 3 keys and 6 values 
15:17:05.432 [main] INFO  o.r.Reflections - [scan,232] - Reflections took 15 ms to scan 1 urls, producing 4 keys and 9 values 
15:17:05.442 [main] INFO  o.r.Reflections - [scan,232] - Reflections took 9 ms to scan 1 urls, producing 3 keys and 10 values 
15:17:05.549 [main] INFO  o.r.Reflections - [scan,232] - Reflections took 105 ms to scan 192 urls, producing 0 keys and 0 values 
15:17:05.558 [main] INFO  o.r.Reflections - [scan,232] - Reflections took 8 ms to scan 1 urls, producing 1 keys and 5 values 
15:17:05.568 [main] INFO  o.r.Reflections - [scan,232] - Reflections took 8 ms to scan 1 urls, producing 1 keys and 7 values 
15:17:05.576 [main] INFO  o.r.Reflections - [scan,232] - Reflections took 7 ms to scan 1 urls, producing 2 keys and 8 values 
15:17:05.669 [main] INFO  o.r.Reflections - [scan,232] - Reflections took 92 ms to scan 192 urls, producing 0 keys and 0 values 
15:17:05.669 [main] INFO  c.a.n.c.r.client - [printIfInfoEnabled,60] - [84856f46-a61c-4946-aefe-5ebc41e73775_config-0] RpcClient init label, labels = {module=config, Vipserver-Tag=null, source=sdk, Amory-Tag=null, Location-Tag=null, taskId=0, AppName=unknown}
15:17:05.670 [main] INFO  c.a.n.c.r.client - [printIfInfoEnabled,60] - [84856f46-a61c-4946-aefe-5ebc41e73775_config-0] Register server push request handler:com.alibaba.nacos.client.config.impl.ClientWorker$ConfigRpcTransportClient$$Lambda$334/1056862342
15:17:05.670 [main] INFO  c.a.n.c.r.client - [printIfInfoEnabled,60] - [84856f46-a61c-4946-aefe-5ebc41e73775_config-0] Register server push request handler:com.alibaba.nacos.client.config.impl.ClientWorker$ConfigRpcTransportClient$$Lambda$335/1734184086
15:17:05.670 [main] INFO  c.a.n.c.r.client - [printIfInfoEnabled,60] - [84856f46-a61c-4946-aefe-5ebc41e73775_config-0] Registry connection listener to current client:com.alibaba.nacos.client.config.impl.ClientWorker$ConfigRpcTransportClient$1
15:17:05.671 [main] INFO  c.a.n.c.r.client - [printIfInfoEnabled,60] - [84856f46-a61c-4946-aefe-5ebc41e73775_config-0] RpcClient init, ServerListFactory = com.alibaba.nacos.client.config.impl.ClientWorker$ConfigRpcTransportClient$2
15:17:05.675 [main] INFO  c.a.n.c.r.client - [printIfInfoEnabled,60] - [84856f46-a61c-4946-aefe-5ebc41e73775_config-0] Try to connect to server on start up, server: {serverIp = '127.0.0.1', server main port = 8848}
15:17:06.672 [main] INFO  c.a.n.c.r.client - [printIfInfoEnabled,60] - [84856f46-a61c-4946-aefe-5ebc41e73775_config-0] Success to connect to server [127.0.0.1:8848] on start up, connectionId = 1678605426469_127.0.0.1_53378
15:17:06.674 [com.alibaba.nacos.client.remote.worker] INFO  c.a.n.c.r.client - [printIfInfoEnabled,60] - [84856f46-a61c-4946-aefe-5ebc41e73775_config-0] Notify connected event to listeners.
15:17:06.674 [main] INFO  c.a.n.c.r.client - [printIfInfoEnabled,60] - [84856f46-a61c-4946-aefe-5ebc41e73775_config-0] Register server push request handler:com.alibaba.nacos.common.remote.client.RpcClient$ConnectResetRequestHandler
15:17:06.676 [main] INFO  c.a.n.c.r.client - [printIfInfoEnabled,60] - [84856f46-a61c-4946-aefe-5ebc41e73775_config-0] Register server push request handler:com.alibaba.nacos.common.remote.client.RpcClient$$Lambda$344/1314228008
15:17:06.718 [main] INFO  c.c.g.BondApplication - [logStartupProfileInfo,637] - The following 1 profile is active: "dev"
15:17:07.740 [main] INFO  o.a.c.h.Http11NioProtocol - [log,173] - Initializing ProtocolHandler ["http-nio-8083"]
15:17:07.741 [main] INFO  o.a.c.c.StandardService - [log,173] - Starting service [Tomcat]
15:17:07.741 [main] INFO  o.a.c.c.StandardEngine - [log,173] - Starting Servlet engine: [Apache Tomcat/9.0.71]
15:17:07.824 [main] INFO  o.a.c.c.C.[.[.[/] - [log,173] - Initializing Spring embedded WebApplicationContext
15:17:08.313 [main] INFO  c.a.c.s.SentinelWebMvcConfigurer - [addInterceptors,52] - [Sentinel Starter] register SentinelWebInterceptor with urlPatterns: [/**].
15:17:09.370 [main] INFO  c.a.n.c.r.client - [lambda$createClient$0,80] - [RpcClientFactory] create a new rpc client of 6d59c728-32ef-42d6-9e6e-b7e9780d109d
15:17:09.370 [main] INFO  c.a.n.c.r.client - [printIfInfoEnabled,60] - [6d59c728-32ef-42d6-9e6e-b7e9780d109d] RpcClient init label, labels = {module=naming, source=sdk}
15:17:09.371 [main] INFO  c.a.n.c.r.client - [printIfInfoEnabled,60] - [6d59c728-32ef-42d6-9e6e-b7e9780d109d] RpcClient init, ServerListFactory = com.alibaba.nacos.client.naming.core.ServerListManager
15:17:09.371 [main] INFO  c.a.n.c.r.client - [printIfInfoEnabled,60] - [6d59c728-32ef-42d6-9e6e-b7e9780d109d] Registry connection listener to current client:com.alibaba.nacos.client.naming.remote.gprc.redo.NamingGrpcRedoService
15:17:09.372 [main] INFO  c.a.n.c.r.client - [printIfInfoEnabled,60] - [6d59c728-32ef-42d6-9e6e-b7e9780d109d] Register server push request handler:com.alibaba.nacos.client.naming.remote.gprc.NamingPushRequestHandler
15:17:09.372 [main] INFO  c.a.n.c.r.client - [printIfInfoEnabled,60] - [6d59c728-32ef-42d6-9e6e-b7e9780d109d] Try to connect to server on start up, server: {serverIp = '127.0.0.1', server main port = 8848}
15:17:09.480 [main] INFO  c.a.n.c.r.client - [printIfInfoEnabled,60] - [6d59c728-32ef-42d6-9e6e-b7e9780d109d] Success to connect to server [127.0.0.1:8848] on start up, connectionId = 1678605429376_127.0.0.1_53381
15:17:09.480 [main] INFO  c.a.n.c.r.client - [printIfInfoEnabled,60] - [6d59c728-32ef-42d6-9e6e-b7e9780d109d] Register server push request handler:com.alibaba.nacos.common.remote.client.RpcClient$ConnectResetRequestHandler
15:17:09.480 [main] INFO  c.a.n.c.r.client - [printIfInfoEnabled,60] - [6d59c728-32ef-42d6-9e6e-b7e9780d109d] Register server push request handler:com.alibaba.nacos.common.remote.client.RpcClient$$Lambda$344/1314228008
15:17:09.481 [com.alibaba.nacos.client.remote.worker] INFO  c.a.n.c.r.client - [printIfInfoEnabled,60] - [6d59c728-32ef-42d6-9e6e-b7e9780d109d] Notify connected event to listeners.
15:17:09.498 [main] INFO  o.a.c.h.Http11NioProtocol - [log,173] - Starting ProtocolHandler ["http-nio-8083"]
15:17:09.510 [main] INFO  c.a.c.n.r.NacosServiceRegistry - [register,75] - nacos registry, DEFAULT_GROUP tops-dap-bond 192.168.1.9:8083 register finished
15:17:09.774 [main] INFO  c.c.g.BondApplication - [logStarted,61] - Started BondApplication in 5.801 seconds (JVM running for 6.612)
15:17:09.779 [main] INFO  c.a.c.n.r.NacosContextRefresher - [registerNacosListener,129] - [Nacos Config] Listening config: dataId=tops-dap-bond.properties, group=DEFAULT_GROUP
15:17:09.780 [main] INFO  c.a.c.n.r.NacosContextRefresher - [registerNacosListener,129] - [Nacos Config] Listening config: dataId=tops-dap-bond-dev.properties, group=DEFAULT_GROUP
15:17:09.780 [main] INFO  c.a.c.n.r.NacosContextRefresher - [registerNacosListener,129] - [Nacos Config] Listening config: dataId=tops-dap-bond, group=DEFAULT_GROUP
15:17:09.984 [RMI TCP Connection(1)-192.168.1.9] INFO  o.a.c.c.C.[.[.[/] - [log,173] - Initializing Spring DispatcherServlet 'dispatcherServlet'
15:17:10.083 [nacos-grpc-client-executor-7] INFO  c.a.n.c.r.client - [printIfInfoEnabled,60] - [6d59c728-32ef-42d6-9e6e-b7e9780d109d] Receive server push request, request = NotifySubscriberRequest, requestId = 33
15:17:10.086 [nacos-grpc-client-executor-7] INFO  c.a.n.c.r.client - [printIfInfoEnabled,60] - [6d59c728-32ef-42d6-9e6e-b7e9780d109d] Ack server push request, request = NotifySubscriberRequest, requestId = 33
15:18:13.657 [background-preinit] INFO  o.h.v.i.util.Version - [<clinit>,21] - HV000001: Hibernate Validator 6.2.5.Final
15:18:14.176 [main] INFO  c.a.n.c.r.client - [lambda$createClient$0,80] - [RpcClientFactory] create a new rpc client of b662f164-cf04-4d5e-b7c4-963d8bb12858_config-0
15:18:14.201 [main] INFO  o.r.Reflections - [scan,232] - Reflections took 16 ms to scan 1 urls, producing 3 keys and 6 values 
15:18:14.217 [main] INFO  o.r.Reflections - [scan,232] - Reflections took 9 ms to scan 1 urls, producing 4 keys and 9 values 
15:18:14.227 [main] INFO  o.r.Reflections - [scan,232] - Reflections took 8 ms to scan 1 urls, producing 3 keys and 10 values 
15:18:14.331 [main] INFO  o.r.Reflections - [scan,232] - Reflections took 103 ms to scan 192 urls, producing 0 keys and 0 values 
15:18:14.338 [main] INFO  o.r.Reflections - [scan,232] - Reflections took 7 ms to scan 1 urls, producing 1 keys and 5 values 
15:18:14.346 [main] INFO  o.r.Reflections - [scan,232] - Reflections took 6 ms to scan 1 urls, producing 1 keys and 7 values 
15:18:14.354 [main] INFO  o.r.Reflections - [scan,232] - Reflections took 7 ms to scan 1 urls, producing 2 keys and 8 values 
15:18:14.442 [main] INFO  o.r.Reflections - [scan,232] - Reflections took 86 ms to scan 192 urls, producing 0 keys and 0 values 
15:18:14.442 [main] INFO  c.a.n.c.r.client - [printIfInfoEnabled,60] - [b662f164-cf04-4d5e-b7c4-963d8bb12858_config-0] RpcClient init label, labels = {module=config, Vipserver-Tag=null, source=sdk, Amory-Tag=null, Location-Tag=null, taskId=0, AppName=unknown}
15:18:14.443 [main] INFO  c.a.n.c.r.client - [printIfInfoEnabled,60] - [b662f164-cf04-4d5e-b7c4-963d8bb12858_config-0] Register server push request handler:com.alibaba.nacos.client.config.impl.ClientWorker$ConfigRpcTransportClient$$Lambda$334/1832283291
15:18:14.443 [main] INFO  c.a.n.c.r.client - [printIfInfoEnabled,60] - [b662f164-cf04-4d5e-b7c4-963d8bb12858_config-0] Register server push request handler:com.alibaba.nacos.client.config.impl.ClientWorker$ConfigRpcTransportClient$$Lambda$335/1532554556
15:18:14.443 [main] INFO  c.a.n.c.r.client - [printIfInfoEnabled,60] - [b662f164-cf04-4d5e-b7c4-963d8bb12858_config-0] Registry connection listener to current client:com.alibaba.nacos.client.config.impl.ClientWorker$ConfigRpcTransportClient$1
15:18:14.444 [main] INFO  c.a.n.c.r.client - [printIfInfoEnabled,60] - [b662f164-cf04-4d5e-b7c4-963d8bb12858_config-0] RpcClient init, ServerListFactory = com.alibaba.nacos.client.config.impl.ClientWorker$ConfigRpcTransportClient$2
15:18:14.448 [main] INFO  c.a.n.c.r.client - [printIfInfoEnabled,60] - [b662f164-cf04-4d5e-b7c4-963d8bb12858_config-0] Try to connect to server on start up, server: {serverIp = '127.0.0.1', server main port = 8848}
15:18:15.448 [main] INFO  c.a.n.c.r.client - [printIfInfoEnabled,60] - [b662f164-cf04-4d5e-b7c4-963d8bb12858_config-0] Success to connect to server [127.0.0.1:8848] on start up, connectionId = 1678605495234_127.0.0.1_53579
15:18:15.450 [com.alibaba.nacos.client.remote.worker] INFO  c.a.n.c.r.client - [printIfInfoEnabled,60] - [b662f164-cf04-4d5e-b7c4-963d8bb12858_config-0] Notify connected event to listeners.
15:18:15.450 [main] INFO  c.a.n.c.r.client - [printIfInfoEnabled,60] - [b662f164-cf04-4d5e-b7c4-963d8bb12858_config-0] Register server push request handler:com.alibaba.nacos.common.remote.client.RpcClient$ConnectResetRequestHandler
15:18:15.452 [main] INFO  c.a.n.c.r.client - [printIfInfoEnabled,60] - [b662f164-cf04-4d5e-b7c4-963d8bb12858_config-0] Register server push request handler:com.alibaba.nacos.common.remote.client.RpcClient$$Lambda$344/1095203437
15:18:15.493 [main] INFO  c.c.g.BondApplication - [logStartupProfileInfo,637] - The following 1 profile is active: "dev"
15:18:16.487 [main] INFO  o.a.c.h.Http11NioProtocol - [log,173] - Initializing ProtocolHandler ["http-nio-8083"]
15:18:16.488 [main] INFO  o.a.c.c.StandardService - [log,173] - Starting service [Tomcat]
15:18:16.488 [main] INFO  o.a.c.c.StandardEngine - [log,173] - Starting Servlet engine: [Apache Tomcat/9.0.71]
15:18:16.578 [main] INFO  o.a.c.c.C.[.[.[/] - [log,173] - Initializing Spring embedded WebApplicationContext
15:18:17.038 [main] INFO  c.a.c.s.SentinelWebMvcConfigurer - [addInterceptors,52] - [Sentinel Starter] register SentinelWebInterceptor with urlPatterns: [/**].
15:18:18.081 [main] INFO  c.a.n.c.r.client - [lambda$createClient$0,80] - [RpcClientFactory] create a new rpc client of 2b3baf5c-682f-49b3-8101-8d2da75abcbf
15:18:18.081 [main] INFO  c.a.n.c.r.client - [printIfInfoEnabled,60] - [2b3baf5c-682f-49b3-8101-8d2da75abcbf] RpcClient init label, labels = {module=naming, source=sdk}
15:18:18.082 [main] INFO  c.a.n.c.r.client - [printIfInfoEnabled,60] - [2b3baf5c-682f-49b3-8101-8d2da75abcbf] RpcClient init, ServerListFactory = com.alibaba.nacos.client.naming.core.ServerListManager
15:18:18.083 [main] INFO  c.a.n.c.r.client - [printIfInfoEnabled,60] - [2b3baf5c-682f-49b3-8101-8d2da75abcbf] Registry connection listener to current client:com.alibaba.nacos.client.naming.remote.gprc.redo.NamingGrpcRedoService
15:18:18.083 [main] INFO  c.a.n.c.r.client - [printIfInfoEnabled,60] - [2b3baf5c-682f-49b3-8101-8d2da75abcbf] Register server push request handler:com.alibaba.nacos.client.naming.remote.gprc.NamingPushRequestHandler
15:18:18.083 [main] INFO  c.a.n.c.r.client - [printIfInfoEnabled,60] - [2b3baf5c-682f-49b3-8101-8d2da75abcbf] Try to connect to server on start up, server: {serverIp = '127.0.0.1', server main port = 8848}
15:18:18.189 [main] INFO  c.a.n.c.r.client - [printIfInfoEnabled,60] - [2b3baf5c-682f-49b3-8101-8d2da75abcbf] Success to connect to server [127.0.0.1:8848] on start up, connectionId = 1678605498086_127.0.0.1_53583
15:18:18.190 [com.alibaba.nacos.client.remote.worker] INFO  c.a.n.c.r.client - [printIfInfoEnabled,60] - [2b3baf5c-682f-49b3-8101-8d2da75abcbf] Notify connected event to listeners.
15:18:18.193 [main] INFO  c.a.n.c.r.client - [printIfInfoEnabled,60] - [2b3baf5c-682f-49b3-8101-8d2da75abcbf] Register server push request handler:com.alibaba.nacos.common.remote.client.RpcClient$ConnectResetRequestHandler
15:18:18.193 [main] INFO  c.a.n.c.r.client - [printIfInfoEnabled,60] - [2b3baf5c-682f-49b3-8101-8d2da75abcbf] Register server push request handler:com.alibaba.nacos.common.remote.client.RpcClient$$Lambda$344/1095203437
15:18:18.215 [main] INFO  o.a.c.h.Http11NioProtocol - [log,173] - Starting ProtocolHandler ["http-nio-8083"]
15:18:18.226 [main] INFO  c.a.c.n.r.NacosServiceRegistry - [register,75] - nacos registry, DEFAULT_GROUP tops-dap-bond 192.168.1.9:8083 register finished
15:18:18.531 [main] INFO  c.c.g.BondApplication - [logStarted,61] - Started BondApplication in 5.455 seconds (JVM running for 6.161)
15:18:18.537 [main] INFO  c.a.c.n.r.NacosContextRefresher - [registerNacosListener,129] - [Nacos Config] Listening config: dataId=tops-dap-bond.properties, group=DEFAULT_GROUP
15:18:18.538 [main] INFO  c.a.c.n.r.NacosContextRefresher - [registerNacosListener,129] - [Nacos Config] Listening config: dataId=tops-dap-bond-dev.properties, group=DEFAULT_GROUP
15:18:18.538 [main] INFO  c.a.c.n.r.NacosContextRefresher - [registerNacosListener,129] - [Nacos Config] Listening config: dataId=tops-dap-bond, group=DEFAULT_GROUP
15:18:18.716 [nacos-grpc-client-executor-7] INFO  c.a.n.c.r.client - [printIfInfoEnabled,60] - [2b3baf5c-682f-49b3-8101-8d2da75abcbf] Receive server push request, request = NotifySubscriberRequest, requestId = 34
15:18:18.719 [nacos-grpc-client-executor-7] INFO  c.a.n.c.r.client - [printIfInfoEnabled,60] - [2b3baf5c-682f-49b3-8101-8d2da75abcbf] Ack server push request, request = NotifySubscriberRequest, requestId = 34
15:18:18.935 [RMI TCP Connection(2)-192.168.1.9] INFO  o.a.c.c.C.[.[.[/] - [log,173] - Initializing Spring DispatcherServlet 'dispatcherServlet'
18:03:38.561 [background-preinit] INFO  o.h.v.i.util.Version - [<clinit>,21] - HV000001: Hibernate Validator 6.2.4.Final
18:03:39.256 [main] INFO  c.a.n.c.r.client - [lambda$createClient$0,80] - [RpcClientFactory] create a new rpc client of 6c2a675b-53a3-4146-8e2d-c1f5835d4135_config-0
18:03:39.285 [main] INFO  o.r.Reflections - [scan,232] - Reflections took 19 ms to scan 1 urls, producing 3 keys and 6 values 
18:03:39.305 [main] INFO  o.r.Reflections - [scan,232] - Reflections took 11 ms to scan 1 urls, producing 4 keys and 9 values 
18:03:39.320 [main] INFO  o.r.Reflections - [scan,232] - Reflections took 14 ms to scan 1 urls, producing 3 keys and 10 values 
18:03:39.427 [main] INFO  o.r.Reflections - [scan,232] - Reflections took 105 ms to scan 205 urls, producing 0 keys and 0 values 
18:03:39.435 [main] INFO  o.r.Reflections - [scan,232] - Reflections took 7 ms to scan 1 urls, producing 1 keys and 5 values 
18:03:39.446 [main] INFO  o.r.Reflections - [scan,232] - Reflections took 8 ms to scan 1 urls, producing 1 keys and 7 values 
18:03:39.454 [main] INFO  o.r.Reflections - [scan,232] - Reflections took 7 ms to scan 1 urls, producing 2 keys and 8 values 
18:03:39.540 [main] INFO  o.r.Reflections - [scan,232] - Reflections took 85 ms to scan 205 urls, producing 0 keys and 0 values 
18:03:39.541 [main] INFO  c.a.n.c.r.client - [printIfInfoEnabled,60] - [6c2a675b-53a3-4146-8e2d-c1f5835d4135_config-0] RpcClient init label, labels = {module=config, Vipserver-Tag=null, source=sdk, Amory-Tag=null, Location-Tag=null, taskId=0, AppName=unknown}
18:03:39.542 [main] INFO  c.a.n.c.r.client - [printIfInfoEnabled,60] - [6c2a675b-53a3-4146-8e2d-c1f5835d4135_config-0] Register server push request handler:com.alibaba.nacos.client.config.impl.ClientWorker$ConfigRpcTransportClient$$Lambda$330/620423816
18:03:39.542 [main] INFO  c.a.n.c.r.client - [printIfInfoEnabled,60] - [6c2a675b-53a3-4146-8e2d-c1f5835d4135_config-0] Register server push request handler:com.alibaba.nacos.client.config.impl.ClientWorker$ConfigRpcTransportClient$$Lambda$331/976358110
18:03:39.542 [main] INFO  c.a.n.c.r.client - [printIfInfoEnabled,60] - [6c2a675b-53a3-4146-8e2d-c1f5835d4135_config-0] Registry connection listener to current client:com.alibaba.nacos.client.config.impl.ClientWorker$ConfigRpcTransportClient$1
18:03:39.543 [main] INFO  c.a.n.c.r.client - [printIfInfoEnabled,60] - [6c2a675b-53a3-4146-8e2d-c1f5835d4135_config-0] RpcClient init, ServerListFactory = com.alibaba.nacos.client.config.impl.ClientWorker$ConfigRpcTransportClient$2
18:03:39.547 [main] INFO  c.a.n.c.r.client - [printIfInfoEnabled,60] - [6c2a675b-53a3-4146-8e2d-c1f5835d4135_config-0] Try to connect to server on start up, server: {serverIp = '127.0.0.1', server main port = 8848}
18:03:40.579 [main] INFO  c.a.n.c.r.client - [printIfInfoEnabled,60] - [6c2a675b-53a3-4146-8e2d-c1f5835d4135_config-0] Success to connect to server [127.0.0.1:8848] on start up, connectionId = 1678615420362_127.0.0.1_51680
18:03:40.580 [com.alibaba.nacos.client.remote.worker] INFO  c.a.n.c.r.client - [printIfInfoEnabled,60] - [6c2a675b-53a3-4146-8e2d-c1f5835d4135_config-0] Notify connected event to listeners.
18:03:40.581 [main] INFO  c.a.n.c.r.client - [printIfInfoEnabled,60] - [6c2a675b-53a3-4146-8e2d-c1f5835d4135_config-0] Register server push request handler:com.alibaba.nacos.common.remote.client.RpcClient$ConnectResetRequestHandler
18:03:40.582 [main] INFO  c.a.n.c.r.client - [printIfInfoEnabled,60] - [6c2a675b-53a3-4146-8e2d-c1f5835d4135_config-0] Register server push request handler:com.alibaba.nacos.common.remote.client.RpcClient$$Lambda$340/824357143
18:03:40.622 [main] INFO  c.c.g.BondApplication - [logStartupProfileInfo,651] - The following 1 profile is active: "dev"
18:03:41.663 [main] INFO  o.a.c.h.Http11NioProtocol - [log,173] - Initializing ProtocolHandler ["http-nio-8083"]
18:03:41.663 [main] INFO  o.a.c.c.StandardService - [log,173] - Starting service [Tomcat]
18:03:41.663 [main] INFO  o.a.c.c.StandardEngine - [log,173] - Starting Servlet engine: [Apache Tomcat/9.0.65]
18:03:41.747 [main] INFO  o.a.c.c.C.[.[.[/] - [log,173] - Initializing Spring embedded WebApplicationContext
18:03:42.199 [main] INFO  c.a.c.s.SentinelWebMvcConfigurer - [addInterceptors,52] - [Sentinel Starter] register SentinelWebInterceptor with urlPatterns: [/**].
18:03:43.296 [main] INFO  c.a.n.c.r.client - [lambda$createClient$0,80] - [RpcClientFactory] create a new rpc client of f3315e34-7553-43a6-a703-6794bb572fb0
18:03:43.296 [main] INFO  c.a.n.c.r.client - [printIfInfoEnabled,60] - [f3315e34-7553-43a6-a703-6794bb572fb0] RpcClient init label, labels = {module=naming, source=sdk}
18:03:43.297 [main] INFO  c.a.n.c.r.client - [printIfInfoEnabled,60] - [f3315e34-7553-43a6-a703-6794bb572fb0] RpcClient init, ServerListFactory = com.alibaba.nacos.client.naming.core.ServerListManager
18:03:43.297 [main] INFO  c.a.n.c.r.client - [printIfInfoEnabled,60] - [f3315e34-7553-43a6-a703-6794bb572fb0] Registry connection listener to current client:com.alibaba.nacos.client.naming.remote.gprc.redo.NamingGrpcRedoService
18:03:43.297 [main] INFO  c.a.n.c.r.client - [printIfInfoEnabled,60] - [f3315e34-7553-43a6-a703-6794bb572fb0] Register server push request handler:com.alibaba.nacos.client.naming.remote.gprc.NamingPushRequestHandler
18:03:43.297 [main] INFO  c.a.n.c.r.client - [printIfInfoEnabled,60] - [f3315e34-7553-43a6-a703-6794bb572fb0] Try to connect to server on start up, server: {serverIp = '127.0.0.1', server main port = 8848}
18:03:43.412 [main] INFO  c.a.n.c.r.client - [printIfInfoEnabled,60] - [f3315e34-7553-43a6-a703-6794bb572fb0] Success to connect to server [127.0.0.1:8848] on start up, connectionId = 1678615423302_127.0.0.1_51686
18:03:43.413 [main] INFO  c.a.n.c.r.client - [printIfInfoEnabled,60] - [f3315e34-7553-43a6-a703-6794bb572fb0] Register server push request handler:com.alibaba.nacos.common.remote.client.RpcClient$ConnectResetRequestHandler
18:03:43.413 [com.alibaba.nacos.client.remote.worker] INFO  c.a.n.c.r.client - [printIfInfoEnabled,60] - [f3315e34-7553-43a6-a703-6794bb572fb0] Notify connected event to listeners.
18:03:43.413 [main] INFO  c.a.n.c.r.client - [printIfInfoEnabled,60] - [f3315e34-7553-43a6-a703-6794bb572fb0] Register server push request handler:com.alibaba.nacos.common.remote.client.RpcClient$$Lambda$340/824357143
18:03:43.442 [main] INFO  o.a.c.h.Http11NioProtocol - [log,173] - Starting ProtocolHandler ["http-nio-8083"]
18:03:43.457 [main] INFO  c.a.c.n.r.NacosServiceRegistry - [register,75] - nacos registry, DEFAULT_GROUP tops-dap-bond 192.168.1.9:8083 register finished
18:03:43.762 [main] INFO  c.c.g.BondApplication - [logStarted,61] - Started BondApplication in 5.758 seconds (JVM running for 6.481)
18:03:43.770 [main] INFO  c.a.c.n.r.NacosContextRefresher - [registerNacosListener,129] - [Nacos Config] Listening config: dataId=tops-dap-bond.properties, group=DEFAULT_GROUP
18:03:43.770 [main] INFO  c.a.c.n.r.NacosContextRefresher - [registerNacosListener,129] - [Nacos Config] Listening config: dataId=tops-dap-bond-dev.properties, group=DEFAULT_GROUP
18:03:43.770 [main] INFO  c.a.c.n.r.NacosContextRefresher - [registerNacosListener,129] - [Nacos Config] Listening config: dataId=tops-dap-bond, group=DEFAULT_GROUP
18:03:44.010 [nacos-grpc-client-executor-6] INFO  c.a.n.c.r.client - [printIfInfoEnabled,60] - [f3315e34-7553-43a6-a703-6794bb572fb0] Receive server push request, request = NotifySubscriberRequest, requestId = 87
18:03:44.013 [nacos-grpc-client-executor-6] INFO  c.a.n.c.r.client - [printIfInfoEnabled,60] - [f3315e34-7553-43a6-a703-6794bb572fb0] Ack server push request, request = NotifySubscriberRequest, requestId = 87
18:03:44.471 [RMI TCP Connection(1)-192.168.1.9] INFO  o.a.c.c.C.[.[.[/] - [log,173] - Initializing Spring DispatcherServlet 'dispatcherServlet'
