11:00:00.426 [background-preinit] INFO  o.h.v.i.util.Version - [<clinit>,21] - HV000001: Hibernate Validator 6.2.5.Final
11:00:01.423 [main] INFO  c.a.n.c.r.client - [lambda$createClient$0,80] - [RpcClientFactory] create a new rpc client of b0daeee6-d55c-4893-af6f-c0269ec74971_config-0
11:00:01.497 [main] INFO  o.r.Reflections - [scan,232] - Reflections took 41 ms to scan 1 urls, producing 3 keys and 6 values 
11:00:01.533 [main] INFO  o.r.Reflections - [scan,232] - Reflections took 17 ms to scan 1 urls, producing 4 keys and 9 values 
11:00:01.547 [main] INFO  o.r.Reflections - [scan,232] - Reflections took 11 ms to scan 1 urls, producing 3 keys and 10 values 
11:00:01.791 [main] INFO  o.r.Reflections - [scan,232] - Reflections took 240 ms to scan 197 urls, producing 0 keys and 0 values 
11:00:01.803 [main] INFO  o.r.Reflections - [scan,232] - Reflections took 11 ms to scan 1 urls, producing 1 keys and 5 values 
11:00:01.817 [main] INFO  o.r.Reflections - [scan,232] - Reflections took 12 ms to scan 1 urls, producing 1 keys and 7 values 
11:00:01.833 [main] INFO  o.r.Reflections - [scan,232] - Reflections took 14 ms to scan 1 urls, producing 2 keys and 8 values 
11:00:01.997 [main] INFO  o.r.Reflections - [scan,232] - Reflections took 162 ms to scan 197 urls, producing 0 keys and 0 values 
11:00:01.998 [main] INFO  c.a.n.c.r.client - [printIfInfoEnabled,60] - [b0daeee6-d55c-4893-af6f-c0269ec74971_config-0] RpcClient init label, labels = {module=config, Vipserver-Tag=null, source=sdk, Amory-Tag=null, Location-Tag=null, taskId=0, AppName=unknown}
11:00:01.999 [main] INFO  c.a.n.c.r.client - [printIfInfoEnabled,60] - [b0daeee6-d55c-4893-af6f-c0269ec74971_config-0] Register server push request handler:com.alibaba.nacos.client.config.impl.ClientWorker$ConfigRpcTransportClient$$Lambda$334/1091234211
11:00:02.000 [main] INFO  c.a.n.c.r.client - [printIfInfoEnabled,60] - [b0daeee6-d55c-4893-af6f-c0269ec74971_config-0] Register server push request handler:com.alibaba.nacos.client.config.impl.ClientWorker$ConfigRpcTransportClient$$Lambda$335/832145584
11:00:02.001 [main] INFO  c.a.n.c.r.client - [printIfInfoEnabled,60] - [b0daeee6-d55c-4893-af6f-c0269ec74971_config-0] Registry connection listener to current client:com.alibaba.nacos.client.config.impl.ClientWorker$ConfigRpcTransportClient$1
11:00:02.003 [main] INFO  c.a.n.c.r.client - [printIfInfoEnabled,60] - [b0daeee6-d55c-4893-af6f-c0269ec74971_config-0] RpcClient init, ServerListFactory = com.alibaba.nacos.client.config.impl.ClientWorker$ConfigRpcTransportClient$2
11:00:02.014 [main] INFO  c.a.n.c.r.client - [printIfInfoEnabled,60] - [b0daeee6-d55c-4893-af6f-c0269ec74971_config-0] Try to connect to server on start up, server: {serverIp = '127.0.0.1', server main port = 8848}
11:00:03.312 [main] INFO  c.a.n.c.r.client - [printIfInfoEnabled,60] - [b0daeee6-d55c-4893-af6f-c0269ec74971_config-0] Success to connect to server [127.0.0.1:8848] on start up, connectionId = 1678417203019_127.0.0.1_52184
11:00:03.313 [com.alibaba.nacos.client.remote.worker] INFO  c.a.n.c.r.client - [printIfInfoEnabled,60] - [b0daeee6-d55c-4893-af6f-c0269ec74971_config-0] Notify connected event to listeners.
11:00:03.314 [main] INFO  c.a.n.c.r.client - [printIfInfoEnabled,60] - [b0daeee6-d55c-4893-af6f-c0269ec74971_config-0] Register server push request handler:com.alibaba.nacos.common.remote.client.RpcClient$ConnectResetRequestHandler
11:00:03.316 [main] INFO  c.a.n.c.r.client - [printIfInfoEnabled,60] - [b0daeee6-d55c-4893-af6f-c0269ec74971_config-0] Register server push request handler:com.alibaba.nacos.common.remote.client.RpcClient$$Lambda$344/988786279
11:00:03.533 [main] INFO  c.c.g.BondApplication - [logStartupProfileInfo,637] - The following 1 profile is active: "dev"
11:00:06.162 [main] INFO  o.a.c.h.Http11NioProtocol - [log,173] - Initializing ProtocolHandler ["http-nio-8083"]
11:00:06.163 [main] INFO  o.a.c.c.StandardService - [log,173] - Starting service [Tomcat]
11:00:06.164 [main] INFO  o.a.c.c.StandardEngine - [log,173] - Starting Servlet engine: [Apache Tomcat/9.0.70]
11:00:06.334 [main] INFO  o.a.c.c.C.[.[.[/] - [log,173] - Initializing Spring embedded WebApplicationContext
11:00:07.446 [main] INFO  c.a.c.s.SentinelWebMvcConfigurer - [addInterceptors,52] - [Sentinel Starter] register SentinelWebInterceptor with urlPatterns: [/**].
11:00:07.870 [main] INFO  s.d.s.w.WebMvcPropertySourcedRequestMappingHandlerMapping - [initHandlerMethods,69] - Mapped URL path [/v2/api-docs] onto method [springfox.documentation.swagger2.web.Swagger2ControllerWebMvc#getDocumentation(String, HttpServletRequest)]
11:00:09.841 [main] INFO  c.a.n.c.r.client - [lambda$createClient$0,80] - [RpcClientFactory] create a new rpc client of d2a6f46c-64e0-4e49-90be-a3826bc0eb6a
11:00:09.841 [main] INFO  c.a.n.c.r.client - [printIfInfoEnabled,60] - [d2a6f46c-64e0-4e49-90be-a3826bc0eb6a] RpcClient init label, labels = {module=naming, source=sdk}
11:00:09.844 [main] INFO  c.a.n.c.r.client - [printIfInfoEnabled,60] - [d2a6f46c-64e0-4e49-90be-a3826bc0eb6a] RpcClient init, ServerListFactory = com.alibaba.nacos.client.naming.core.ServerListManager
11:00:09.845 [main] INFO  c.a.n.c.r.client - [printIfInfoEnabled,60] - [d2a6f46c-64e0-4e49-90be-a3826bc0eb6a] Registry connection listener to current client:com.alibaba.nacos.client.naming.remote.gprc.redo.NamingGrpcRedoService
11:00:09.845 [main] INFO  c.a.n.c.r.client - [printIfInfoEnabled,60] - [d2a6f46c-64e0-4e49-90be-a3826bc0eb6a] Register server push request handler:com.alibaba.nacos.client.naming.remote.gprc.NamingPushRequestHandler
11:00:09.846 [main] INFO  c.a.n.c.r.client - [printIfInfoEnabled,60] - [d2a6f46c-64e0-4e49-90be-a3826bc0eb6a] Try to connect to server on start up, server: {serverIp = '127.0.0.1', server main port = 8848}
11:00:09.990 [main] INFO  c.a.n.c.r.client - [printIfInfoEnabled,60] - [d2a6f46c-64e0-4e49-90be-a3826bc0eb6a] Success to connect to server [127.0.0.1:8848] on start up, connectionId = 1678417209872_127.0.0.1_52198
11:00:09.991 [main] INFO  c.a.n.c.r.client - [printIfInfoEnabled,60] - [d2a6f46c-64e0-4e49-90be-a3826bc0eb6a] Register server push request handler:com.alibaba.nacos.common.remote.client.RpcClient$ConnectResetRequestHandler
11:00:09.991 [main] INFO  c.a.n.c.r.client - [printIfInfoEnabled,60] - [d2a6f46c-64e0-4e49-90be-a3826bc0eb6a] Register server push request handler:com.alibaba.nacos.common.remote.client.RpcClient$$Lambda$344/988786279
11:00:09.991 [com.alibaba.nacos.client.remote.worker] INFO  c.a.n.c.r.client - [printIfInfoEnabled,60] - [d2a6f46c-64e0-4e49-90be-a3826bc0eb6a] Notify connected event to listeners.
11:00:10.064 [main] INFO  o.a.c.h.Http11NioProtocol - [log,173] - Starting ProtocolHandler ["http-nio-8083"]
11:00:10.099 [main] INFO  c.a.c.n.r.NacosServiceRegistry - [register,75] - nacos registry, DEFAULT_GROUP tops-dap-bond 192.168.43.125:8083 register finished
11:00:10.104 [main] INFO  s.d.s.w.p.DocumentationPluginsBootstrapper - [start,93] - Documentation plugins bootstrapped
11:00:10.108 [main] INFO  s.d.s.w.p.DocumentationPluginsBootstrapper - [bootstrapDocumentationPlugins,79] - Found 2 custom documentation plugin(s)
11:00:10.164 [main] INFO  s.d.s.w.s.ApiListingReferenceScanner - [scan,44] - Scanning for api listing references
11:00:10.236 [main] INFO  s.d.s.w.s.ApiListingReferenceScanner - [scan,44] - Scanning for api listing references
11:00:10.242 [main] INFO  s.d.s.w.r.o.CachingOperationNameGenerator - [startingWith,41] - Generating unique operation named: testUsingGET_1
11:00:10.273 [main] INFO  c.c.g.BondApplication - [logStarted,61] - Started BondApplication in 10.558 seconds (JVM running for 11.743)
11:00:10.287 [main] INFO  c.a.c.n.r.NacosContextRefresher - [registerNacosListener,129] - [Nacos Config] Listening config: dataId=tops-dap-bond.properties, group=DEFAULT_GROUP
11:00:10.287 [main] INFO  c.a.c.n.r.NacosContextRefresher - [registerNacosListener,129] - [Nacos Config] Listening config: dataId=tops-dap-bond-dev.properties, group=DEFAULT_GROUP
11:00:10.287 [main] INFO  c.a.c.n.r.NacosContextRefresher - [registerNacosListener,129] - [Nacos Config] Listening config: dataId=tops-dap-bond, group=DEFAULT_GROUP
11:00:10.642 [nacos-grpc-client-executor-10] INFO  c.a.n.c.r.client - [printIfInfoEnabled,60] - [d2a6f46c-64e0-4e49-90be-a3826bc0eb6a] Receive server push request, request = NotifySubscriberRequest, requestId = 96
11:00:10.666 [nacos-grpc-client-executor-10] INFO  c.a.n.c.r.client - [printIfInfoEnabled,60] - [d2a6f46c-64e0-4e49-90be-a3826bc0eb6a] Ack server push request, request = NotifySubscriberRequest, requestId = 96
11:00:10.698 [RMI TCP Connection(1)-127.0.0.1] INFO  o.a.c.c.C.[.[.[/] - [log,173] - Initializing Spring DispatcherServlet 'dispatcherServlet'
12:06:16.916 [nacos-grpc-client-executor-491] INFO  c.a.n.c.r.client - [printIfInfoEnabled,60] - [d2a6f46c-64e0-4e49-90be-a3826bc0eb6a] Receive server push request, request = ClientDetectionRequest, requestId = 99
12:06:17.210 [nacos-grpc-client-executor-491] INFO  c.a.n.c.r.client - [printIfInfoEnabled,60] - [d2a6f46c-64e0-4e49-90be-a3826bc0eb6a] Ack server push request, request = ClientDetectionRequest, requestId = 99
12:06:17.007 [nacos-grpc-client-executor-504] INFO  c.a.n.c.r.client - [printIfInfoEnabled,60] - [b0daeee6-d55c-4893-af6f-c0269ec74971_config-0] Receive server push request, request = ClientDetectionRequest, requestId = 103
12:06:17.212 [nacos-grpc-client-executor-504] INFO  c.a.n.c.r.client - [printIfInfoEnabled,60] - [b0daeee6-d55c-4893-af6f-c0269ec74971_config-0] Ack server push request, request = ClientDetectionRequest, requestId = 103
14:09:50.242 [nacos-grpc-client-executor-507] INFO  c.a.n.c.r.client - [printIfInfoEnabled,60] - [b0daeee6-d55c-4893-af6f-c0269ec74971_config-0] Receive server push request, request = ClientDetectionRequest, requestId = 112
14:09:50.242 [nacos-grpc-client-executor-507] INFO  c.a.n.c.r.client - [printIfInfoEnabled,60] - [b0daeee6-d55c-4893-af6f-c0269ec74971_config-0] Ack server push request, request = ClientDetectionRequest, requestId = 112
16:07:08.253 [nacos-grpc-client-executor-1960] INFO  c.a.n.c.r.client - [printIfInfoEnabled,60] - [d2a6f46c-64e0-4e49-90be-a3826bc0eb6a] Receive server push request, request = ClientDetectionRequest, requestId = 114
16:07:08.275 [nacos-grpc-client-executor-1960] INFO  c.a.n.c.r.client - [printIfInfoEnabled,60] - [d2a6f46c-64e0-4e49-90be-a3826bc0eb6a] Ack server push request, request = ClientDetectionRequest, requestId = 114
17:32:58.182 [nacos-grpc-client-executor-3019] INFO  c.a.n.c.r.client - [printIfInfoEnabled,60] - [b0daeee6-d55c-4893-af6f-c0269ec74971_config-0] Receive server push request, request = ClientDetectionRequest, requestId = 121
17:32:58.180 [nacos-grpc-client-executor-3030] INFO  c.a.n.c.r.client - [printIfInfoEnabled,60] - [d2a6f46c-64e0-4e49-90be-a3826bc0eb6a] Receive server push request, request = ClientDetectionRequest, requestId = 119
17:32:58.186 [nacos-grpc-client-executor-3030] INFO  c.a.n.c.r.client - [printIfInfoEnabled,60] - [d2a6f46c-64e0-4e49-90be-a3826bc0eb6a] Ack server push request, request = ClientDetectionRequest, requestId = 119
17:32:58.188 [nacos-grpc-client-executor-3019] INFO  c.a.n.c.r.client - [printIfInfoEnabled,60] - [b0daeee6-d55c-4893-af6f-c0269ec74971_config-0] Ack server push request, request = ClientDetectionRequest, requestId = 121
17:40:26.206 [nacos-grpc-client-executor-3066] INFO  c.a.n.c.r.client - [printIfInfoEnabled,60] - [d2a6f46c-64e0-4e49-90be-a3826bc0eb6a] Receive server push request, request = ClientDetectionRequest, requestId = 123
17:40:26.208 [nacos-grpc-client-executor-3066] INFO  c.a.n.c.r.client - [printIfInfoEnabled,60] - [d2a6f46c-64e0-4e49-90be-a3826bc0eb6a] Ack server push request, request = ClientDetectionRequest, requestId = 123
17:40:26.210 [nacos-grpc-client-executor-3053] INFO  c.a.n.c.r.client - [printIfInfoEnabled,60] - [b0daeee6-d55c-4893-af6f-c0269ec74971_config-0] Receive server push request, request = ClientDetectionRequest, requestId = 127
17:40:26.211 [nacos-grpc-client-executor-3053] INFO  c.a.n.c.r.client - [printIfInfoEnabled,60] - [b0daeee6-d55c-4893-af6f-c0269ec74971_config-0] Ack server push request, request = ClientDetectionRequest, requestId = 127
17:49:59.988 [nacos-grpc-client-executor-3144] INFO  c.a.n.c.r.client - [printIfInfoEnabled,60] - [d2a6f46c-64e0-4e49-90be-a3826bc0eb6a] Receive server push request, request = ClientDetectionRequest, requestId = 128
17:49:59.990 [nacos-grpc-client-executor-3144] INFO  c.a.n.c.r.client - [printIfInfoEnabled,60] - [d2a6f46c-64e0-4e49-90be-a3826bc0eb6a] Ack server push request, request = ClientDetectionRequest, requestId = 128
18:00:24.173 [nacos-grpc-client-executor-3139] INFO  c.a.n.c.r.client - [printIfInfoEnabled,60] - [b0daeee6-d55c-4893-af6f-c0269ec74971_config-0] Receive server push request, request = ClientDetectionRequest, requestId = 134
18:00:24.179 [nacos-grpc-client-executor-3139] INFO  c.a.n.c.r.client - [printIfInfoEnabled,60] - [b0daeee6-d55c-4893-af6f-c0269ec74971_config-0] Ack server push request, request = ClientDetectionRequest, requestId = 134
18:00:24.182 [nacos-grpc-client-executor-3151] INFO  c.a.n.c.r.client - [printIfInfoEnabled,60] - [d2a6f46c-64e0-4e49-90be-a3826bc0eb6a] Receive server push request, request = ClientDetectionRequest, requestId = 130
18:00:24.193 [nacos-grpc-client-executor-3151] INFO  c.a.n.c.r.client - [printIfInfoEnabled,60] - [d2a6f46c-64e0-4e49-90be-a3826bc0eb6a] Ack server push request, request = ClientDetectionRequest, requestId = 130
18:17:30.173 [nacos-grpc-client-executor-3317] INFO  c.a.n.c.r.client - [printIfInfoEnabled,60] - [d2a6f46c-64e0-4e49-90be-a3826bc0eb6a] Receive server push request, request = ClientDetectionRequest, requestId = 136
18:17:30.176 [nacos-grpc-client-executor-3299] INFO  c.a.n.c.r.client - [printIfInfoEnabled,60] - [b0daeee6-d55c-4893-af6f-c0269ec74971_config-0] Receive server push request, request = ClientDetectionRequest, requestId = 140
18:17:30.176 [nacos-grpc-client-executor-3299] INFO  c.a.n.c.r.client - [printIfInfoEnabled,60] - [b0daeee6-d55c-4893-af6f-c0269ec74971_config-0] Ack server push request, request = ClientDetectionRequest, requestId = 140
18:17:30.177 [nacos-grpc-client-executor-3317] INFO  c.a.n.c.r.client - [printIfInfoEnabled,60] - [d2a6f46c-64e0-4e49-90be-a3826bc0eb6a] Ack server push request, request = ClientDetectionRequest, requestId = 136
18:24:08.173 [nacos-grpc-client-executor-3398] INFO  c.a.n.c.r.client - [printIfInfoEnabled,60] - [d2a6f46c-64e0-4e49-90be-a3826bc0eb6a] Receive server push request, request = ClientDetectionRequest, requestId = 142
18:24:08.176 [nacos-grpc-client-executor-3398] INFO  c.a.n.c.r.client - [printIfInfoEnabled,60] - [d2a6f46c-64e0-4e49-90be-a3826bc0eb6a] Ack server push request, request = ClientDetectionRequest, requestId = 142
18:24:08.323 [nacos-grpc-client-executor-3380] INFO  c.a.n.c.r.client - [printIfInfoEnabled,60] - [b0daeee6-d55c-4893-af6f-c0269ec74971_config-0] Receive server push request, request = ClientDetectionRequest, requestId = 146
18:24:08.323 [nacos-grpc-client-executor-3380] INFO  c.a.n.c.r.client - [printIfInfoEnabled,60] - [b0daeee6-d55c-4893-af6f-c0269ec74971_config-0] Ack server push request, request = ClientDetectionRequest, requestId = 146
19:01:43.071 [nacos-grpc-client-executor-3584] INFO  c.a.n.c.r.client - [printIfInfoEnabled,60] - [b0daeee6-d55c-4893-af6f-c0269ec74971_config-0] Receive server push request, request = ClientDetectionRequest, requestId = 152
19:01:43.071 [nacos-grpc-client-executor-3621] INFO  c.a.n.c.r.client - [printIfInfoEnabled,60] - [d2a6f46c-64e0-4e49-90be-a3826bc0eb6a] Receive server push request, request = ClientDetectionRequest, requestId = 148
19:01:43.075 [nacos-grpc-client-executor-3584] INFO  c.a.n.c.r.client - [printIfInfoEnabled,60] - [b0daeee6-d55c-4893-af6f-c0269ec74971_config-0] Ack server push request, request = ClientDetectionRequest, requestId = 152
19:01:43.075 [nacos-grpc-client-executor-3621] INFO  c.a.n.c.r.client - [printIfInfoEnabled,60] - [d2a6f46c-64e0-4e49-90be-a3826bc0eb6a] Ack server push request, request = ClientDetectionRequest, requestId = 148
19:15:01.226 [nacos-grpc-client-executor-3642] INFO  c.a.n.c.r.client - [printIfInfoEnabled,60] - [b0daeee6-d55c-4893-af6f-c0269ec74971_config-0] Receive server push request, request = ClientDetectionRequest, requestId = 158
19:15:01.228 [nacos-grpc-client-executor-3642] INFO  c.a.n.c.r.client - [printIfInfoEnabled,60] - [b0daeee6-d55c-4893-af6f-c0269ec74971_config-0] Ack server push request, request = ClientDetectionRequest, requestId = 158
19:15:01.230 [nacos-grpc-client-executor-3679] INFO  c.a.n.c.r.client - [printIfInfoEnabled,60] - [d2a6f46c-64e0-4e49-90be-a3826bc0eb6a] Receive server push request, request = ClientDetectionRequest, requestId = 154
19:15:01.232 [nacos-grpc-client-executor-3679] INFO  c.a.n.c.r.client - [printIfInfoEnabled,60] - [d2a6f46c-64e0-4e49-90be-a3826bc0eb6a] Ack server push request, request = ClientDetectionRequest, requestId = 154
20:10:25.227 [nacos-grpc-client-executor-3859] INFO  c.a.n.c.r.client - [printIfInfoEnabled,60] - [d2a6f46c-64e0-4e49-90be-a3826bc0eb6a] Receive server push request, request = ClientDetectionRequest, requestId = 160
20:10:25.230 [nacos-grpc-client-executor-3859] INFO  c.a.n.c.r.client - [printIfInfoEnabled,60] - [d2a6f46c-64e0-4e49-90be-a3826bc0eb6a] Ack server push request, request = ClientDetectionRequest, requestId = 160
20:10:25.233 [nacos-grpc-client-executor-3824] INFO  c.a.n.c.r.client - [printIfInfoEnabled,60] - [b0daeee6-d55c-4893-af6f-c0269ec74971_config-0] Receive server push request, request = ClientDetectionRequest, requestId = 161
20:10:25.234 [nacos-grpc-client-executor-3824] INFO  c.a.n.c.r.client - [printIfInfoEnabled,60] - [b0daeee6-d55c-4893-af6f-c0269ec74971_config-0] Ack server push request, request = ClientDetectionRequest, requestId = 161
21:29:45.195 [nacos-grpc-client-executor-3860] INFO  c.a.n.c.r.client - [printIfInfoEnabled,60] - [d2a6f46c-64e0-4e49-90be-a3826bc0eb6a] Receive server push request, request = ClientDetectionRequest, requestId = 163
21:29:45.195 [nacos-grpc-client-executor-3860] INFO  c.a.n.c.r.client - [printIfInfoEnabled,60] - [d2a6f46c-64e0-4e49-90be-a3826bc0eb6a] Ack server push request, request = ClientDetectionRequest, requestId = 163
21:29:45.205 [nacos-grpc-client-executor-3829] INFO  c.a.n.c.r.client - [printIfInfoEnabled,60] - [b0daeee6-d55c-4893-af6f-c0269ec74971_config-0] Receive server push request, request = ClientDetectionRequest, requestId = 167
21:29:45.206 [nacos-grpc-client-executor-3829] INFO  c.a.n.c.r.client - [printIfInfoEnabled,60] - [b0daeee6-d55c-4893-af6f-c0269ec74971_config-0] Ack server push request, request = ClientDetectionRequest, requestId = 167
21:50:21.157 [nacos-grpc-client-executor-3838] INFO  c.a.n.c.r.client - [printIfInfoEnabled,60] - [b0daeee6-d55c-4893-af6f-c0269ec74971_config-0] Receive server push request, request = ClientDetectionRequest, requestId = 172
21:50:21.158 [nacos-grpc-client-executor-3838] INFO  c.a.n.c.r.client - [printIfInfoEnabled,60] - [b0daeee6-d55c-4893-af6f-c0269ec74971_config-0] Ack server push request, request = ClientDetectionRequest, requestId = 172
22:27:07.166 [nacos-grpc-client-executor-3894] INFO  c.a.n.c.r.client - [printIfInfoEnabled,60] - [d2a6f46c-64e0-4e49-90be-a3826bc0eb6a] Receive server push request, request = ClientDetectionRequest, requestId = 176
22:27:07.168 [nacos-grpc-client-executor-3863] INFO  c.a.n.c.r.client - [printIfInfoEnabled,60] - [b0daeee6-d55c-4893-af6f-c0269ec74971_config-0] Receive server push request, request = ClientDetectionRequest, requestId = 180
22:27:07.172 [nacos-grpc-client-executor-3894] INFO  c.a.n.c.r.client - [printIfInfoEnabled,60] - [d2a6f46c-64e0-4e49-90be-a3826bc0eb6a] Ack server push request, request = ClientDetectionRequest, requestId = 176
22:27:07.173 [nacos-grpc-client-executor-3863] INFO  c.a.n.c.r.client - [printIfInfoEnabled,60] - [b0daeee6-d55c-4893-af6f-c0269ec74971_config-0] Ack server push request, request = ClientDetectionRequest, requestId = 180
