18:56:22.697 [background-preinit] INFO  o.h.v.i.util.Version - [<clinit>,21] - HV000001: Hibernate Validator 6.2.5.Final
18:56:24.923 [main] INFO  c.a.n.c.r.client - [lambda$createClient$0,80] - [RpcClientFactory] create a new rpc client of e53cc230-e7ca-41f1-98d5-8fb30372ede2_config-0
18:56:25.415 [main] INFO  o.r.Reflections - [scan,232] - Reflections took 379 ms to scan 1 urls, producing 3 keys and 6 values 
18:56:25.775 [main] INFO  o.r.Reflections - [scan,232] - Reflections took 226 ms to scan 1 urls, producing 4 keys and 9 values 
18:56:25.920 [main] INFO  o.r.Reflections - [scan,232] - Reflections took 141 ms to scan 1 urls, producing 3 keys and 10 values 
18:56:27.243 [main] INFO  o.r.Reflections - [scan,232] - Reflections took 1300 ms to scan 197 urls, producing 0 keys and 0 values 
18:56:27.388 [main] INFO  o.r.Reflections - [scan,232] - Reflections took 140 ms to scan 1 urls, producing 1 keys and 5 values 
18:56:27.437 [main] INFO  o.r.Reflections - [scan,232] - Reflections took 47 ms to scan 1 urls, producing 1 keys and 7 values 
18:56:27.501 [main] INFO  o.r.Reflections - [scan,232] - Reflections took 57 ms to scan 1 urls, producing 2 keys and 8 values 
18:56:28.659 [main] INFO  o.r.Reflections - [scan,232] - Reflections took 1137 ms to scan 197 urls, producing 0 keys and 0 values 
18:56:28.662 [main] INFO  c.a.n.c.r.client - [printIfInfoEnabled,60] - [e53cc230-e7ca-41f1-98d5-8fb30372ede2_config-0] RpcClient init label, labels = {module=config, Vipserver-Tag=null, source=sdk, Amory-Tag=null, Location-Tag=null, taskId=0, AppName=unknown}
18:56:28.663 [main] INFO  c.a.n.c.r.client - [printIfInfoEnabled,60] - [e53cc230-e7ca-41f1-98d5-8fb30372ede2_config-0] Register server push request handler:com.alibaba.nacos.client.config.impl.ClientWorker$ConfigRpcTransportClient$$Lambda$330/1924990666
18:56:28.663 [main] INFO  c.a.n.c.r.client - [printIfInfoEnabled,60] - [e53cc230-e7ca-41f1-98d5-8fb30372ede2_config-0] Register server push request handler:com.alibaba.nacos.client.config.impl.ClientWorker$ConfigRpcTransportClient$$Lambda$331/144445623
18:56:28.664 [main] INFO  c.a.n.c.r.client - [printIfInfoEnabled,60] - [e53cc230-e7ca-41f1-98d5-8fb30372ede2_config-0] Registry connection listener to current client:com.alibaba.nacos.client.config.impl.ClientWorker$ConfigRpcTransportClient$1
18:56:28.666 [main] INFO  c.a.n.c.r.client - [printIfInfoEnabled,60] - [e53cc230-e7ca-41f1-98d5-8fb30372ede2_config-0] RpcClient init, ServerListFactory = com.alibaba.nacos.client.config.impl.ClientWorker$ConfigRpcTransportClient$2
18:56:28.689 [main] INFO  c.a.n.c.r.client - [printIfInfoEnabled,60] - [e53cc230-e7ca-41f1-98d5-8fb30372ede2_config-0] Try to connect to server on start up, server: {serverIp = '127.0.0.1', server main port = 8848}
18:56:30.594 [main] INFO  c.a.n.c.r.client - [printIfInfoEnabled,60] - [e53cc230-e7ca-41f1-98d5-8fb30372ede2_config-0] Try to connect to server on start up, server: {serverIp = '127.0.0.1', server main port = 8848}
18:56:30.626 [main] INFO  c.a.n.c.r.client - [printIfInfoEnabled,60] - [e53cc230-e7ca-41f1-98d5-8fb30372ede2_config-0] Try to connect to server on start up, server: {serverIp = '127.0.0.1', server main port = 8848}
18:56:30.635 [com.alibaba.nacos.client.remote.worker] INFO  c.a.n.c.r.client - [printIfInfoEnabled,60] - [e53cc230-e7ca-41f1-98d5-8fb30372ede2_config-0] Try to reconnect to a new server, server is  not appointed, will choose a random server.
18:56:30.646 [main] INFO  c.a.n.c.r.client - [printIfInfoEnabled,60] - [e53cc230-e7ca-41f1-98d5-8fb30372ede2_config-0] Register server push request handler:com.alibaba.nacos.common.remote.client.RpcClient$ConnectResetRequestHandler
18:56:30.648 [main] INFO  c.a.n.c.r.client - [printIfInfoEnabled,60] - [e53cc230-e7ca-41f1-98d5-8fb30372ede2_config-0] Register server push request handler:com.alibaba.nacos.common.remote.client.RpcClient$$Lambda$340/486662053
18:56:30.768 [com.alibaba.nacos.client.remote.worker] INFO  c.a.n.c.r.client - [printIfInfoEnabled,60] - [e53cc230-e7ca-41f1-98d5-8fb30372ede2_config-0] Fail to connect server, after trying 1 times, last try server is {serverIp = '127.0.0.1', server main port = 8848}, error = unknown
18:56:30.982 [com.alibaba.nacos.client.remote.worker] INFO  c.a.n.c.r.client - [printIfInfoEnabled,60] - [e53cc230-e7ca-41f1-98d5-8fb30372ede2_config-0] Fail to connect server, after trying 2 times, last try server is {serverIp = '127.0.0.1', server main port = 8848}, error = unknown
18:56:31.288 [com.alibaba.nacos.client.remote.worker] INFO  c.a.n.c.r.client - [printIfInfoEnabled,60] - [e53cc230-e7ca-41f1-98d5-8fb30372ede2_config-0] Fail to connect server, after trying 3 times, last try server is {serverIp = '127.0.0.1', server main port = 8848}, error = unknown
18:56:31.699 [com.alibaba.nacos.client.remote.worker] INFO  c.a.n.c.r.client - [printIfInfoEnabled,60] - [e53cc230-e7ca-41f1-98d5-8fb30372ede2_config-0] Fail to connect server, after trying 4 times, last try server is {serverIp = '127.0.0.1', server main port = 8848}, error = unknown
18:56:31.978 [main] INFO  c.c.g.SystemApplication - [logStartupProfileInfo,637] - The following 1 profile is active: "dev"
18:56:32.254 [com.alibaba.nacos.client.remote.worker] INFO  c.a.n.c.r.client - [printIfInfoEnabled,60] - [e53cc230-e7ca-41f1-98d5-8fb30372ede2_config-0] Fail to connect server, after trying 5 times, last try server is {serverIp = '127.0.0.1', server main port = 8848}, error = unknown
18:56:32.863 [com.alibaba.nacos.client.remote.worker] INFO  c.a.n.c.r.client - [printIfInfoEnabled,60] - [e53cc230-e7ca-41f1-98d5-8fb30372ede2_config-0] Fail to connect server, after trying 6 times, last try server is {serverIp = '127.0.0.1', server main port = 8848}, error = unknown
18:56:33.570 [com.alibaba.nacos.client.remote.worker] INFO  c.a.n.c.r.client - [printIfInfoEnabled,60] - [e53cc230-e7ca-41f1-98d5-8fb30372ede2_config-0] Fail to connect server, after trying 7 times, last try server is {serverIp = '127.0.0.1', server main port = 8848}, error = unknown
18:56:34.377 [com.alibaba.nacos.client.remote.worker] INFO  c.a.n.c.r.client - [printIfInfoEnabled,60] - [e53cc230-e7ca-41f1-98d5-8fb30372ede2_config-0] Fail to connect server, after trying 8 times, last try server is {serverIp = '127.0.0.1', server main port = 8848}, error = unknown
18:56:35.235 [main] INFO  o.a.c.h.Http11NioProtocol - [log,173] - Initializing ProtocolHandler ["http-nio-8080"]
18:56:35.236 [main] INFO  o.a.c.c.StandardService - [log,173] - Starting service [Tomcat]
18:56:35.236 [main] INFO  o.a.c.c.StandardEngine - [log,173] - Starting Servlet engine: [Apache Tomcat/9.0.70]
18:56:35.284 [com.alibaba.nacos.client.remote.worker] INFO  c.a.n.c.r.client - [printIfInfoEnabled,60] - [e53cc230-e7ca-41f1-98d5-8fb30372ede2_config-0] Fail to connect server, after trying 9 times, last try server is {serverIp = '127.0.0.1', server main port = 8848}, error = unknown
18:56:35.427 [main] INFO  o.a.c.c.C.[.[.[/] - [log,173] - Initializing Spring embedded WebApplicationContext
18:56:35.599 [main] INFO  o.a.c.c.StandardService - [log,173] - Stopping service [Tomcat]
19:00:53.896 [background-preinit] INFO  o.h.v.i.util.Version - [<clinit>,21] - HV000001: Hibernate Validator 6.2.5.Final
19:00:54.688 [main] INFO  c.a.n.c.r.client - [lambda$createClient$0,80] - [RpcClientFactory] create a new rpc client of be42fcbf-b149-48f3-8b8d-da4c8b53b598_config-0
19:00:54.754 [main] INFO  o.r.Reflections - [scan,232] - Reflections took 41 ms to scan 1 urls, producing 3 keys and 6 values 
19:00:54.799 [main] INFO  o.r.Reflections - [scan,232] - Reflections took 23 ms to scan 1 urls, producing 4 keys and 9 values 
19:00:54.820 [main] INFO  o.r.Reflections - [scan,232] - Reflections took 18 ms to scan 1 urls, producing 3 keys and 10 values 
19:00:55.017 [main] INFO  o.r.Reflections - [scan,232] - Reflections took 194 ms to scan 197 urls, producing 0 keys and 0 values 
19:00:55.029 [main] INFO  o.r.Reflections - [scan,232] - Reflections took 10 ms to scan 1 urls, producing 1 keys and 5 values 
19:00:55.042 [main] INFO  o.r.Reflections - [scan,232] - Reflections took 11 ms to scan 1 urls, producing 1 keys and 7 values 
19:00:55.055 [main] INFO  o.r.Reflections - [scan,232] - Reflections took 11 ms to scan 1 urls, producing 2 keys and 8 values 
19:00:55.326 [main] INFO  o.r.Reflections - [scan,232] - Reflections took 269 ms to scan 197 urls, producing 0 keys and 0 values 
19:00:55.328 [main] INFO  c.a.n.c.r.client - [printIfInfoEnabled,60] - [be42fcbf-b149-48f3-8b8d-da4c8b53b598_config-0] RpcClient init label, labels = {module=config, Vipserver-Tag=null, source=sdk, Amory-Tag=null, Location-Tag=null, taskId=0, AppName=unknown}
19:00:55.328 [main] INFO  c.a.n.c.r.client - [printIfInfoEnabled,60] - [be42fcbf-b149-48f3-8b8d-da4c8b53b598_config-0] Register server push request handler:com.alibaba.nacos.client.config.impl.ClientWorker$ConfigRpcTransportClient$$Lambda$330/706665172
19:00:55.329 [main] INFO  c.a.n.c.r.client - [printIfInfoEnabled,60] - [be42fcbf-b149-48f3-8b8d-da4c8b53b598_config-0] Register server push request handler:com.alibaba.nacos.client.config.impl.ClientWorker$ConfigRpcTransportClient$$Lambda$331/1649847375
19:00:55.329 [main] INFO  c.a.n.c.r.client - [printIfInfoEnabled,60] - [be42fcbf-b149-48f3-8b8d-da4c8b53b598_config-0] Registry connection listener to current client:com.alibaba.nacos.client.config.impl.ClientWorker$ConfigRpcTransportClient$1
19:00:55.330 [main] INFO  c.a.n.c.r.client - [printIfInfoEnabled,60] - [be42fcbf-b149-48f3-8b8d-da4c8b53b598_config-0] RpcClient init, ServerListFactory = com.alibaba.nacos.client.config.impl.ClientWorker$ConfigRpcTransportClient$2
19:00:55.337 [main] INFO  c.a.n.c.r.client - [printIfInfoEnabled,60] - [be42fcbf-b149-48f3-8b8d-da4c8b53b598_config-0] Try to connect to server on start up, server: {serverIp = '127.0.0.1', server main port = 8848}
19:00:56.434 [main] INFO  c.a.n.c.r.client - [printIfInfoEnabled,60] - [be42fcbf-b149-48f3-8b8d-da4c8b53b598_config-0] Success to connect to server [127.0.0.1:8848] on start up, connectionId = 1678273256023_127.0.0.1_60093
19:00:56.435 [com.alibaba.nacos.client.remote.worker] INFO  c.a.n.c.r.client - [printIfInfoEnabled,60] - [be42fcbf-b149-48f3-8b8d-da4c8b53b598_config-0] Notify connected event to listeners.
19:00:56.435 [main] INFO  c.a.n.c.r.client - [printIfInfoEnabled,60] - [be42fcbf-b149-48f3-8b8d-da4c8b53b598_config-0] Register server push request handler:com.alibaba.nacos.common.remote.client.RpcClient$ConnectResetRequestHandler
19:00:56.436 [main] INFO  c.a.n.c.r.client - [printIfInfoEnabled,60] - [be42fcbf-b149-48f3-8b8d-da4c8b53b598_config-0] Register server push request handler:com.alibaba.nacos.common.remote.client.RpcClient$$Lambda$340/347791431
19:00:56.701 [main] INFO  c.c.g.SystemApplication - [logStartupProfileInfo,637] - The following 1 profile is active: "dev"
19:00:58.909 [main] INFO  o.a.c.h.Http11NioProtocol - [log,173] - Initializing ProtocolHandler ["http-nio-8080"]
19:00:58.909 [main] INFO  o.a.c.c.StandardService - [log,173] - Starting service [Tomcat]
19:00:58.909 [main] INFO  o.a.c.c.StandardEngine - [log,173] - Starting Servlet engine: [Apache Tomcat/9.0.70]
19:00:59.033 [main] INFO  o.a.c.c.C.[.[.[/] - [log,173] - Initializing Spring embedded WebApplicationContext
19:00:59.154 [main] INFO  o.a.c.c.StandardService - [log,173] - Stopping service [Tomcat]
19:01:35.886 [background-preinit] INFO  o.h.v.i.util.Version - [<clinit>,21] - HV000001: Hibernate Validator 6.2.5.Final
19:01:36.524 [main] INFO  c.a.n.c.r.client - [lambda$createClient$0,80] - [RpcClientFactory] create a new rpc client of ab2d1d07-1b72-45e6-b1e0-365338199d91_config-0
19:01:36.596 [main] INFO  o.r.Reflections - [scan,232] - Reflections took 43 ms to scan 1 urls, producing 3 keys and 6 values 
19:01:36.644 [main] INFO  o.r.Reflections - [scan,232] - Reflections took 19 ms to scan 1 urls, producing 4 keys and 9 values 
19:01:36.666 [main] INFO  o.r.Reflections - [scan,232] - Reflections took 20 ms to scan 1 urls, producing 3 keys and 10 values 
19:01:36.828 [main] INFO  o.r.Reflections - [scan,232] - Reflections took 158 ms to scan 197 urls, producing 0 keys and 0 values 
19:01:36.839 [main] INFO  o.r.Reflections - [scan,232] - Reflections took 10 ms to scan 1 urls, producing 1 keys and 5 values 
19:01:36.851 [main] INFO  o.r.Reflections - [scan,232] - Reflections took 10 ms to scan 1 urls, producing 1 keys and 7 values 
19:01:36.863 [main] INFO  o.r.Reflections - [scan,232] - Reflections took 10 ms to scan 1 urls, producing 2 keys and 8 values 
19:01:37.141 [main] INFO  o.r.Reflections - [scan,232] - Reflections took 277 ms to scan 197 urls, producing 0 keys and 0 values 
19:01:37.144 [main] INFO  c.a.n.c.r.client - [printIfInfoEnabled,60] - [ab2d1d07-1b72-45e6-b1e0-365338199d91_config-0] RpcClient init label, labels = {module=config, Vipserver-Tag=null, source=sdk, Amory-Tag=null, Location-Tag=null, taskId=0, AppName=unknown}
19:01:37.144 [main] INFO  c.a.n.c.r.client - [printIfInfoEnabled,60] - [ab2d1d07-1b72-45e6-b1e0-365338199d91_config-0] Register server push request handler:com.alibaba.nacos.client.config.impl.ClientWorker$ConfigRpcTransportClient$$Lambda$330/740007499
19:01:37.145 [main] INFO  c.a.n.c.r.client - [printIfInfoEnabled,60] - [ab2d1d07-1b72-45e6-b1e0-365338199d91_config-0] Register server push request handler:com.alibaba.nacos.client.config.impl.ClientWorker$ConfigRpcTransportClient$$Lambda$331/1971152916
19:01:37.145 [main] INFO  c.a.n.c.r.client - [printIfInfoEnabled,60] - [ab2d1d07-1b72-45e6-b1e0-365338199d91_config-0] Registry connection listener to current client:com.alibaba.nacos.client.config.impl.ClientWorker$ConfigRpcTransportClient$1
19:01:37.146 [main] INFO  c.a.n.c.r.client - [printIfInfoEnabled,60] - [ab2d1d07-1b72-45e6-b1e0-365338199d91_config-0] RpcClient init, ServerListFactory = com.alibaba.nacos.client.config.impl.ClientWorker$ConfigRpcTransportClient$2
19:01:37.157 [main] INFO  c.a.n.c.r.client - [printIfInfoEnabled,60] - [ab2d1d07-1b72-45e6-b1e0-365338199d91_config-0] Try to connect to server on start up, server: {serverIp = '127.0.0.1', server main port = 8848}
19:01:38.208 [main] INFO  c.a.n.c.r.client - [printIfInfoEnabled,60] - [ab2d1d07-1b72-45e6-b1e0-365338199d91_config-0] Success to connect to server [127.0.0.1:8848] on start up, connectionId = 1678273297910_127.0.0.1_60216
19:01:38.209 [com.alibaba.nacos.client.remote.worker] INFO  c.a.n.c.r.client - [printIfInfoEnabled,60] - [ab2d1d07-1b72-45e6-b1e0-365338199d91_config-0] Notify connected event to listeners.
19:01:38.211 [main] INFO  c.a.n.c.r.client - [printIfInfoEnabled,60] - [ab2d1d07-1b72-45e6-b1e0-365338199d91_config-0] Register server push request handler:com.alibaba.nacos.common.remote.client.RpcClient$ConnectResetRequestHandler
19:01:38.212 [main] INFO  c.a.n.c.r.client - [printIfInfoEnabled,60] - [ab2d1d07-1b72-45e6-b1e0-365338199d91_config-0] Register server push request handler:com.alibaba.nacos.common.remote.client.RpcClient$$Lambda$340/698498109
19:01:38.377 [main] INFO  c.c.g.SystemApplication - [logStartupProfileInfo,637] - The following 1 profile is active: "dev"
19:01:40.475 [main] INFO  o.a.c.h.Http11NioProtocol - [log,173] - Initializing ProtocolHandler ["http-nio-8080"]
19:01:40.476 [main] INFO  o.a.c.c.StandardService - [log,173] - Starting service [Tomcat]
19:01:40.476 [main] INFO  o.a.c.c.StandardEngine - [log,173] - Starting Servlet engine: [Apache Tomcat/9.0.70]
19:01:40.669 [main] INFO  o.a.c.c.C.[.[.[/] - [log,173] - Initializing Spring embedded WebApplicationContext
19:01:43.163 [main] INFO  c.a.n.c.r.client - [lambda$createClient$0,80] - [RpcClientFactory] create a new rpc client of a1fc9e53-00b7-4cc7-963b-470f78d662fd
19:01:43.164 [main] INFO  c.a.n.c.r.client - [printIfInfoEnabled,60] - [a1fc9e53-00b7-4cc7-963b-470f78d662fd] RpcClient init label, labels = {module=naming, source=sdk}
19:01:43.167 [main] INFO  c.a.n.c.r.client - [printIfInfoEnabled,60] - [a1fc9e53-00b7-4cc7-963b-470f78d662fd] RpcClient init, ServerListFactory = com.alibaba.nacos.client.naming.core.ServerListManager
19:01:43.167 [main] INFO  c.a.n.c.r.client - [printIfInfoEnabled,60] - [a1fc9e53-00b7-4cc7-963b-470f78d662fd] Registry connection listener to current client:com.alibaba.nacos.client.naming.remote.gprc.redo.NamingGrpcRedoService
19:01:43.167 [main] INFO  c.a.n.c.r.client - [printIfInfoEnabled,60] - [a1fc9e53-00b7-4cc7-963b-470f78d662fd] Register server push request handler:com.alibaba.nacos.client.naming.remote.gprc.NamingPushRequestHandler
19:01:43.168 [main] INFO  c.a.n.c.r.client - [printIfInfoEnabled,60] - [a1fc9e53-00b7-4cc7-963b-470f78d662fd] Try to connect to server on start up, server: {serverIp = '127.0.0.1', server main port = 8848}
19:01:43.280 [main] INFO  c.a.n.c.r.client - [printIfInfoEnabled,60] - [a1fc9e53-00b7-4cc7-963b-470f78d662fd] Success to connect to server [127.0.0.1:8848] on start up, connectionId = 1678273303173_127.0.0.1_60233
19:01:43.281 [com.alibaba.nacos.client.remote.worker] INFO  c.a.n.c.r.client - [printIfInfoEnabled,60] - [a1fc9e53-00b7-4cc7-963b-470f78d662fd] Notify connected event to listeners.
19:01:43.281 [main] INFO  c.a.n.c.r.client - [printIfInfoEnabled,60] - [a1fc9e53-00b7-4cc7-963b-470f78d662fd] Register server push request handler:com.alibaba.nacos.common.remote.client.RpcClient$ConnectResetRequestHandler
19:01:43.281 [main] INFO  c.a.n.c.r.client - [printIfInfoEnabled,60] - [a1fc9e53-00b7-4cc7-963b-470f78d662fd] Register server push request handler:com.alibaba.nacos.common.remote.client.RpcClient$$Lambda$340/698498109
19:01:43.358 [main] INFO  o.a.c.h.Http11NioProtocol - [log,173] - Starting ProtocolHandler ["http-nio-8080"]
19:01:43.906 [nacos-grpc-client-executor-9] INFO  c.a.n.c.r.client - [printIfInfoEnabled,60] - [a1fc9e53-00b7-4cc7-963b-470f78d662fd] Receive server push request, request = NotifySubscriberRequest, requestId = 1
19:01:43.907 [nacos-grpc-client-executor-9] INFO  c.a.n.c.r.client - [printIfInfoEnabled,60] - [a1fc9e53-00b7-4cc7-963b-470f78d662fd] Ack server push request, request = NotifySubscriberRequest, requestId = 1
19:01:43.992 [main] INFO  c.a.n.c.r.client - [shutdown,454] - Shutdown rpc client, set status to shutdown
19:01:43.993 [main] INFO  c.a.n.c.r.client - [shutdown,456] - Shutdown client event executor java.util.concurrent.ScheduledThreadPoolExecutor@aa633e6[Running, pool size = 2, active threads = 2, queued tasks = 0, completed tasks = 0]
19:01:43.993 [main] INFO  c.a.n.c.r.client - [closeConnection,591] - Close current connection 1678273303173_127.0.0.1_60233
19:01:43.996 [nacos-grpc-client-executor-10] INFO  c.a.n.c.r.c.g.GrpcClient - [printIfInfoEnabled,60] - [1678273303173_127.0.0.1_60233]Ignore complete event,isRunning:false,isAbandon=false
19:01:43.999 [main] INFO  c.a.n.c.r.c.g.GrpcClient - [shutdown,85] - Shutdown grpc executor java.util.concurrent.ThreadPoolExecutor@6d4c18b8[Running, pool size = 11, active threads = 0, queued tasks = 0, completed tasks = 11]
19:01:44.033 [main] INFO  o.a.c.h.Http11NioProtocol - [log,173] - Pausing ProtocolHandler ["http-nio-8080"]
19:01:44.033 [main] INFO  o.a.c.c.StandardService - [log,173] - Stopping service [Tomcat]
19:01:44.037 [main] INFO  o.a.c.h.Http11NioProtocol - [log,173] - Stopping ProtocolHandler ["http-nio-8080"]
19:01:44.038 [main] INFO  o.a.c.h.Http11NioProtocol - [log,173] - Destroying ProtocolHandler ["http-nio-8080"]
19:02:04.643 [background-preinit] INFO  o.h.v.i.util.Version - [<clinit>,21] - HV000001: Hibernate Validator 6.2.5.Final
19:02:05.469 [main] INFO  c.a.n.c.r.client - [lambda$createClient$0,80] - [RpcClientFactory] create a new rpc client of f1da3ccc-74d8-4af2-9c6a-29acdcaf69ed_config-0
19:02:05.527 [main] INFO  o.r.Reflections - [scan,232] - Reflections took 42 ms to scan 1 urls, producing 3 keys and 6 values 
19:02:05.578 [main] INFO  o.r.Reflections - [scan,232] - Reflections took 32 ms to scan 1 urls, producing 4 keys and 9 values 
19:02:05.605 [main] INFO  o.r.Reflections - [scan,232] - Reflections took 23 ms to scan 1 urls, producing 3 keys and 10 values 
19:02:05.813 [main] INFO  o.r.Reflections - [scan,232] - Reflections took 205 ms to scan 197 urls, producing 0 keys and 0 values 
19:02:05.826 [main] INFO  o.r.Reflections - [scan,232] - Reflections took 11 ms to scan 1 urls, producing 1 keys and 5 values 
19:02:05.838 [main] INFO  o.r.Reflections - [scan,232] - Reflections took 10 ms to scan 1 urls, producing 1 keys and 7 values 
19:02:05.851 [main] INFO  o.r.Reflections - [scan,232] - Reflections took 11 ms to scan 1 urls, producing 2 keys and 8 values 
19:02:06.385 [main] INFO  o.r.Reflections - [scan,232] - Reflections took 532 ms to scan 197 urls, producing 0 keys and 0 values 
19:02:06.386 [main] INFO  c.a.n.c.r.client - [printIfInfoEnabled,60] - [f1da3ccc-74d8-4af2-9c6a-29acdcaf69ed_config-0] RpcClient init label, labels = {module=config, Vipserver-Tag=null, source=sdk, Amory-Tag=null, Location-Tag=null, taskId=0, AppName=unknown}
19:02:06.387 [main] INFO  c.a.n.c.r.client - [printIfInfoEnabled,60] - [f1da3ccc-74d8-4af2-9c6a-29acdcaf69ed_config-0] Register server push request handler:com.alibaba.nacos.client.config.impl.ClientWorker$ConfigRpcTransportClient$$Lambda$330/706665172
19:02:06.387 [main] INFO  c.a.n.c.r.client - [printIfInfoEnabled,60] - [f1da3ccc-74d8-4af2-9c6a-29acdcaf69ed_config-0] Register server push request handler:com.alibaba.nacos.client.config.impl.ClientWorker$ConfigRpcTransportClient$$Lambda$331/1649847375
19:02:06.388 [main] INFO  c.a.n.c.r.client - [printIfInfoEnabled,60] - [f1da3ccc-74d8-4af2-9c6a-29acdcaf69ed_config-0] Registry connection listener to current client:com.alibaba.nacos.client.config.impl.ClientWorker$ConfigRpcTransportClient$1
19:02:06.391 [main] INFO  c.a.n.c.r.client - [printIfInfoEnabled,60] - [f1da3ccc-74d8-4af2-9c6a-29acdcaf69ed_config-0] RpcClient init, ServerListFactory = com.alibaba.nacos.client.config.impl.ClientWorker$ConfigRpcTransportClient$2
19:02:06.400 [main] INFO  c.a.n.c.r.client - [printIfInfoEnabled,60] - [f1da3ccc-74d8-4af2-9c6a-29acdcaf69ed_config-0] Try to connect to server on start up, server: {serverIp = '127.0.0.1', server main port = 8848}
19:02:06.936 [main] INFO  c.a.n.c.r.client - [printIfInfoEnabled,60] - [f1da3ccc-74d8-4af2-9c6a-29acdcaf69ed_config-0] Success to connect to server [127.0.0.1:8848] on start up, connectionId = 1678273326767_127.0.0.1_60305
19:02:06.937 [com.alibaba.nacos.client.remote.worker] INFO  c.a.n.c.r.client - [printIfInfoEnabled,60] - [f1da3ccc-74d8-4af2-9c6a-29acdcaf69ed_config-0] Notify connected event to listeners.
19:02:06.938 [main] INFO  c.a.n.c.r.client - [printIfInfoEnabled,60] - [f1da3ccc-74d8-4af2-9c6a-29acdcaf69ed_config-0] Register server push request handler:com.alibaba.nacos.common.remote.client.RpcClient$ConnectResetRequestHandler
19:02:06.938 [main] INFO  c.a.n.c.r.client - [printIfInfoEnabled,60] - [f1da3ccc-74d8-4af2-9c6a-29acdcaf69ed_config-0] Register server push request handler:com.alibaba.nacos.common.remote.client.RpcClient$$Lambda$340/347791431
19:02:07.090 [main] INFO  c.c.g.SystemApplication - [logStartupProfileInfo,637] - The following 1 profile is active: "dev"
19:02:08.886 [main] INFO  o.a.c.h.Http11NioProtocol - [log,173] - Initializing ProtocolHandler ["http-nio-8081"]
19:02:08.886 [main] INFO  o.a.c.c.StandardService - [log,173] - Starting service [Tomcat]
19:02:08.886 [main] INFO  o.a.c.c.StandardEngine - [log,173] - Starting Servlet engine: [Apache Tomcat/9.0.70]
19:02:09.018 [main] INFO  o.a.c.c.C.[.[.[/] - [log,173] - Initializing Spring embedded WebApplicationContext
19:02:10.843 [main] INFO  c.a.n.c.r.client - [lambda$createClient$0,80] - [RpcClientFactory] create a new rpc client of 14a84eaa-dd08-416a-bb00-27c529b4ea12
19:02:10.844 [main] INFO  c.a.n.c.r.client - [printIfInfoEnabled,60] - [14a84eaa-dd08-416a-bb00-27c529b4ea12] RpcClient init label, labels = {module=naming, source=sdk}
19:02:10.845 [main] INFO  c.a.n.c.r.client - [printIfInfoEnabled,60] - [14a84eaa-dd08-416a-bb00-27c529b4ea12] RpcClient init, ServerListFactory = com.alibaba.nacos.client.naming.core.ServerListManager
19:02:10.845 [main] INFO  c.a.n.c.r.client - [printIfInfoEnabled,60] - [14a84eaa-dd08-416a-bb00-27c529b4ea12] Registry connection listener to current client:com.alibaba.nacos.client.naming.remote.gprc.redo.NamingGrpcRedoService
19:02:10.845 [main] INFO  c.a.n.c.r.client - [printIfInfoEnabled,60] - [14a84eaa-dd08-416a-bb00-27c529b4ea12] Register server push request handler:com.alibaba.nacos.client.naming.remote.gprc.NamingPushRequestHandler
19:02:10.846 [main] INFO  c.a.n.c.r.client - [printIfInfoEnabled,60] - [14a84eaa-dd08-416a-bb00-27c529b4ea12] Try to connect to server on start up, server: {serverIp = '127.0.0.1', server main port = 8848}
19:02:10.957 [main] INFO  c.a.n.c.r.client - [printIfInfoEnabled,60] - [14a84eaa-dd08-416a-bb00-27c529b4ea12] Success to connect to server [127.0.0.1:8848] on start up, connectionId = 1678273330849_127.0.0.1_60329
19:02:10.958 [com.alibaba.nacos.client.remote.worker] INFO  c.a.n.c.r.client - [printIfInfoEnabled,60] - [14a84eaa-dd08-416a-bb00-27c529b4ea12] Notify connected event to listeners.
19:02:10.958 [main] INFO  c.a.n.c.r.client - [printIfInfoEnabled,60] - [14a84eaa-dd08-416a-bb00-27c529b4ea12] Register server push request handler:com.alibaba.nacos.common.remote.client.RpcClient$ConnectResetRequestHandler
19:02:10.959 [main] INFO  c.a.n.c.r.client - [printIfInfoEnabled,60] - [14a84eaa-dd08-416a-bb00-27c529b4ea12] Register server push request handler:com.alibaba.nacos.common.remote.client.RpcClient$$Lambda$340/347791431
19:02:11.025 [main] INFO  o.a.c.h.Http11NioProtocol - [log,173] - Starting ProtocolHandler ["http-nio-8081"]
19:02:11.065 [main] INFO  c.a.c.n.r.NacosServiceRegistry - [register,75] - nacos registry, DEFAULT_GROUP tops-dap-system 127.0.0.1:8081 register finished
19:02:11.201 [main] INFO  c.c.g.SystemApplication - [logStarted,61] - Started SystemApplication in 7.471 seconds (JVM running for 8.798)
19:02:11.208 [main] INFO  c.a.c.n.r.NacosContextRefresher - [registerNacosListener,129] - [Nacos Config] Listening config: dataId=tops-dap-system-dev.yml, group=DEFAULT_GROUP
19:02:11.209 [main] INFO  c.a.c.n.r.NacosContextRefresher - [registerNacosListener,129] - [Nacos Config] Listening config: dataId=tops-dap-system.yml, group=DEFAULT_GROUP
19:02:11.209 [main] INFO  c.a.c.n.r.NacosContextRefresher - [registerNacosListener,129] - [Nacos Config] Listening config: dataId=tops-dap-system, group=DEFAULT_GROUP
19:02:11.565 [nacos-grpc-client-executor-9] INFO  c.a.n.c.r.client - [printIfInfoEnabled,60] - [14a84eaa-dd08-416a-bb00-27c529b4ea12] Receive server push request, request = NotifySubscriberRequest, requestId = 2
19:02:11.569 [nacos-grpc-client-executor-9] INFO  c.a.n.c.r.client - [printIfInfoEnabled,60] - [14a84eaa-dd08-416a-bb00-27c529b4ea12] Ack server push request, request = NotifySubscriberRequest, requestId = 2
19:02:54.806 [http-nio-8081-exec-1] INFO  o.a.c.c.C.[.[.[/] - [log,173] - Initializing Spring DispatcherServlet 'dispatcherServlet'
19:02:55.821 [nacos-grpc-client-executor-25] INFO  c.a.n.c.r.client - [printIfInfoEnabled,60] - [14a84eaa-dd08-416a-bb00-27c529b4ea12] Receive server push request, request = NotifySubscriberRequest, requestId = 3
19:02:55.823 [nacos-grpc-client-executor-25] INFO  c.a.n.c.r.client - [printIfInfoEnabled,60] - [14a84eaa-dd08-416a-bb00-27c529b4ea12] Ack server push request, request = NotifySubscriberRequest, requestId = 3
19:13:02.858 [SpringApplicationShutdownHook] INFO  c.a.c.n.r.NacosServiceRegistry - [deregister,94] - De-registering from Nacos Server now...
19:13:02.894 [SpringApplicationShutdownHook] INFO  c.a.c.n.r.NacosServiceRegistry - [deregister,114] - De-registration finished.
19:13:03.211 [SpringApplicationShutdownHook] INFO  c.a.n.c.r.client - [shutdown,454] - Shutdown rpc client, set status to shutdown
19:13:03.212 [SpringApplicationShutdownHook] INFO  c.a.n.c.r.client - [shutdown,456] - Shutdown client event executor java.util.concurrent.ScheduledThreadPoolExecutor@2c3eb732[Running, pool size = 2, active threads = 2, queued tasks = 0, completed tasks = 0]
19:13:03.212 [SpringApplicationShutdownHook] INFO  c.a.n.c.r.client - [closeConnection,591] - Close current connection 1678273330849_127.0.0.1_60329
19:13:03.222 [nacos-grpc-client-executor-210] INFO  c.a.n.c.r.c.g.GrpcClient - [printIfInfoEnabled,60] - [1678273330849_127.0.0.1_60329]Ignore complete event,isRunning:false,isAbandon=false
19:13:03.235 [SpringApplicationShutdownHook] INFO  c.a.n.c.r.c.g.GrpcClient - [shutdown,85] - Shutdown grpc executor java.util.concurrent.ThreadPoolExecutor@e846fb8[Running, pool size = 7, active threads = 0, queued tasks = 0, completed tasks = 211]
19:13:10.476 [background-preinit] INFO  o.h.v.i.util.Version - [<clinit>,21] - HV000001: Hibernate Validator 6.2.5.Final
19:13:11.193 [main] INFO  c.a.n.c.r.client - [lambda$createClient$0,80] - [RpcClientFactory] create a new rpc client of 8248dc60-ab2e-4a86-87dd-91b2851c92c6_config-0
19:13:11.265 [main] INFO  o.r.Reflections - [scan,232] - Reflections took 40 ms to scan 1 urls, producing 3 keys and 6 values 
19:13:11.310 [main] INFO  o.r.Reflections - [scan,232] - Reflections took 31 ms to scan 1 urls, producing 4 keys and 9 values 
19:13:11.349 [main] INFO  o.r.Reflections - [scan,232] - Reflections took 35 ms to scan 1 urls, producing 3 keys and 10 values 
19:13:11.633 [main] INFO  o.r.Reflections - [scan,232] - Reflections took 277 ms to scan 197 urls, producing 0 keys and 0 values 
19:13:11.643 [main] INFO  o.r.Reflections - [scan,232] - Reflections took 9 ms to scan 1 urls, producing 1 keys and 5 values 
19:13:11.655 [main] INFO  o.r.Reflections - [scan,232] - Reflections took 10 ms to scan 1 urls, producing 1 keys and 7 values 
19:13:11.672 [main] INFO  o.r.Reflections - [scan,232] - Reflections took 15 ms to scan 1 urls, producing 2 keys and 8 values 
19:13:11.842 [main] INFO  o.r.Reflections - [scan,232] - Reflections took 168 ms to scan 197 urls, producing 0 keys and 0 values 
19:13:11.844 [main] INFO  c.a.n.c.r.client - [printIfInfoEnabled,60] - [8248dc60-ab2e-4a86-87dd-91b2851c92c6_config-0] RpcClient init label, labels = {module=config, Vipserver-Tag=null, source=sdk, Amory-Tag=null, Location-Tag=null, taskId=0, AppName=unknown}
19:13:11.846 [main] INFO  c.a.n.c.r.client - [printIfInfoEnabled,60] - [8248dc60-ab2e-4a86-87dd-91b2851c92c6_config-0] Register server push request handler:com.alibaba.nacos.client.config.impl.ClientWorker$ConfigRpcTransportClient$$Lambda$330/1153933106
19:13:11.847 [main] INFO  c.a.n.c.r.client - [printIfInfoEnabled,60] - [8248dc60-ab2e-4a86-87dd-91b2851c92c6_config-0] Register server push request handler:com.alibaba.nacos.client.config.impl.ClientWorker$ConfigRpcTransportClient$$Lambda$331/2144067911
19:13:11.847 [main] INFO  c.a.n.c.r.client - [printIfInfoEnabled,60] - [8248dc60-ab2e-4a86-87dd-91b2851c92c6_config-0] Registry connection listener to current client:com.alibaba.nacos.client.config.impl.ClientWorker$ConfigRpcTransportClient$1
19:13:11.848 [main] INFO  c.a.n.c.r.client - [printIfInfoEnabled,60] - [8248dc60-ab2e-4a86-87dd-91b2851c92c6_config-0] RpcClient init, ServerListFactory = com.alibaba.nacos.client.config.impl.ClientWorker$ConfigRpcTransportClient$2
19:13:11.857 [main] INFO  c.a.n.c.r.client - [printIfInfoEnabled,60] - [8248dc60-ab2e-4a86-87dd-91b2851c92c6_config-0] Try to connect to server on start up, server: {serverIp = '127.0.0.1', server main port = 8848}
19:13:12.504 [main] INFO  c.a.n.c.r.client - [printIfInfoEnabled,60] - [8248dc60-ab2e-4a86-87dd-91b2851c92c6_config-0] Success to connect to server [127.0.0.1:8848] on start up, connectionId = 1678273992310_127.0.0.1_62305
19:13:12.505 [com.alibaba.nacos.client.remote.worker] INFO  c.a.n.c.r.client - [printIfInfoEnabled,60] - [8248dc60-ab2e-4a86-87dd-91b2851c92c6_config-0] Notify connected event to listeners.
19:13:12.506 [main] INFO  c.a.n.c.r.client - [printIfInfoEnabled,60] - [8248dc60-ab2e-4a86-87dd-91b2851c92c6_config-0] Register server push request handler:com.alibaba.nacos.common.remote.client.RpcClient$ConnectResetRequestHandler
19:13:12.506 [main] INFO  c.a.n.c.r.client - [printIfInfoEnabled,60] - [8248dc60-ab2e-4a86-87dd-91b2851c92c6_config-0] Register server push request handler:com.alibaba.nacos.common.remote.client.RpcClient$$Lambda$340/1720746883
19:13:12.789 [main] INFO  c.c.g.SystemApplication - [logStartupProfileInfo,637] - The following 1 profile is active: "dev"
19:13:15.483 [main] INFO  o.a.c.h.Http11NioProtocol - [log,173] - Initializing ProtocolHandler ["http-nio-8081"]
19:13:15.484 [main] INFO  o.a.c.c.StandardService - [log,173] - Starting service [Tomcat]
19:13:15.484 [main] INFO  o.a.c.c.StandardEngine - [log,173] - Starting Servlet engine: [Apache Tomcat/9.0.70]
19:13:15.602 [main] INFO  o.a.c.c.C.[.[.[/] - [log,173] - Initializing Spring embedded WebApplicationContext
19:13:17.839 [main] INFO  c.a.n.c.r.client - [lambda$createClient$0,80] - [RpcClientFactory] create a new rpc client of 8644e170-c60c-4502-b181-ca8b00fa90b2
19:13:17.839 [main] INFO  c.a.n.c.r.client - [printIfInfoEnabled,60] - [8644e170-c60c-4502-b181-ca8b00fa90b2] RpcClient init label, labels = {module=naming, source=sdk}
19:13:17.841 [main] INFO  c.a.n.c.r.client - [printIfInfoEnabled,60] - [8644e170-c60c-4502-b181-ca8b00fa90b2] RpcClient init, ServerListFactory = com.alibaba.nacos.client.naming.core.ServerListManager
19:13:17.841 [main] INFO  c.a.n.c.r.client - [printIfInfoEnabled,60] - [8644e170-c60c-4502-b181-ca8b00fa90b2] Registry connection listener to current client:com.alibaba.nacos.client.naming.remote.gprc.redo.NamingGrpcRedoService
19:13:17.841 [main] INFO  c.a.n.c.r.client - [printIfInfoEnabled,60] - [8644e170-c60c-4502-b181-ca8b00fa90b2] Register server push request handler:com.alibaba.nacos.client.naming.remote.gprc.NamingPushRequestHandler
19:13:17.841 [main] INFO  c.a.n.c.r.client - [printIfInfoEnabled,60] - [8644e170-c60c-4502-b181-ca8b00fa90b2] Try to connect to server on start up, server: {serverIp = '127.0.0.1', server main port = 8848}
19:13:17.967 [main] INFO  c.a.n.c.r.client - [printIfInfoEnabled,60] - [8644e170-c60c-4502-b181-ca8b00fa90b2] Success to connect to server [127.0.0.1:8848] on start up, connectionId = 1678273997861_127.0.0.1_62317
19:13:17.968 [com.alibaba.nacos.client.remote.worker] INFO  c.a.n.c.r.client - [printIfInfoEnabled,60] - [8644e170-c60c-4502-b181-ca8b00fa90b2] Notify connected event to listeners.
19:13:17.968 [main] INFO  c.a.n.c.r.client - [printIfInfoEnabled,60] - [8644e170-c60c-4502-b181-ca8b00fa90b2] Register server push request handler:com.alibaba.nacos.common.remote.client.RpcClient$ConnectResetRequestHandler
19:13:17.968 [main] INFO  c.a.n.c.r.client - [printIfInfoEnabled,60] - [8644e170-c60c-4502-b181-ca8b00fa90b2] Register server push request handler:com.alibaba.nacos.common.remote.client.RpcClient$$Lambda$340/1720746883
19:13:18.020 [main] INFO  o.a.c.h.Http11NioProtocol - [log,173] - Starting ProtocolHandler ["http-nio-8081"]
19:13:18.049 [main] INFO  c.a.c.n.r.NacosServiceRegistry - [register,75] - nacos registry, DEFAULT_GROUP tops-dap-system 127.0.0.1:8081 register finished
19:13:18.164 [main] INFO  c.c.g.SystemApplication - [logStarted,61] - Started SystemApplication in 8.533 seconds (JVM running for 9.748)
19:13:18.172 [main] INFO  c.a.c.n.r.NacosContextRefresher - [registerNacosListener,129] - [Nacos Config] Listening config: dataId=tops-dap-system-dev.yml, group=DEFAULT_GROUP
19:13:18.173 [main] INFO  c.a.c.n.r.NacosContextRefresher - [registerNacosListener,129] - [Nacos Config] Listening config: dataId=tops-dap-system.yml, group=DEFAULT_GROUP
19:13:18.173 [main] INFO  c.a.c.n.r.NacosContextRefresher - [registerNacosListener,129] - [Nacos Config] Listening config: dataId=tops-dap-system, group=DEFAULT_GROUP
19:13:18.594 [nacos-grpc-client-executor-9] INFO  c.a.n.c.r.client - [printIfInfoEnabled,60] - [8644e170-c60c-4502-b181-ca8b00fa90b2] Receive server push request, request = NotifySubscriberRequest, requestId = 4
19:13:18.597 [nacos-grpc-client-executor-9] INFO  c.a.n.c.r.client - [printIfInfoEnabled,60] - [8644e170-c60c-4502-b181-ca8b00fa90b2] Ack server push request, request = NotifySubscriberRequest, requestId = 4
19:14:44.912 [http-nio-8081-exec-1] INFO  o.a.c.c.C.[.[.[/] - [log,173] - Initializing Spring DispatcherServlet 'dispatcherServlet'
19:16:40.708 [http-nio-8081-exec-10] INFO  c.c.g.s.i.UserServiceImpl - [selectAllUser,22] - systemClient:HardCodedTarget(type=SystemClient, name=tops-dap-systemdb, url=http://tops-dap-systemdb)
19:16:41.964 [nacos-grpc-client-executor-81] INFO  c.a.n.c.r.client - [printIfInfoEnabled,60] - [8644e170-c60c-4502-b181-ca8b00fa90b2] Receive server push request, request = NotifySubscriberRequest, requestId = 7
19:16:41.965 [nacos-grpc-client-executor-81] INFO  c.a.n.c.r.client - [printIfInfoEnabled,60] - [8644e170-c60c-4502-b181-ca8b00fa90b2] Ack server push request, request = NotifySubscriberRequest, requestId = 7
19:16:43.257 [http-nio-8081-exec-1] INFO  c.c.g.s.i.UserServiceImpl - [selectAllUser,22] - systemClient:HardCodedTarget(type=SystemClient, name=tops-dap-systemdb, url=http://tops-dap-systemdb)
19:16:44.525 [http-nio-8081-exec-4] INFO  c.c.g.s.i.UserServiceImpl - [selectAllUser,22] - systemClient:HardCodedTarget(type=SystemClient, name=tops-dap-systemdb, url=http://tops-dap-systemdb)
19:16:44.713 [http-nio-8081-exec-5] INFO  c.c.g.s.i.UserServiceImpl - [selectAllUser,22] - systemClient:HardCodedTarget(type=SystemClient, name=tops-dap-systemdb, url=http://tops-dap-systemdb)
19:16:45.003 [http-nio-8081-exec-6] INFO  c.c.g.s.i.UserServiceImpl - [selectAllUser,22] - systemClient:HardCodedTarget(type=SystemClient, name=tops-dap-systemdb, url=http://tops-dap-systemdb)
20:01:59.617 [nacos-grpc-client-executor-637] INFO  c.a.n.c.r.client - [printIfInfoEnabled,60] - [8248dc60-ab2e-4a86-87dd-91b2851c92c6_config-0] Receive server push request, request = ClientDetectionRequest, requestId = 12
20:01:59.617 [nacos-grpc-client-executor-660] INFO  c.a.n.c.r.client - [printIfInfoEnabled,60] - [8644e170-c60c-4502-b181-ca8b00fa90b2] Receive server push request, request = ClientDetectionRequest, requestId = 13
20:01:59.669 [nacos-grpc-client-executor-637] INFO  c.a.n.c.r.client - [printIfInfoEnabled,60] - [8248dc60-ab2e-4a86-87dd-91b2851c92c6_config-0] Ack server push request, request = ClientDetectionRequest, requestId = 12
20:01:59.676 [nacos-grpc-client-executor-660] INFO  c.a.n.c.r.client - [printIfInfoEnabled,60] - [8644e170-c60c-4502-b181-ca8b00fa90b2] Ack server push request, request = ClientDetectionRequest, requestId = 13
20:35:57.164 [SpringApplicationShutdownHook] INFO  c.a.c.n.r.NacosServiceRegistry - [deregister,94] - De-registering from Nacos Server now...
20:35:57.229 [SpringApplicationShutdownHook] INFO  c.a.c.n.r.NacosServiceRegistry - [deregister,114] - De-registration finished.
20:35:57.580 [SpringApplicationShutdownHook] INFO  c.a.n.c.r.client - [shutdown,454] - Shutdown rpc client, set status to shutdown
20:35:57.582 [SpringApplicationShutdownHook] INFO  c.a.n.c.r.client - [shutdown,456] - Shutdown client event executor java.util.concurrent.ScheduledThreadPoolExecutor@3e830f6c[Running, pool size = 2, active threads = 2, queued tasks = 0, completed tasks = 0]
20:35:57.585 [SpringApplicationShutdownHook] INFO  c.a.n.c.r.client - [closeConnection,591] - Close current connection 1678273997861_127.0.0.1_62317
20:35:57.604 [nacos-grpc-client-executor-1130] INFO  c.a.n.c.r.c.g.GrpcClient - [printIfInfoEnabled,60] - [1678273997861_127.0.0.1_62317]Ignore complete event,isRunning:false,isAbandon=false
20:35:57.610 [SpringApplicationShutdownHook] INFO  c.a.n.c.r.c.g.GrpcClient - [shutdown,85] - Shutdown grpc executor java.util.concurrent.ThreadPoolExecutor@62bc28d7[Running, pool size = 5, active threads = 0, queued tasks = 0, completed tasks = 1131]
20:44:41.164 [background-preinit] INFO  o.h.v.i.util.Version - [<clinit>,21] - HV000001: Hibernate Validator 6.2.5.Final
20:44:42.281 [main] INFO  c.a.n.c.r.client - [lambda$createClient$0,80] - [RpcClientFactory] create a new rpc client of 2f5fccd2-0d2f-4a06-ae41-0d5289bce872_config-0
20:44:42.405 [main] INFO  o.r.Reflections - [scan,232] - Reflections took 77 ms to scan 1 urls, producing 3 keys and 6 values 
20:44:42.452 [main] INFO  o.r.Reflections - [scan,232] - Reflections took 27 ms to scan 1 urls, producing 4 keys and 9 values 
20:44:42.491 [main] INFO  o.r.Reflections - [scan,232] - Reflections took 36 ms to scan 1 urls, producing 3 keys and 10 values 
20:44:42.790 [main] INFO  o.r.Reflections - [scan,232] - Reflections took 284 ms to scan 211 urls, producing 0 keys and 0 values 
20:44:42.817 [main] INFO  o.r.Reflections - [scan,232] - Reflections took 25 ms to scan 1 urls, producing 1 keys and 5 values 
20:44:42.838 [main] INFO  o.r.Reflections - [scan,232] - Reflections took 18 ms to scan 1 urls, producing 1 keys and 7 values 
20:44:42.855 [main] INFO  o.r.Reflections - [scan,232] - Reflections took 13 ms to scan 1 urls, producing 2 keys and 8 values 
20:44:43.150 [main] INFO  o.r.Reflections - [scan,232] - Reflections took 294 ms to scan 211 urls, producing 0 keys and 0 values 
20:44:43.152 [main] INFO  c.a.n.c.r.client - [printIfInfoEnabled,60] - [2f5fccd2-0d2f-4a06-ae41-0d5289bce872_config-0] RpcClient init label, labels = {module=config, Vipserver-Tag=null, source=sdk, Amory-Tag=null, Location-Tag=null, taskId=0, AppName=unknown}
20:44:43.152 [main] INFO  c.a.n.c.r.client - [printIfInfoEnabled,60] - [2f5fccd2-0d2f-4a06-ae41-0d5289bce872_config-0] Register server push request handler:com.alibaba.nacos.client.config.impl.ClientWorker$ConfigRpcTransportClient$$Lambda$330/1101598632
20:44:43.153 [main] INFO  c.a.n.c.r.client - [printIfInfoEnabled,60] - [2f5fccd2-0d2f-4a06-ae41-0d5289bce872_config-0] Register server push request handler:com.alibaba.nacos.client.config.impl.ClientWorker$ConfigRpcTransportClient$$Lambda$331/1032568028
20:44:43.153 [main] INFO  c.a.n.c.r.client - [printIfInfoEnabled,60] - [2f5fccd2-0d2f-4a06-ae41-0d5289bce872_config-0] Registry connection listener to current client:com.alibaba.nacos.client.config.impl.ClientWorker$ConfigRpcTransportClient$1
20:44:43.154 [main] INFO  c.a.n.c.r.client - [printIfInfoEnabled,60] - [2f5fccd2-0d2f-4a06-ae41-0d5289bce872_config-0] RpcClient init, ServerListFactory = com.alibaba.nacos.client.config.impl.ClientWorker$ConfigRpcTransportClient$2
20:44:43.163 [main] INFO  c.a.n.c.r.client - [printIfInfoEnabled,60] - [2f5fccd2-0d2f-4a06-ae41-0d5289bce872_config-0] Try to connect to server on start up, server: {serverIp = '127.0.0.1', server main port = 8848}
20:44:44.256 [main] INFO  c.a.n.c.r.client - [printIfInfoEnabled,60] - [2f5fccd2-0d2f-4a06-ae41-0d5289bce872_config-0] Success to connect to server [127.0.0.1:8848] on start up, connectionId = 1678279484042_127.0.0.1_61925
20:44:44.257 [com.alibaba.nacos.client.remote.worker] INFO  c.a.n.c.r.client - [printIfInfoEnabled,60] - [2f5fccd2-0d2f-4a06-ae41-0d5289bce872_config-0] Notify connected event to listeners.
20:44:44.258 [main] INFO  c.a.n.c.r.client - [printIfInfoEnabled,60] - [2f5fccd2-0d2f-4a06-ae41-0d5289bce872_config-0] Register server push request handler:com.alibaba.nacos.common.remote.client.RpcClient$ConnectResetRequestHandler
20:44:44.258 [main] INFO  c.a.n.c.r.client - [printIfInfoEnabled,60] - [2f5fccd2-0d2f-4a06-ae41-0d5289bce872_config-0] Register server push request handler:com.alibaba.nacos.common.remote.client.RpcClient$$Lambda$340/440472115
20:44:44.596 [main] INFO  c.c.g.SystemApplication - [logStartupProfileInfo,637] - The following 1 profile is active: "dev"
20:44:47.447 [main] INFO  o.a.c.h.Http11NioProtocol - [log,173] - Initializing ProtocolHandler ["http-nio-8081"]
20:44:47.447 [main] INFO  o.a.c.c.StandardService - [log,173] - Starting service [Tomcat]
20:44:47.448 [main] INFO  o.a.c.c.StandardEngine - [log,173] - Starting Servlet engine: [Apache Tomcat/9.0.70]
20:44:47.606 [main] INFO  o.a.c.c.C.[.[.[/] - [log,173] - Initializing Spring embedded WebApplicationContext
20:44:50.143 [main] INFO  c.a.n.c.r.client - [lambda$createClient$0,80] - [RpcClientFactory] create a new rpc client of 6a002ce0-7866-47b1-875b-f2ce22ed3642
20:44:50.144 [main] INFO  c.a.n.c.r.client - [printIfInfoEnabled,60] - [6a002ce0-7866-47b1-875b-f2ce22ed3642] RpcClient init label, labels = {module=naming, source=sdk}
20:44:50.146 [main] INFO  c.a.n.c.r.client - [printIfInfoEnabled,60] - [6a002ce0-7866-47b1-875b-f2ce22ed3642] RpcClient init, ServerListFactory = com.alibaba.nacos.client.naming.core.ServerListManager
20:44:50.146 [main] INFO  c.a.n.c.r.client - [printIfInfoEnabled,60] - [6a002ce0-7866-47b1-875b-f2ce22ed3642] Registry connection listener to current client:com.alibaba.nacos.client.naming.remote.gprc.redo.NamingGrpcRedoService
20:44:50.147 [main] INFO  c.a.n.c.r.client - [printIfInfoEnabled,60] - [6a002ce0-7866-47b1-875b-f2ce22ed3642] Register server push request handler:com.alibaba.nacos.client.naming.remote.gprc.NamingPushRequestHandler
20:44:50.147 [main] INFO  c.a.n.c.r.client - [printIfInfoEnabled,60] - [6a002ce0-7866-47b1-875b-f2ce22ed3642] Try to connect to server on start up, server: {serverIp = '127.0.0.1', server main port = 8848}
20:44:50.298 [main] INFO  c.a.n.c.r.client - [printIfInfoEnabled,60] - [6a002ce0-7866-47b1-875b-f2ce22ed3642] Success to connect to server [127.0.0.1:8848] on start up, connectionId = 1678279490184_127.0.0.1_61942
20:44:50.299 [com.alibaba.nacos.client.remote.worker] INFO  c.a.n.c.r.client - [printIfInfoEnabled,60] - [6a002ce0-7866-47b1-875b-f2ce22ed3642] Notify connected event to listeners.
20:44:50.299 [main] INFO  c.a.n.c.r.client - [printIfInfoEnabled,60] - [6a002ce0-7866-47b1-875b-f2ce22ed3642] Register server push request handler:com.alibaba.nacos.common.remote.client.RpcClient$ConnectResetRequestHandler
20:44:50.300 [main] INFO  c.a.n.c.r.client - [printIfInfoEnabled,60] - [6a002ce0-7866-47b1-875b-f2ce22ed3642] Register server push request handler:com.alibaba.nacos.common.remote.client.RpcClient$$Lambda$340/440472115
20:44:50.352 [main] INFO  o.a.c.h.Http11NioProtocol - [log,173] - Starting ProtocolHandler ["http-nio-8081"]
20:44:50.379 [main] INFO  c.a.c.n.r.NacosServiceRegistry - [register,75] - nacos registry, DEFAULT_GROUP tops-dap-system 192.168.43.125:8081 register finished
20:44:50.555 [main] INFO  c.c.g.SystemApplication - [logStarted,61] - Started SystemApplication in 10.157 seconds (JVM running for 11.239)
20:44:50.570 [main] INFO  c.a.c.n.r.NacosContextRefresher - [registerNacosListener,129] - [Nacos Config] Listening config: dataId=tops-dap-system-dev.yml, group=DEFAULT_GROUP
20:44:50.571 [main] INFO  c.a.c.n.r.NacosContextRefresher - [registerNacosListener,129] - [Nacos Config] Listening config: dataId=tops-dap-system.yml, group=DEFAULT_GROUP
20:44:50.571 [main] INFO  c.a.c.n.r.NacosContextRefresher - [registerNacosListener,129] - [Nacos Config] Listening config: dataId=tops-dap-system, group=DEFAULT_GROUP
20:44:50.941 [nacos-grpc-client-executor-10] INFO  c.a.n.c.r.client - [printIfInfoEnabled,60] - [6a002ce0-7866-47b1-875b-f2ce22ed3642] Receive server push request, request = NotifySubscriberRequest, requestId = 16
20:44:50.944 [nacos-grpc-client-executor-10] INFO  c.a.n.c.r.client - [printIfInfoEnabled,60] - [6a002ce0-7866-47b1-875b-f2ce22ed3642] Ack server push request, request = NotifySubscriberRequest, requestId = 16
20:45:06.458 [http-nio-8081-exec-1] INFO  o.a.c.c.C.[.[.[/] - [log,173] - Initializing Spring DispatcherServlet 'dispatcherServlet'
20:45:36.301 [SpringApplicationShutdownHook] INFO  c.a.c.n.r.NacosServiceRegistry - [deregister,94] - De-registering from Nacos Server now...
20:45:36.313 [SpringApplicationShutdownHook] INFO  c.a.c.n.r.NacosServiceRegistry - [deregister,114] - De-registration finished.
20:45:36.624 [SpringApplicationShutdownHook] INFO  c.a.n.c.r.client - [shutdown,454] - Shutdown rpc client, set status to shutdown
20:45:36.625 [SpringApplicationShutdownHook] INFO  c.a.n.c.r.client - [shutdown,456] - Shutdown client event executor java.util.concurrent.ScheduledThreadPoolExecutor@7b056293[Running, pool size = 2, active threads = 2, queued tasks = 0, completed tasks = 0]
20:45:36.625 [SpringApplicationShutdownHook] INFO  c.a.n.c.r.client - [closeConnection,591] - Close current connection 1678279490184_127.0.0.1_61942
20:45:36.629 [nacos-grpc-client-executor-29] INFO  c.a.n.c.r.c.g.GrpcClient - [printIfInfoEnabled,60] - [1678279490184_127.0.0.1_61942]Ignore complete event,isRunning:false,isAbandon=false
20:45:36.631 [SpringApplicationShutdownHook] INFO  c.a.n.c.r.c.g.GrpcClient - [shutdown,85] - Shutdown grpc executor java.util.concurrent.ThreadPoolExecutor@7a9d625c[Running, pool size = 7, active threads = 0, queued tasks = 0, completed tasks = 30]
20:55:23.598 [background-preinit] INFO  o.h.v.i.util.Version - [<clinit>,21] - HV000001: Hibernate Validator 6.2.5.Final
20:55:24.292 [main] INFO  c.a.n.c.r.client - [lambda$createClient$0,80] - [RpcClientFactory] create a new rpc client of 73881b33-0f35-4811-be2c-424a2df46d5b_config-0
20:55:24.381 [main] INFO  o.r.Reflections - [scan,232] - Reflections took 52 ms to scan 1 urls, producing 3 keys and 6 values 
20:55:24.428 [main] INFO  o.r.Reflections - [scan,232] - Reflections took 21 ms to scan 1 urls, producing 4 keys and 9 values 
20:55:24.445 [main] INFO  o.r.Reflections - [scan,232] - Reflections took 15 ms to scan 1 urls, producing 3 keys and 10 values 
20:55:24.640 [main] INFO  o.r.Reflections - [scan,232] - Reflections took 192 ms to scan 211 urls, producing 0 keys and 0 values 
20:55:24.653 [main] INFO  o.r.Reflections - [scan,232] - Reflections took 12 ms to scan 1 urls, producing 1 keys and 5 values 
20:55:24.665 [main] INFO  o.r.Reflections - [scan,232] - Reflections took 11 ms to scan 1 urls, producing 1 keys and 7 values 
20:55:24.680 [main] INFO  o.r.Reflections - [scan,232] - Reflections took 13 ms to scan 1 urls, producing 2 keys and 8 values 
20:55:24.920 [main] INFO  o.r.Reflections - [scan,232] - Reflections took 237 ms to scan 211 urls, producing 0 keys and 0 values 
20:55:24.922 [main] INFO  c.a.n.c.r.client - [printIfInfoEnabled,60] - [73881b33-0f35-4811-be2c-424a2df46d5b_config-0] RpcClient init label, labels = {module=config, Vipserver-Tag=null, source=sdk, Amory-Tag=null, Location-Tag=null, taskId=0, AppName=unknown}
20:55:24.923 [main] INFO  c.a.n.c.r.client - [printIfInfoEnabled,60] - [73881b33-0f35-4811-be2c-424a2df46d5b_config-0] Register server push request handler:com.alibaba.nacos.client.config.impl.ClientWorker$ConfigRpcTransportClient$$Lambda$330/1101598632
20:55:24.923 [main] INFO  c.a.n.c.r.client - [printIfInfoEnabled,60] - [73881b33-0f35-4811-be2c-424a2df46d5b_config-0] Register server push request handler:com.alibaba.nacos.client.config.impl.ClientWorker$ConfigRpcTransportClient$$Lambda$331/1032568028
20:55:24.924 [main] INFO  c.a.n.c.r.client - [printIfInfoEnabled,60] - [73881b33-0f35-4811-be2c-424a2df46d5b_config-0] Registry connection listener to current client:com.alibaba.nacos.client.config.impl.ClientWorker$ConfigRpcTransportClient$1
20:55:24.925 [main] INFO  c.a.n.c.r.client - [printIfInfoEnabled,60] - [73881b33-0f35-4811-be2c-424a2df46d5b_config-0] RpcClient init, ServerListFactory = com.alibaba.nacos.client.config.impl.ClientWorker$ConfigRpcTransportClient$2
20:55:24.938 [main] INFO  c.a.n.c.r.client - [printIfInfoEnabled,60] - [73881b33-0f35-4811-be2c-424a2df46d5b_config-0] Try to connect to server on start up, server: {serverIp = '127.0.0.1', server main port = 8848}
20:55:25.934 [main] INFO  c.a.n.c.r.client - [printIfInfoEnabled,60] - [73881b33-0f35-4811-be2c-424a2df46d5b_config-0] Success to connect to server [127.0.0.1:8848] on start up, connectionId = 1678280125705_127.0.0.1_63657
20:55:25.935 [com.alibaba.nacos.client.remote.worker] INFO  c.a.n.c.r.client - [printIfInfoEnabled,60] - [73881b33-0f35-4811-be2c-424a2df46d5b_config-0] Notify connected event to listeners.
20:55:25.935 [main] INFO  c.a.n.c.r.client - [printIfInfoEnabled,60] - [73881b33-0f35-4811-be2c-424a2df46d5b_config-0] Register server push request handler:com.alibaba.nacos.common.remote.client.RpcClient$ConnectResetRequestHandler
20:55:25.936 [main] INFO  c.a.n.c.r.client - [printIfInfoEnabled,60] - [73881b33-0f35-4811-be2c-424a2df46d5b_config-0] Register server push request handler:com.alibaba.nacos.common.remote.client.RpcClient$$Lambda$340/440472115
20:55:26.191 [main] INFO  c.c.g.SystemApplication - [logStartupProfileInfo,637] - The following 1 profile is active: "dev"
20:55:29.190 [main] INFO  o.a.c.h.Http11NioProtocol - [log,173] - Initializing ProtocolHandler ["http-nio-8081"]
20:55:29.190 [main] INFO  o.a.c.c.StandardService - [log,173] - Starting service [Tomcat]
20:55:29.191 [main] INFO  o.a.c.c.StandardEngine - [log,173] - Starting Servlet engine: [Apache Tomcat/9.0.70]
20:55:29.453 [main] INFO  o.a.c.c.C.[.[.[/] - [log,173] - Initializing Spring embedded WebApplicationContext
20:55:32.160 [main] INFO  c.a.n.c.r.client - [lambda$createClient$0,80] - [RpcClientFactory] create a new rpc client of 67710f14-fbac-4a8b-86c6-5fe36f8859f8
20:55:32.161 [main] INFO  c.a.n.c.r.client - [printIfInfoEnabled,60] - [67710f14-fbac-4a8b-86c6-5fe36f8859f8] RpcClient init label, labels = {module=naming, source=sdk}
20:55:32.163 [main] INFO  c.a.n.c.r.client - [printIfInfoEnabled,60] - [67710f14-fbac-4a8b-86c6-5fe36f8859f8] RpcClient init, ServerListFactory = com.alibaba.nacos.client.naming.core.ServerListManager
20:55:32.163 [main] INFO  c.a.n.c.r.client - [printIfInfoEnabled,60] - [67710f14-fbac-4a8b-86c6-5fe36f8859f8] Registry connection listener to current client:com.alibaba.nacos.client.naming.remote.gprc.redo.NamingGrpcRedoService
20:55:32.163 [main] INFO  c.a.n.c.r.client - [printIfInfoEnabled,60] - [67710f14-fbac-4a8b-86c6-5fe36f8859f8] Register server push request handler:com.alibaba.nacos.client.naming.remote.gprc.NamingPushRequestHandler
20:55:32.164 [main] INFO  c.a.n.c.r.client - [printIfInfoEnabled,60] - [67710f14-fbac-4a8b-86c6-5fe36f8859f8] Try to connect to server on start up, server: {serverIp = '127.0.0.1', server main port = 8848}
20:55:32.293 [main] INFO  c.a.n.c.r.client - [printIfInfoEnabled,60] - [67710f14-fbac-4a8b-86c6-5fe36f8859f8] Success to connect to server [127.0.0.1:8848] on start up, connectionId = 1678280132181_127.0.0.1_63666
20:55:32.293 [main] INFO  c.a.n.c.r.client - [printIfInfoEnabled,60] - [67710f14-fbac-4a8b-86c6-5fe36f8859f8] Register server push request handler:com.alibaba.nacos.common.remote.client.RpcClient$ConnectResetRequestHandler
20:55:32.294 [com.alibaba.nacos.client.remote.worker] INFO  c.a.n.c.r.client - [printIfInfoEnabled,60] - [67710f14-fbac-4a8b-86c6-5fe36f8859f8] Notify connected event to listeners.
20:55:32.294 [main] INFO  c.a.n.c.r.client - [printIfInfoEnabled,60] - [67710f14-fbac-4a8b-86c6-5fe36f8859f8] Register server push request handler:com.alibaba.nacos.common.remote.client.RpcClient$$Lambda$340/440472115
20:55:32.363 [main] INFO  o.a.c.h.Http11NioProtocol - [log,173] - Starting ProtocolHandler ["http-nio-8081"]
20:55:32.394 [main] INFO  c.a.c.n.r.NacosServiceRegistry - [register,75] - nacos registry, DEFAULT_GROUP tops-dap-system 192.168.43.125:8081 register finished
20:55:32.557 [main] INFO  c.c.g.SystemApplication - [logStarted,61] - Started SystemApplication in 9.643 seconds (JVM running for 11.38)
20:55:32.573 [main] INFO  c.a.c.n.r.NacosContextRefresher - [registerNacosListener,129] - [Nacos Config] Listening config: dataId=tops-dap-system-dev.yml, group=DEFAULT_GROUP
20:55:32.574 [main] INFO  c.a.c.n.r.NacosContextRefresher - [registerNacosListener,129] - [Nacos Config] Listening config: dataId=tops-dap-system.yml, group=DEFAULT_GROUP
20:55:32.574 [main] INFO  c.a.c.n.r.NacosContextRefresher - [registerNacosListener,129] - [Nacos Config] Listening config: dataId=tops-dap-system, group=DEFAULT_GROUP
20:55:32.913 [nacos-grpc-client-executor-9] INFO  c.a.n.c.r.client - [printIfInfoEnabled,60] - [67710f14-fbac-4a8b-86c6-5fe36f8859f8] Receive server push request, request = NotifySubscriberRequest, requestId = 17
20:55:32.916 [nacos-grpc-client-executor-9] INFO  c.a.n.c.r.client - [printIfInfoEnabled,60] - [67710f14-fbac-4a8b-86c6-5fe36f8859f8] Ack server push request, request = NotifySubscriberRequest, requestId = 17
20:55:52.166 [http-nio-8081-exec-1] INFO  o.a.c.c.C.[.[.[/] - [log,173] - Initializing Spring DispatcherServlet 'dispatcherServlet'
20:57:30.654 [SpringApplicationShutdownHook] INFO  c.a.c.n.r.NacosServiceRegistry - [deregister,94] - De-registering from Nacos Server now...
20:57:30.687 [SpringApplicationShutdownHook] INFO  c.a.c.n.r.NacosServiceRegistry - [deregister,114] - De-registration finished.
20:57:30.998 [SpringApplicationShutdownHook] INFO  c.a.n.c.r.client - [shutdown,454] - Shutdown rpc client, set status to shutdown
20:57:31.000 [SpringApplicationShutdownHook] INFO  c.a.n.c.r.client - [shutdown,456] - Shutdown client event executor java.util.concurrent.ScheduledThreadPoolExecutor@6c4a0e53[Running, pool size = 2, active threads = 2, queued tasks = 0, completed tasks = 0]
20:57:31.001 [SpringApplicationShutdownHook] INFO  c.a.n.c.r.client - [closeConnection,591] - Close current connection 1678280132181_127.0.0.1_63666
20:57:31.023 [nacos-grpc-client-executor-53] INFO  c.a.n.c.r.c.g.GrpcClient - [printIfInfoEnabled,60] - [1678280132181_127.0.0.1_63666]Ignore complete event,isRunning:false,isAbandon=false
20:57:31.028 [SpringApplicationShutdownHook] INFO  c.a.n.c.r.c.g.GrpcClient - [shutdown,85] - Shutdown grpc executor java.util.concurrent.ThreadPoolExecutor@25d9a690[Running, pool size = 8, active threads = 0, queued tasks = 0, completed tasks = 54]
20:57:44.630 [background-preinit] INFO  o.h.v.i.util.Version - [<clinit>,21] - HV000001: Hibernate Validator 6.2.5.Final
20:57:45.493 [main] INFO  c.a.n.c.r.client - [lambda$createClient$0,80] - [RpcClientFactory] create a new rpc client of a36a87a0-2aba-4ce4-9589-00409cc4df15_config-0
20:57:45.573 [main] INFO  o.r.Reflections - [scan,232] - Reflections took 51 ms to scan 1 urls, producing 3 keys and 6 values 
20:57:45.638 [main] INFO  o.r.Reflections - [scan,232] - Reflections took 42 ms to scan 1 urls, producing 4 keys and 9 values 
20:57:45.673 [main] INFO  o.r.Reflections - [scan,232] - Reflections took 32 ms to scan 1 urls, producing 3 keys and 10 values 
20:57:46.137 [main] INFO  o.r.Reflections - [scan,232] - Reflections took 459 ms to scan 211 urls, producing 0 keys and 0 values 
20:57:46.150 [main] INFO  o.r.Reflections - [scan,232] - Reflections took 12 ms to scan 1 urls, producing 1 keys and 5 values 
20:57:46.165 [main] INFO  o.r.Reflections - [scan,232] - Reflections took 12 ms to scan 1 urls, producing 1 keys and 7 values 
20:57:46.183 [main] INFO  o.r.Reflections - [scan,232] - Reflections took 16 ms to scan 1 urls, producing 2 keys and 8 values 
20:57:46.517 [main] INFO  o.r.Reflections - [scan,232] - Reflections took 330 ms to scan 211 urls, producing 0 keys and 0 values 
20:57:46.518 [main] INFO  c.a.n.c.r.client - [printIfInfoEnabled,60] - [a36a87a0-2aba-4ce4-9589-00409cc4df15_config-0] RpcClient init label, labels = {module=config, Vipserver-Tag=null, source=sdk, Amory-Tag=null, Location-Tag=null, taskId=0, AppName=unknown}
20:57:46.519 [main] INFO  c.a.n.c.r.client - [printIfInfoEnabled,60] - [a36a87a0-2aba-4ce4-9589-00409cc4df15_config-0] Register server push request handler:com.alibaba.nacos.client.config.impl.ClientWorker$ConfigRpcTransportClient$$Lambda$330/1101598632
20:57:46.519 [main] INFO  c.a.n.c.r.client - [printIfInfoEnabled,60] - [a36a87a0-2aba-4ce4-9589-00409cc4df15_config-0] Register server push request handler:com.alibaba.nacos.client.config.impl.ClientWorker$ConfigRpcTransportClient$$Lambda$331/1032568028
20:57:46.520 [main] INFO  c.a.n.c.r.client - [printIfInfoEnabled,60] - [a36a87a0-2aba-4ce4-9589-00409cc4df15_config-0] Registry connection listener to current client:com.alibaba.nacos.client.config.impl.ClientWorker$ConfigRpcTransportClient$1
20:57:46.521 [main] INFO  c.a.n.c.r.client - [printIfInfoEnabled,60] - [a36a87a0-2aba-4ce4-9589-00409cc4df15_config-0] RpcClient init, ServerListFactory = com.alibaba.nacos.client.config.impl.ClientWorker$ConfigRpcTransportClient$2
20:57:46.530 [main] INFO  c.a.n.c.r.client - [printIfInfoEnabled,60] - [a36a87a0-2aba-4ce4-9589-00409cc4df15_config-0] Try to connect to server on start up, server: {serverIp = '127.0.0.1', server main port = 8848}
20:57:47.463 [main] INFO  c.a.n.c.r.client - [printIfInfoEnabled,60] - [a36a87a0-2aba-4ce4-9589-00409cc4df15_config-0] Success to connect to server [127.0.0.1:8848] on start up, connectionId = 1678280267232_127.0.0.1_64171
20:57:47.464 [com.alibaba.nacos.client.remote.worker] INFO  c.a.n.c.r.client - [printIfInfoEnabled,60] - [a36a87a0-2aba-4ce4-9589-00409cc4df15_config-0] Notify connected event to listeners.
20:57:47.465 [main] INFO  c.a.n.c.r.client - [printIfInfoEnabled,60] - [a36a87a0-2aba-4ce4-9589-00409cc4df15_config-0] Register server push request handler:com.alibaba.nacos.common.remote.client.RpcClient$ConnectResetRequestHandler
20:57:47.466 [main] INFO  c.a.n.c.r.client - [printIfInfoEnabled,60] - [a36a87a0-2aba-4ce4-9589-00409cc4df15_config-0] Register server push request handler:com.alibaba.nacos.common.remote.client.RpcClient$$Lambda$340/440472115
20:57:47.678 [main] INFO  c.c.g.SystemApplication - [logStartupProfileInfo,637] - The following 1 profile is active: "dev"
20:57:50.230 [main] INFO  o.a.c.h.Http11NioProtocol - [log,173] - Initializing ProtocolHandler ["http-nio-8081"]
20:57:50.231 [main] INFO  o.a.c.c.StandardService - [log,173] - Starting service [Tomcat]
20:57:50.231 [main] INFO  o.a.c.c.StandardEngine - [log,173] - Starting Servlet engine: [Apache Tomcat/9.0.70]
20:57:50.405 [main] INFO  o.a.c.c.C.[.[.[/] - [log,173] - Initializing Spring embedded WebApplicationContext
20:57:52.720 [main] INFO  c.a.n.c.r.client - [lambda$createClient$0,80] - [RpcClientFactory] create a new rpc client of 904640d9-c78f-404c-bbf6-5fbfcf4de2a5
20:57:52.720 [main] INFO  c.a.n.c.r.client - [printIfInfoEnabled,60] - [904640d9-c78f-404c-bbf6-5fbfcf4de2a5] RpcClient init label, labels = {module=naming, source=sdk}
20:57:52.723 [main] INFO  c.a.n.c.r.client - [printIfInfoEnabled,60] - [904640d9-c78f-404c-bbf6-5fbfcf4de2a5] RpcClient init, ServerListFactory = com.alibaba.nacos.client.naming.core.ServerListManager
20:57:52.723 [main] INFO  c.a.n.c.r.client - [printIfInfoEnabled,60] - [904640d9-c78f-404c-bbf6-5fbfcf4de2a5] Registry connection listener to current client:com.alibaba.nacos.client.naming.remote.gprc.redo.NamingGrpcRedoService
20:57:52.724 [main] INFO  c.a.n.c.r.client - [printIfInfoEnabled,60] - [904640d9-c78f-404c-bbf6-5fbfcf4de2a5] Register server push request handler:com.alibaba.nacos.client.naming.remote.gprc.NamingPushRequestHandler
20:57:52.724 [main] INFO  c.a.n.c.r.client - [printIfInfoEnabled,60] - [904640d9-c78f-404c-bbf6-5fbfcf4de2a5] Try to connect to server on start up, server: {serverIp = '127.0.0.1', server main port = 8848}
20:57:52.839 [main] INFO  c.a.n.c.r.client - [printIfInfoEnabled,60] - [904640d9-c78f-404c-bbf6-5fbfcf4de2a5] Success to connect to server [127.0.0.1:8848] on start up, connectionId = 1678280272730_127.0.0.1_64181
20:57:52.840 [com.alibaba.nacos.client.remote.worker] INFO  c.a.n.c.r.client - [printIfInfoEnabled,60] - [904640d9-c78f-404c-bbf6-5fbfcf4de2a5] Notify connected event to listeners.
20:57:52.840 [main] INFO  c.a.n.c.r.client - [printIfInfoEnabled,60] - [904640d9-c78f-404c-bbf6-5fbfcf4de2a5] Register server push request handler:com.alibaba.nacos.common.remote.client.RpcClient$ConnectResetRequestHandler
20:57:52.841 [main] INFO  c.a.n.c.r.client - [printIfInfoEnabled,60] - [904640d9-c78f-404c-bbf6-5fbfcf4de2a5] Register server push request handler:com.alibaba.nacos.common.remote.client.RpcClient$$Lambda$340/440472115
20:57:52.898 [main] INFO  o.a.c.h.Http11NioProtocol - [log,173] - Starting ProtocolHandler ["http-nio-8081"]
20:57:52.949 [main] INFO  c.a.c.n.r.NacosServiceRegistry - [register,75] - nacos registry, DEFAULT_GROUP tops-dap-system 192.168.43.125:8081 register finished
20:57:53.092 [main] INFO  c.c.g.SystemApplication - [logStarted,61] - Started SystemApplication in 9.391 seconds (JVM running for 11.011)
20:57:53.108 [main] INFO  c.a.c.n.r.NacosContextRefresher - [registerNacosListener,129] - [Nacos Config] Listening config: dataId=tops-dap-system-dev.yml, group=DEFAULT_GROUP
20:57:53.110 [main] INFO  c.a.c.n.r.NacosContextRefresher - [registerNacosListener,129] - [Nacos Config] Listening config: dataId=tops-dap-system.yml, group=DEFAULT_GROUP
20:57:53.111 [main] INFO  c.a.c.n.r.NacosContextRefresher - [registerNacosListener,129] - [Nacos Config] Listening config: dataId=tops-dap-system, group=DEFAULT_GROUP
20:57:53.393 [nacos-grpc-client-executor-9] INFO  c.a.n.c.r.client - [printIfInfoEnabled,60] - [904640d9-c78f-404c-bbf6-5fbfcf4de2a5] Receive server push request, request = NotifySubscriberRequest, requestId = 18
20:57:53.400 [nacos-grpc-client-executor-9] INFO  c.a.n.c.r.client - [printIfInfoEnabled,60] - [904640d9-c78f-404c-bbf6-5fbfcf4de2a5] Ack server push request, request = NotifySubscriberRequest, requestId = 18
20:58:13.027 [http-nio-8081-exec-1] INFO  o.a.c.c.C.[.[.[/] - [log,173] - Initializing Spring DispatcherServlet 'dispatcherServlet'
21:02:45.728 [nacos-grpc-client-executor-85] INFO  c.a.n.c.r.client - [printIfInfoEnabled,60] - [904640d9-c78f-404c-bbf6-5fbfcf4de2a5] Receive server push request, request = ClientDetectionRequest, requestId = 19
21:02:45.729 [nacos-grpc-client-executor-94] INFO  c.a.n.c.r.client - [printIfInfoEnabled,60] - [a36a87a0-2aba-4ce4-9589-00409cc4df15_config-0] Receive server push request, request = ClientDetectionRequest, requestId = 20
21:02:45.760 [nacos-grpc-client-executor-94] INFO  c.a.n.c.r.client - [printIfInfoEnabled,60] - [a36a87a0-2aba-4ce4-9589-00409cc4df15_config-0] Ack server push request, request = ClientDetectionRequest, requestId = 20
21:02:45.760 [nacos-grpc-client-executor-85] INFO  c.a.n.c.r.client - [printIfInfoEnabled,60] - [904640d9-c78f-404c-bbf6-5fbfcf4de2a5] Ack server push request, request = ClientDetectionRequest, requestId = 19
21:02:45.907 [com.alibaba.nacos.client.remote.worker] INFO  c.a.n.c.r.client - [printIfInfoEnabled,60] - [904640d9-c78f-404c-bbf6-5fbfcf4de2a5] Try to reconnect to a new server, server is  not appointed, will choose a random server.
21:02:46.276 [com.alibaba.nacos.client.remote.worker] INFO  c.a.n.c.r.client - [printIfInfoEnabled,60] - [904640d9-c78f-404c-bbf6-5fbfcf4de2a5] Success to connect a server [127.0.0.1:8848], connectionId = 1678280566160_127.0.0.1_64738
21:02:46.278 [com.alibaba.nacos.client.remote.worker] INFO  c.a.n.c.r.client - [printIfInfoEnabled,60] - [904640d9-c78f-404c-bbf6-5fbfcf4de2a5] Abandon prev connection, server is 127.0.0.1:8848, connectionId is 1678280272730_127.0.0.1_64181
21:02:46.280 [com.alibaba.nacos.client.remote.worker] INFO  c.a.n.c.r.client - [closeConnection,591] - Close current connection 1678280272730_127.0.0.1_64181
21:02:46.319 [com.alibaba.nacos.client.remote.worker] INFO  c.a.n.c.r.client - [printIfInfoEnabled,60] - [904640d9-c78f-404c-bbf6-5fbfcf4de2a5] Notify disconnected event to listeners
21:02:46.385 [com.alibaba.nacos.client.remote.worker] INFO  c.a.n.c.r.client - [printIfInfoEnabled,60] - [904640d9-c78f-404c-bbf6-5fbfcf4de2a5] Notify connected event to listeners.
21:02:49.875 [nacos-grpc-client-executor-95] INFO  c.a.n.c.r.client - [printIfInfoEnabled,60] - [904640d9-c78f-404c-bbf6-5fbfcf4de2a5] Receive server push request, request = NotifySubscriberRequest, requestId = 21
21:02:49.876 [nacos-grpc-client-executor-95] INFO  c.a.n.c.r.client - [printIfInfoEnabled,60] - [904640d9-c78f-404c-bbf6-5fbfcf4de2a5] Ack server push request, request = NotifySubscriberRequest, requestId = 21
21:08:11.497 [SpringApplicationShutdownHook] INFO  c.a.c.n.r.NacosServiceRegistry - [deregister,94] - De-registering from Nacos Server now...
21:08:11.515 [SpringApplicationShutdownHook] INFO  c.a.c.n.r.NacosServiceRegistry - [deregister,114] - De-registration finished.
21:08:11.833 [SpringApplicationShutdownHook] INFO  c.a.n.c.r.client - [shutdown,454] - Shutdown rpc client, set status to shutdown
21:08:11.834 [SpringApplicationShutdownHook] INFO  c.a.n.c.r.client - [shutdown,456] - Shutdown client event executor java.util.concurrent.ScheduledThreadPoolExecutor@678c17c7[Running, pool size = 2, active threads = 2, queued tasks = 0, completed tasks = 0]
21:08:11.835 [SpringApplicationShutdownHook] INFO  c.a.n.c.r.client - [closeConnection,591] - Close current connection 1678280566160_127.0.0.1_64738
21:08:11.837 [SpringApplicationShutdownHook] INFO  c.a.n.c.r.c.g.GrpcClient - [shutdown,85] - Shutdown grpc executor java.util.concurrent.ThreadPoolExecutor@7be275d6[Running, pool size = 5, active threads = 0, queued tasks = 0, completed tasks = 174]
21:08:33.699 [background-preinit] INFO  o.h.v.i.util.Version - [<clinit>,21] - HV000001: Hibernate Validator 6.2.5.Final
21:08:35.414 [main] INFO  c.a.n.c.r.client - [lambda$createClient$0,80] - [RpcClientFactory] create a new rpc client of f7cdaa73-f293-4230-adbf-14e565d8937a_config-0
21:08:35.721 [main] INFO  o.r.Reflections - [scan,232] - Reflections took 264 ms to scan 1 urls, producing 3 keys and 6 values 
21:08:35.843 [main] INFO  o.r.Reflections - [scan,232] - Reflections took 97 ms to scan 1 urls, producing 4 keys and 9 values 
21:08:35.914 [main] INFO  o.r.Reflections - [scan,232] - Reflections took 67 ms to scan 1 urls, producing 3 keys and 10 values 
21:08:36.964 [main] INFO  o.r.Reflections - [scan,232] - Reflections took 1043 ms to scan 211 urls, producing 0 keys and 0 values 
21:08:37.028 [main] INFO  o.r.Reflections - [scan,232] - Reflections took 63 ms to scan 1 urls, producing 1 keys and 5 values 
21:08:37.075 [main] INFO  o.r.Reflections - [scan,232] - Reflections took 38 ms to scan 1 urls, producing 1 keys and 7 values 
21:08:37.152 [main] INFO  o.r.Reflections - [scan,232] - Reflections took 54 ms to scan 1 urls, producing 2 keys and 8 values 
21:08:37.857 [main] INFO  o.r.Reflections - [scan,232] - Reflections took 703 ms to scan 211 urls, producing 0 keys and 0 values 
21:08:37.869 [main] INFO  c.a.n.c.r.client - [printIfInfoEnabled,60] - [f7cdaa73-f293-4230-adbf-14e565d8937a_config-0] RpcClient init label, labels = {module=config, Vipserver-Tag=null, source=sdk, Amory-Tag=null, Location-Tag=null, taskId=0, AppName=unknown}
21:08:37.870 [main] INFO  c.a.n.c.r.client - [printIfInfoEnabled,60] - [f7cdaa73-f293-4230-adbf-14e565d8937a_config-0] Register server push request handler:com.alibaba.nacos.client.config.impl.ClientWorker$ConfigRpcTransportClient$$Lambda$330/1101598632
21:08:37.870 [main] INFO  c.a.n.c.r.client - [printIfInfoEnabled,60] - [f7cdaa73-f293-4230-adbf-14e565d8937a_config-0] Register server push request handler:com.alibaba.nacos.client.config.impl.ClientWorker$ConfigRpcTransportClient$$Lambda$331/1032568028
21:08:37.871 [main] INFO  c.a.n.c.r.client - [printIfInfoEnabled,60] - [f7cdaa73-f293-4230-adbf-14e565d8937a_config-0] Registry connection listener to current client:com.alibaba.nacos.client.config.impl.ClientWorker$ConfigRpcTransportClient$1
21:08:37.872 [main] INFO  c.a.n.c.r.client - [printIfInfoEnabled,60] - [f7cdaa73-f293-4230-adbf-14e565d8937a_config-0] RpcClient init, ServerListFactory = com.alibaba.nacos.client.config.impl.ClientWorker$ConfigRpcTransportClient$2
21:08:37.892 [main] INFO  c.a.n.c.r.client - [printIfInfoEnabled,60] - [f7cdaa73-f293-4230-adbf-14e565d8937a_config-0] Try to connect to server on start up, server: {serverIp = '127.0.0.1', server main port = 8848}
21:08:39.274 [main] INFO  c.a.n.c.r.client - [printIfInfoEnabled,60] - [f7cdaa73-f293-4230-adbf-14e565d8937a_config-0] Success to connect to server [127.0.0.1:8848] on start up, connectionId = 1678280919019_127.0.0.1_49327
21:08:39.275 [com.alibaba.nacos.client.remote.worker] INFO  c.a.n.c.r.client - [printIfInfoEnabled,60] - [f7cdaa73-f293-4230-adbf-14e565d8937a_config-0] Notify connected event to listeners.
21:08:39.276 [main] INFO  c.a.n.c.r.client - [printIfInfoEnabled,60] - [f7cdaa73-f293-4230-adbf-14e565d8937a_config-0] Register server push request handler:com.alibaba.nacos.common.remote.client.RpcClient$ConnectResetRequestHandler
21:08:39.288 [main] INFO  c.a.n.c.r.client - [printIfInfoEnabled,60] - [f7cdaa73-f293-4230-adbf-14e565d8937a_config-0] Register server push request handler:com.alibaba.nacos.common.remote.client.RpcClient$$Lambda$340/440472115
21:08:39.643 [main] INFO  c.c.g.SystemApplication - [logStartupProfileInfo,637] - The following 1 profile is active: "dev"
21:08:42.431 [main] INFO  o.a.c.h.Http11NioProtocol - [log,173] - Initializing ProtocolHandler ["http-nio-8081"]
21:08:42.432 [main] INFO  o.a.c.c.StandardService - [log,173] - Starting service [Tomcat]
21:08:42.433 [main] INFO  o.a.c.c.StandardEngine - [log,173] - Starting Servlet engine: [Apache Tomcat/9.0.70]
21:08:42.691 [main] INFO  o.a.c.c.C.[.[.[/] - [log,173] - Initializing Spring embedded WebApplicationContext
21:08:45.251 [main] INFO  c.a.n.c.r.client - [lambda$createClient$0,80] - [RpcClientFactory] create a new rpc client of dbb92f0b-b042-4323-b273-b1b459692037
21:08:45.252 [main] INFO  c.a.n.c.r.client - [printIfInfoEnabled,60] - [dbb92f0b-b042-4323-b273-b1b459692037] RpcClient init label, labels = {module=naming, source=sdk}
21:08:45.254 [main] INFO  c.a.n.c.r.client - [printIfInfoEnabled,60] - [dbb92f0b-b042-4323-b273-b1b459692037] RpcClient init, ServerListFactory = com.alibaba.nacos.client.naming.core.ServerListManager
21:08:45.255 [main] INFO  c.a.n.c.r.client - [printIfInfoEnabled,60] - [dbb92f0b-b042-4323-b273-b1b459692037] Registry connection listener to current client:com.alibaba.nacos.client.naming.remote.gprc.redo.NamingGrpcRedoService
21:08:45.255 [main] INFO  c.a.n.c.r.client - [printIfInfoEnabled,60] - [dbb92f0b-b042-4323-b273-b1b459692037] Register server push request handler:com.alibaba.nacos.client.naming.remote.gprc.NamingPushRequestHandler
21:08:45.256 [main] INFO  c.a.n.c.r.client - [printIfInfoEnabled,60] - [dbb92f0b-b042-4323-b273-b1b459692037] Try to connect to server on start up, server: {serverIp = '127.0.0.1', server main port = 8848}
21:08:45.373 [main] INFO  c.a.n.c.r.client - [printIfInfoEnabled,60] - [dbb92f0b-b042-4323-b273-b1b459692037] Success to connect to server [127.0.0.1:8848] on start up, connectionId = 1678280925264_127.0.0.1_49357
21:08:45.374 [com.alibaba.nacos.client.remote.worker] INFO  c.a.n.c.r.client - [printIfInfoEnabled,60] - [dbb92f0b-b042-4323-b273-b1b459692037] Notify connected event to listeners.
21:08:45.374 [main] INFO  c.a.n.c.r.client - [printIfInfoEnabled,60] - [dbb92f0b-b042-4323-b273-b1b459692037] Register server push request handler:com.alibaba.nacos.common.remote.client.RpcClient$ConnectResetRequestHandler
21:08:45.374 [main] INFO  c.a.n.c.r.client - [printIfInfoEnabled,60] - [dbb92f0b-b042-4323-b273-b1b459692037] Register server push request handler:com.alibaba.nacos.common.remote.client.RpcClient$$Lambda$340/440472115
21:08:45.434 [main] INFO  o.a.c.h.Http11NioProtocol - [log,173] - Starting ProtocolHandler ["http-nio-8081"]
21:08:45.459 [main] INFO  c.a.c.n.r.NacosServiceRegistry - [register,75] - nacos registry, DEFAULT_GROUP tops-dap-system 192.168.43.125:8081 register finished
21:08:45.608 [main] INFO  c.c.g.SystemApplication - [logStarted,61] - Started SystemApplication in 13.592 seconds (JVM running for 16.169)
21:08:45.623 [main] INFO  c.a.c.n.r.NacosContextRefresher - [registerNacosListener,129] - [Nacos Config] Listening config: dataId=tops-dap-system-dev.yml, group=DEFAULT_GROUP
21:08:45.623 [main] INFO  c.a.c.n.r.NacosContextRefresher - [registerNacosListener,129] - [Nacos Config] Listening config: dataId=tops-dap-system.yml, group=DEFAULT_GROUP
21:08:45.624 [main] INFO  c.a.c.n.r.NacosContextRefresher - [registerNacosListener,129] - [Nacos Config] Listening config: dataId=tops-dap-system, group=DEFAULT_GROUP
21:08:45.923 [nacos-grpc-client-executor-8] INFO  c.a.n.c.r.client - [printIfInfoEnabled,60] - [dbb92f0b-b042-4323-b273-b1b459692037] Receive server push request, request = NotifySubscriberRequest, requestId = 22
21:08:45.925 [nacos-grpc-client-executor-8] INFO  c.a.n.c.r.client - [printIfInfoEnabled,60] - [dbb92f0b-b042-4323-b273-b1b459692037] Ack server push request, request = NotifySubscriberRequest, requestId = 22
21:09:08.941 [http-nio-8081-exec-1] INFO  o.a.c.c.C.[.[.[/] - [log,173] - Initializing Spring DispatcherServlet 'dispatcherServlet'
21:11:25.882 [com.alibaba.nacos.client.remote.worker] INFO  c.a.n.c.r.client - [printIfInfoEnabled,60] - [dbb92f0b-b042-4323-b273-b1b459692037] Try to reconnect to a new server, server is  not appointed, will choose a random server.
21:11:25.882 [com.alibaba.nacos.client.remote.worker] INFO  c.a.n.c.r.client - [printIfInfoEnabled,60] - [f7cdaa73-f293-4230-adbf-14e565d8937a_config-0] Try to reconnect to a new server, server is  not appointed, will choose a random server.
21:11:26.019 [com.alibaba.nacos.client.remote.worker] INFO  c.a.n.c.r.client - [printIfInfoEnabled,60] - [f7cdaa73-f293-4230-adbf-14e565d8937a_config-0] Fail to connect server, after trying 1 times, last try server is {serverIp = '127.0.0.1', server main port = 8848}, error = unknown
21:11:26.020 [com.alibaba.nacos.client.remote.worker] INFO  c.a.n.c.r.client - [printIfInfoEnabled,60] - [dbb92f0b-b042-4323-b273-b1b459692037] Fail to connect server, after trying 1 times, last try server is {serverIp = '127.0.0.1', server main port = 8848}, error = unknown
21:11:26.236 [com.alibaba.nacos.client.remote.worker] INFO  c.a.n.c.r.client - [printIfInfoEnabled,60] - [dbb92f0b-b042-4323-b273-b1b459692037] Fail to connect server, after trying 2 times, last try server is {serverIp = '127.0.0.1', server main port = 8848}, error = unknown
21:11:26.239 [com.alibaba.nacos.client.remote.worker] INFO  c.a.n.c.r.client - [printIfInfoEnabled,60] - [f7cdaa73-f293-4230-adbf-14e565d8937a_config-0] Fail to connect server, after trying 2 times, last try server is {serverIp = '127.0.0.1', server main port = 8848}, error = unknown
21:11:26.545 [com.alibaba.nacos.client.remote.worker] INFO  c.a.n.c.r.client - [printIfInfoEnabled,60] - [dbb92f0b-b042-4323-b273-b1b459692037] Fail to connect server, after trying 3 times, last try server is {serverIp = '127.0.0.1', server main port = 8848}, error = unknown
21:11:26.550 [com.alibaba.nacos.client.remote.worker] INFO  c.a.n.c.r.client - [printIfInfoEnabled,60] - [f7cdaa73-f293-4230-adbf-14e565d8937a_config-0] Fail to connect server, after trying 3 times, last try server is {serverIp = '127.0.0.1', server main port = 8848}, error = unknown
21:11:26.953 [com.alibaba.nacos.client.remote.worker] INFO  c.a.n.c.r.client - [printIfInfoEnabled,60] - [dbb92f0b-b042-4323-b273-b1b459692037] Fail to connect server, after trying 4 times, last try server is {serverIp = '127.0.0.1', server main port = 8848}, error = unknown
21:11:26.959 [com.alibaba.nacos.client.remote.worker] INFO  c.a.n.c.r.client - [printIfInfoEnabled,60] - [f7cdaa73-f293-4230-adbf-14e565d8937a_config-0] Fail to connect server, after trying 4 times, last try server is {serverIp = '127.0.0.1', server main port = 8848}, error = unknown
21:11:27.462 [com.alibaba.nacos.client.remote.worker] INFO  c.a.n.c.r.client - [printIfInfoEnabled,60] - [dbb92f0b-b042-4323-b273-b1b459692037] Fail to connect server, after trying 5 times, last try server is {serverIp = '127.0.0.1', server main port = 8848}, error = unknown
21:11:27.466 [com.alibaba.nacos.client.remote.worker] INFO  c.a.n.c.r.client - [printIfInfoEnabled,60] - [f7cdaa73-f293-4230-adbf-14e565d8937a_config-0] Fail to connect server, after trying 5 times, last try server is {serverIp = '127.0.0.1', server main port = 8848}, error = unknown
21:11:28.078 [com.alibaba.nacos.client.remote.worker] INFO  c.a.n.c.r.client - [printIfInfoEnabled,60] - [dbb92f0b-b042-4323-b273-b1b459692037] Fail to connect server, after trying 6 times, last try server is {serverIp = '127.0.0.1', server main port = 8848}, error = unknown
21:11:28.078 [com.alibaba.nacos.client.remote.worker] INFO  c.a.n.c.r.client - [printIfInfoEnabled,60] - [f7cdaa73-f293-4230-adbf-14e565d8937a_config-0] Fail to connect server, after trying 6 times, last try server is {serverIp = '127.0.0.1', server main port = 8848}, error = unknown
21:11:28.787 [com.alibaba.nacos.client.remote.worker] INFO  c.a.n.c.r.client - [printIfInfoEnabled,60] - [f7cdaa73-f293-4230-adbf-14e565d8937a_config-0] Fail to connect server, after trying 7 times, last try server is {serverIp = '127.0.0.1', server main port = 8848}, error = unknown
21:11:28.787 [com.alibaba.nacos.client.remote.worker] INFO  c.a.n.c.r.client - [printIfInfoEnabled,60] - [dbb92f0b-b042-4323-b273-b1b459692037] Fail to connect server, after trying 7 times, last try server is {serverIp = '127.0.0.1', server main port = 8848}, error = unknown
21:11:29.598 [com.alibaba.nacos.client.remote.worker] INFO  c.a.n.c.r.client - [printIfInfoEnabled,60] - [dbb92f0b-b042-4323-b273-b1b459692037] Fail to connect server, after trying 8 times, last try server is {serverIp = '127.0.0.1', server main port = 8848}, error = unknown
21:11:29.598 [com.alibaba.nacos.client.remote.worker] INFO  c.a.n.c.r.client - [printIfInfoEnabled,60] - [f7cdaa73-f293-4230-adbf-14e565d8937a_config-0] Fail to connect server, after trying 8 times, last try server is {serverIp = '127.0.0.1', server main port = 8848}, error = unknown
21:11:30.508 [com.alibaba.nacos.client.remote.worker] INFO  c.a.n.c.r.client - [printIfInfoEnabled,60] - [f7cdaa73-f293-4230-adbf-14e565d8937a_config-0] Fail to connect server, after trying 9 times, last try server is {serverIp = '127.0.0.1', server main port = 8848}, error = unknown
21:11:30.508 [com.alibaba.nacos.client.remote.worker] INFO  c.a.n.c.r.client - [printIfInfoEnabled,60] - [dbb92f0b-b042-4323-b273-b1b459692037] Fail to connect server, after trying 9 times, last try server is {serverIp = '127.0.0.1', server main port = 8848}, error = unknown
21:11:31.516 [com.alibaba.nacos.client.remote.worker] INFO  c.a.n.c.r.client - [printIfInfoEnabled,60] - [f7cdaa73-f293-4230-adbf-14e565d8937a_config-0] Fail to connect server, after trying 10 times, last try server is {serverIp = '127.0.0.1', server main port = 8848}, error = unknown
21:11:31.516 [com.alibaba.nacos.client.remote.worker] INFO  c.a.n.c.r.client - [printIfInfoEnabled,60] - [dbb92f0b-b042-4323-b273-b1b459692037] Fail to connect server, after trying 10 times, last try server is {serverIp = '127.0.0.1', server main port = 8848}, error = unknown
21:11:32.625 [com.alibaba.nacos.client.remote.worker] INFO  c.a.n.c.r.client - [printIfInfoEnabled,60] - [f7cdaa73-f293-4230-adbf-14e565d8937a_config-0] Fail to connect server, after trying 11 times, last try server is {serverIp = '127.0.0.1', server main port = 8848}, error = unknown
21:11:32.625 [com.alibaba.nacos.client.remote.worker] INFO  c.a.n.c.r.client - [printIfInfoEnabled,60] - [dbb92f0b-b042-4323-b273-b1b459692037] Fail to connect server, after trying 11 times, last try server is {serverIp = '127.0.0.1', server main port = 8848}, error = unknown
21:11:33.834 [com.alibaba.nacos.client.remote.worker] INFO  c.a.n.c.r.client - [printIfInfoEnabled,60] - [dbb92f0b-b042-4323-b273-b1b459692037] Fail to connect server, after trying 12 times, last try server is {serverIp = '127.0.0.1', server main port = 8848}, error = unknown
21:11:33.835 [com.alibaba.nacos.client.remote.worker] INFO  c.a.n.c.r.client - [printIfInfoEnabled,60] - [f7cdaa73-f293-4230-adbf-14e565d8937a_config-0] Fail to connect server, after trying 12 times, last try server is {serverIp = '127.0.0.1', server main port = 8848}, error = unknown
21:11:35.242 [com.alibaba.nacos.client.remote.worker] INFO  c.a.n.c.r.client - [printIfInfoEnabled,60] - [f7cdaa73-f293-4230-adbf-14e565d8937a_config-0] Fail to connect server, after trying 13 times, last try server is {serverIp = '127.0.0.1', server main port = 8848}, error = unknown
21:11:35.246 [com.alibaba.nacos.client.remote.worker] INFO  c.a.n.c.r.client - [printIfInfoEnabled,60] - [dbb92f0b-b042-4323-b273-b1b459692037] Fail to connect server, after trying 13 times, last try server is {serverIp = '127.0.0.1', server main port = 8848}, error = unknown
21:11:36.654 [com.alibaba.nacos.client.remote.worker] INFO  c.a.n.c.r.client - [printIfInfoEnabled,60] - [f7cdaa73-f293-4230-adbf-14e565d8937a_config-0] Fail to connect server, after trying 14 times, last try server is {serverIp = '127.0.0.1', server main port = 8848}, error = unknown
21:11:36.655 [com.alibaba.nacos.client.remote.worker] INFO  c.a.n.c.r.client - [printIfInfoEnabled,60] - [dbb92f0b-b042-4323-b273-b1b459692037] Fail to connect server, after trying 14 times, last try server is {serverIp = '127.0.0.1', server main port = 8848}, error = unknown
21:11:38.162 [com.alibaba.nacos.client.remote.worker] INFO  c.a.n.c.r.client - [printIfInfoEnabled,60] - [dbb92f0b-b042-4323-b273-b1b459692037] Fail to connect server, after trying 15 times, last try server is {serverIp = '127.0.0.1', server main port = 8848}, error = unknown
21:11:38.162 [com.alibaba.nacos.client.remote.worker] INFO  c.a.n.c.r.client - [printIfInfoEnabled,60] - [f7cdaa73-f293-4230-adbf-14e565d8937a_config-0] Fail to connect server, after trying 15 times, last try server is {serverIp = '127.0.0.1', server main port = 8848}, error = unknown
21:11:39.778 [com.alibaba.nacos.client.remote.worker] INFO  c.a.n.c.r.client - [printIfInfoEnabled,60] - [dbb92f0b-b042-4323-b273-b1b459692037] Fail to connect server, after trying 16 times, last try server is {serverIp = '127.0.0.1', server main port = 8848}, error = unknown
21:11:39.779 [com.alibaba.nacos.client.remote.worker] INFO  c.a.n.c.r.client - [printIfInfoEnabled,60] - [f7cdaa73-f293-4230-adbf-14e565d8937a_config-0] Fail to connect server, after trying 16 times, last try server is {serverIp = '127.0.0.1', server main port = 8848}, error = unknown
21:11:41.491 [com.alibaba.nacos.client.remote.worker] INFO  c.a.n.c.r.client - [printIfInfoEnabled,60] - [f7cdaa73-f293-4230-adbf-14e565d8937a_config-0] Fail to connect server, after trying 17 times, last try server is {serverIp = '127.0.0.1', server main port = 8848}, error = unknown
21:11:41.491 [com.alibaba.nacos.client.remote.worker] INFO  c.a.n.c.r.client - [printIfInfoEnabled,60] - [dbb92f0b-b042-4323-b273-b1b459692037] Fail to connect server, after trying 17 times, last try server is {serverIp = '127.0.0.1', server main port = 8848}, error = unknown
21:11:43.307 [com.alibaba.nacos.client.remote.worker] INFO  c.a.n.c.r.client - [printIfInfoEnabled,60] - [f7cdaa73-f293-4230-adbf-14e565d8937a_config-0] Fail to connect server, after trying 18 times, last try server is {serverIp = '127.0.0.1', server main port = 8848}, error = unknown
21:11:43.307 [com.alibaba.nacos.client.remote.worker] INFO  c.a.n.c.r.client - [printIfInfoEnabled,60] - [dbb92f0b-b042-4323-b273-b1b459692037] Fail to connect server, after trying 18 times, last try server is {serverIp = '127.0.0.1', server main port = 8848}, error = unknown
21:11:45.220 [com.alibaba.nacos.client.remote.worker] INFO  c.a.n.c.r.client - [printIfInfoEnabled,60] - [dbb92f0b-b042-4323-b273-b1b459692037] Fail to connect server, after trying 19 times, last try server is {serverIp = '127.0.0.1', server main port = 8848}, error = unknown
21:11:45.221 [com.alibaba.nacos.client.remote.worker] INFO  c.a.n.c.r.client - [printIfInfoEnabled,60] - [f7cdaa73-f293-4230-adbf-14e565d8937a_config-0] Fail to connect server, after trying 19 times, last try server is {serverIp = '127.0.0.1', server main port = 8848}, error = unknown
21:11:47.228 [com.alibaba.nacos.client.remote.worker] INFO  c.a.n.c.r.client - [printIfInfoEnabled,60] - [dbb92f0b-b042-4323-b273-b1b459692037] Fail to connect server, after trying 20 times, last try server is {serverIp = '127.0.0.1', server main port = 8848}, error = unknown
21:11:47.229 [com.alibaba.nacos.client.remote.worker] INFO  c.a.n.c.r.client - [printIfInfoEnabled,60] - [f7cdaa73-f293-4230-adbf-14e565d8937a_config-0] Fail to connect server, after trying 20 times, last try server is {serverIp = '127.0.0.1', server main port = 8848}, error = unknown
21:11:49.344 [com.alibaba.nacos.client.remote.worker] INFO  c.a.n.c.r.client - [printIfInfoEnabled,60] - [dbb92f0b-b042-4323-b273-b1b459692037] Fail to connect server, after trying 21 times, last try server is {serverIp = '127.0.0.1', server main port = 8848}, error = unknown
21:11:49.345 [com.alibaba.nacos.client.remote.worker] INFO  c.a.n.c.r.client - [printIfInfoEnabled,60] - [f7cdaa73-f293-4230-adbf-14e565d8937a_config-0] Fail to connect server, after trying 21 times, last try server is {serverIp = '127.0.0.1', server main port = 8848}, error = unknown
21:11:51.551 [com.alibaba.nacos.client.remote.worker] INFO  c.a.n.c.r.client - [printIfInfoEnabled,60] - [f7cdaa73-f293-4230-adbf-14e565d8937a_config-0] Fail to connect server, after trying 22 times, last try server is {serverIp = '127.0.0.1', server main port = 8848}, error = unknown
21:11:51.552 [com.alibaba.nacos.client.remote.worker] INFO  c.a.n.c.r.client - [printIfInfoEnabled,60] - [dbb92f0b-b042-4323-b273-b1b459692037] Fail to connect server, after trying 22 times, last try server is {serverIp = '127.0.0.1', server main port = 8848}, error = unknown
21:11:53.623 [SpringApplicationShutdownHook] INFO  c.a.c.n.r.NacosServiceRegistry - [deregister,94] - De-registering from Nacos Server now...
21:11:53.872 [com.alibaba.nacos.client.remote.worker] INFO  c.a.n.c.r.client - [printIfInfoEnabled,60] - [dbb92f0b-b042-4323-b273-b1b459692037] Fail to connect server, after trying 23 times, last try server is {serverIp = '127.0.0.1', server main port = 8848}, error = unknown
21:11:53.872 [com.alibaba.nacos.client.remote.worker] INFO  c.a.n.c.r.client - [printIfInfoEnabled,60] - [f7cdaa73-f293-4230-adbf-14e565d8937a_config-0] Fail to connect server, after trying 23 times, last try server is {serverIp = '127.0.0.1', server main port = 8848}, error = unknown
21:11:53.931 [SpringApplicationShutdownHook] INFO  c.a.c.n.r.NacosServiceRegistry - [deregister,114] - De-registration finished.
21:11:54.240 [SpringApplicationShutdownHook] INFO  c.a.n.c.r.client - [shutdown,454] - Shutdown rpc client, set status to shutdown
21:11:54.241 [SpringApplicationShutdownHook] INFO  c.a.n.c.r.client - [shutdown,456] - Shutdown client event executor java.util.concurrent.ScheduledThreadPoolExecutor@4e1168df[Running, pool size = 2, active threads = 2, queued tasks = 0, completed tasks = 0]
21:11:54.241 [com.alibaba.nacos.client.remote.worker] INFO  c.a.n.c.r.client - [printIfInfoEnabled,60] - [dbb92f0b-b042-4323-b273-b1b459692037] Client is shutdown, stop reconnect to server
21:11:54.241 [SpringApplicationShutdownHook] INFO  c.a.n.c.r.client - [closeConnection,591] - Close current connection 1678280925264_127.0.0.1_49357
21:11:54.242 [SpringApplicationShutdownHook] INFO  c.a.n.c.r.c.g.GrpcClient - [shutdown,85] - Shutdown grpc executor java.util.concurrent.ThreadPoolExecutor@7d7e7091[Running, pool size = 10, active threads = 0, queued tasks = 0, completed tasks = 118]
