18:22:31.444 [main] INFO  c.a.n.c.r.client - [lambda$createClient$0,80] - [RpcClientFactory] create a new rpc client of 31faa25b-699a-4a3e-bc32-00c6cb68f9ef_config-0
18:22:31.480 [main] INFO  o.r.Reflections - [scan,232] - Reflections took 20 ms to scan 1 urls, producing 3 keys and 6 values 
18:22:31.500 [main] INFO  o.r.Reflections - [scan,232] - Reflections took 11 ms to scan 1 urls, producing 4 keys and 9 values 
18:22:31.514 [main] INFO  o.r.Reflections - [scan,232] - Reflections took 12 ms to scan 1 urls, producing 3 keys and 10 values 
18:22:31.603 [main] INFO  o.r.Reflections - [scan,232] - Reflections took 87 ms to scan 146 urls, producing 0 keys and 0 values 
18:22:31.610 [main] INFO  o.r.Reflections - [scan,232] - Reflections took 7 ms to scan 1 urls, producing 1 keys and 5 values 
18:22:31.619 [main] INFO  o.r.Reflections - [scan,232] - Reflections took 7 ms to scan 1 urls, producing 1 keys and 7 values 
18:22:31.627 [main] INFO  o.r.Reflections - [scan,232] - Reflections took 7 ms to scan 1 urls, producing 2 keys and 8 values 
18:22:31.700 [main] INFO  o.r.Reflections - [scan,232] - Reflections took 72 ms to scan 146 urls, producing 0 keys and 0 values 
18:22:31.701 [main] INFO  c.a.n.c.r.client - [printIfInfoEnabled,60] - [31faa25b-699a-4a3e-bc32-00c6cb68f9ef_config-0] RpcClient init label, labels = {module=config, Vipserver-Tag=null, source=sdk, Amory-Tag=null, Location-Tag=null, taskId=0, AppName=unknown}
18:22:31.701 [main] INFO  c.a.n.c.r.client - [printIfInfoEnabled,60] - [31faa25b-699a-4a3e-bc32-00c6cb68f9ef_config-0] Register server push request handler:com.alibaba.nacos.client.config.impl.ClientWorker$ConfigRpcTransportClient$$Lambda$320/1863100050
18:22:31.701 [main] INFO  c.a.n.c.r.client - [printIfInfoEnabled,60] - [31faa25b-699a-4a3e-bc32-00c6cb68f9ef_config-0] Register server push request handler:com.alibaba.nacos.client.config.impl.ClientWorker$ConfigRpcTransportClient$$Lambda$321/739264372
18:22:31.702 [main] INFO  c.a.n.c.r.client - [printIfInfoEnabled,60] - [31faa25b-699a-4a3e-bc32-00c6cb68f9ef_config-0] Registry connection listener to current client:com.alibaba.nacos.client.config.impl.ClientWorker$ConfigRpcTransportClient$1
18:22:31.702 [main] INFO  c.a.n.c.r.client - [printIfInfoEnabled,60] - [31faa25b-699a-4a3e-bc32-00c6cb68f9ef_config-0] RpcClient init, ServerListFactory = com.alibaba.nacos.client.config.impl.ClientWorker$ConfigRpcTransportClient$2
18:22:31.706 [main] INFO  c.a.n.c.r.client - [printIfInfoEnabled,60] - [31faa25b-699a-4a3e-bc32-00c6cb68f9ef_config-0] Try to connect to server on start up, server: {serverIp = '127.0.0.1', server main port = 8848}
18:22:32.814 [main] INFO  c.a.n.c.r.client - [printIfInfoEnabled,60] - [31faa25b-699a-4a3e-bc32-00c6cb68f9ef_config-0] Success to connect to server [127.0.0.1:8848] on start up, connectionId = 1678616552653_127.0.0.1_53897
18:22:32.816 [com.alibaba.nacos.client.remote.worker] INFO  c.a.n.c.r.client - [printIfInfoEnabled,60] - [31faa25b-699a-4a3e-bc32-00c6cb68f9ef_config-0] Notify connected event to listeners.
18:22:32.817 [main] INFO  c.a.n.c.r.client - [printIfInfoEnabled,60] - [31faa25b-699a-4a3e-bc32-00c6cb68f9ef_config-0] Register server push request handler:com.alibaba.nacos.common.remote.client.RpcClient$ConnectResetRequestHandler
18:22:32.818 [main] INFO  c.a.n.c.r.client - [printIfInfoEnabled,60] - [31faa25b-699a-4a3e-bc32-00c6cb68f9ef_config-0] Register server push request handler:com.alibaba.nacos.common.remote.client.RpcClient$$Lambda$330/435175610
18:22:32.857 [main] INFO  c.c.g.a.AdminApplication - [logStartupProfileInfo,651] - The following 1 profile is active: "dev"
18:22:33.624 [main] INFO  o.a.c.h.Http11NioProtocol - [log,173] - Initializing ProtocolHandler ["http-nio-9100"]
18:22:33.624 [main] INFO  o.a.c.c.StandardService - [log,173] - Starting service [Tomcat]
18:22:33.624 [main] INFO  o.a.c.c.StandardEngine - [log,173] - Starting Servlet engine: [Apache Tomcat/9.0.65]
18:22:33.706 [main] INFO  o.a.c.c.C.[.[.[/] - [log,173] - Initializing Spring embedded WebApplicationContext
18:22:33.817 [main] INFO  o.a.c.c.StandardService - [log,173] - Stopping service [Tomcat]
18:24:02.593 [main] INFO  c.a.n.c.r.client - [lambda$createClient$0,80] - [RpcClientFactory] create a new rpc client of ed608ca2-f8df-4a71-b40e-2dc53ced3233_config-0
18:24:02.620 [main] INFO  o.r.Reflections - [scan,232] - Reflections took 17 ms to scan 1 urls, producing 3 keys and 6 values 
18:24:02.639 [main] INFO  o.r.Reflections - [scan,232] - Reflections took 9 ms to scan 1 urls, producing 4 keys and 9 values 
18:24:02.649 [main] INFO  o.r.Reflections - [scan,232] - Reflections took 8 ms to scan 1 urls, producing 3 keys and 10 values 
18:24:02.726 [main] INFO  o.r.Reflections - [scan,232] - Reflections took 75 ms to scan 146 urls, producing 0 keys and 0 values 
18:24:02.736 [main] INFO  o.r.Reflections - [scan,232] - Reflections took 10 ms to scan 1 urls, producing 1 keys and 5 values 
18:24:02.744 [main] INFO  o.r.Reflections - [scan,232] - Reflections took 7 ms to scan 1 urls, producing 1 keys and 7 values 
18:24:02.752 [main] INFO  o.r.Reflections - [scan,232] - Reflections took 6 ms to scan 1 urls, producing 2 keys and 8 values 
18:24:02.818 [main] INFO  o.r.Reflections - [scan,232] - Reflections took 65 ms to scan 146 urls, producing 0 keys and 0 values 
18:24:02.819 [main] INFO  c.a.n.c.r.client - [printIfInfoEnabled,60] - [ed608ca2-f8df-4a71-b40e-2dc53ced3233_config-0] RpcClient init label, labels = {module=config, Vipserver-Tag=null, source=sdk, Amory-Tag=null, Location-Tag=null, taskId=0, AppName=unknown}
18:24:02.820 [main] INFO  c.a.n.c.r.client - [printIfInfoEnabled,60] - [ed608ca2-f8df-4a71-b40e-2dc53ced3233_config-0] Register server push request handler:com.alibaba.nacos.client.config.impl.ClientWorker$ConfigRpcTransportClient$$Lambda$320/1488946768
18:24:02.820 [main] INFO  c.a.n.c.r.client - [printIfInfoEnabled,60] - [ed608ca2-f8df-4a71-b40e-2dc53ced3233_config-0] Register server push request handler:com.alibaba.nacos.client.config.impl.ClientWorker$ConfigRpcTransportClient$$Lambda$321/1942356772
18:24:02.820 [main] INFO  c.a.n.c.r.client - [printIfInfoEnabled,60] - [ed608ca2-f8df-4a71-b40e-2dc53ced3233_config-0] Registry connection listener to current client:com.alibaba.nacos.client.config.impl.ClientWorker$ConfigRpcTransportClient$1
18:24:02.821 [main] INFO  c.a.n.c.r.client - [printIfInfoEnabled,60] - [ed608ca2-f8df-4a71-b40e-2dc53ced3233_config-0] RpcClient init, ServerListFactory = com.alibaba.nacos.client.config.impl.ClientWorker$ConfigRpcTransportClient$2
18:24:02.825 [main] INFO  c.a.n.c.r.client - [printIfInfoEnabled,60] - [ed608ca2-f8df-4a71-b40e-2dc53ced3233_config-0] Try to connect to server on start up, server: {serverIp = '127.0.0.1', server main port = 8848}
18:24:03.769 [main] INFO  c.a.n.c.r.client - [printIfInfoEnabled,60] - [ed608ca2-f8df-4a71-b40e-2dc53ced3233_config-0] Success to connect to server [127.0.0.1:8848] on start up, connectionId = 1678616643619_127.0.0.1_54122
18:24:03.769 [com.alibaba.nacos.client.remote.worker] INFO  c.a.n.c.r.client - [printIfInfoEnabled,60] - [ed608ca2-f8df-4a71-b40e-2dc53ced3233_config-0] Notify connected event to listeners.
18:24:03.770 [main] INFO  c.a.n.c.r.client - [printIfInfoEnabled,60] - [ed608ca2-f8df-4a71-b40e-2dc53ced3233_config-0] Register server push request handler:com.alibaba.nacos.common.remote.client.RpcClient$ConnectResetRequestHandler
18:24:03.770 [main] INFO  c.a.n.c.r.client - [printIfInfoEnabled,60] - [ed608ca2-f8df-4a71-b40e-2dc53ced3233_config-0] Register server push request handler:com.alibaba.nacos.common.remote.client.RpcClient$$Lambda$330/1101451553
18:24:03.804 [main] INFO  c.c.g.a.AdminApplication - [logStartupProfileInfo,651] - The following 1 profile is active: "dev"
18:24:04.517 [main] INFO  o.a.c.h.Http11NioProtocol - [log,173] - Initializing ProtocolHandler ["http-nio-9100"]
18:24:04.518 [main] INFO  o.a.c.c.StandardService - [log,173] - Starting service [Tomcat]
18:24:04.518 [main] INFO  o.a.c.c.StandardEngine - [log,173] - Starting Servlet engine: [Apache Tomcat/9.0.65]
18:24:04.602 [main] INFO  o.a.c.c.C.[.[.[/] - [log,173] - Initializing Spring embedded WebApplicationContext
18:24:04.691 [main] INFO  o.a.c.c.StandardService - [log,173] - Stopping service [Tomcat]
18:30:11.288 [main] INFO  c.a.n.c.r.client - [lambda$createClient$0,80] - [RpcClientFactory] create a new rpc client of 5c7d3f8f-cbf7-4b97-ac93-d40f094b1ebb_config-0
18:30:11.315 [main] INFO  o.r.Reflections - [scan,232] - Reflections took 17 ms to scan 1 urls, producing 3 keys and 6 values 
18:30:11.336 [main] INFO  o.r.Reflections - [scan,232] - Reflections took 9 ms to scan 1 urls, producing 4 keys and 9 values 
18:30:11.347 [main] INFO  o.r.Reflections - [scan,232] - Reflections took 8 ms to scan 1 urls, producing 3 keys and 10 values 
18:30:11.431 [main] INFO  o.r.Reflections - [scan,232] - Reflections took 81 ms to scan 146 urls, producing 0 keys and 0 values 
18:30:11.443 [main] INFO  o.r.Reflections - [scan,232] - Reflections took 12 ms to scan 1 urls, producing 1 keys and 5 values 
18:30:11.454 [main] INFO  o.r.Reflections - [scan,232] - Reflections took 8 ms to scan 1 urls, producing 1 keys and 7 values 
18:30:11.466 [main] INFO  o.r.Reflections - [scan,232] - Reflections took 10 ms to scan 1 urls, producing 2 keys and 8 values 
18:30:11.534 [main] INFO  o.r.Reflections - [scan,232] - Reflections took 66 ms to scan 146 urls, producing 0 keys and 0 values 
18:30:11.534 [main] INFO  c.a.n.c.r.client - [printIfInfoEnabled,60] - [5c7d3f8f-cbf7-4b97-ac93-d40f094b1ebb_config-0] RpcClient init label, labels = {module=config, Vipserver-Tag=null, source=sdk, Amory-Tag=null, Location-Tag=null, taskId=0, AppName=unknown}
18:30:11.534 [main] INFO  c.a.n.c.r.client - [printIfInfoEnabled,60] - [5c7d3f8f-cbf7-4b97-ac93-d40f094b1ebb_config-0] Register server push request handler:com.alibaba.nacos.client.config.impl.ClientWorker$ConfigRpcTransportClient$$Lambda$320/1482748887
18:30:11.534 [main] INFO  c.a.n.c.r.client - [printIfInfoEnabled,60] - [5c7d3f8f-cbf7-4b97-ac93-d40f094b1ebb_config-0] Register server push request handler:com.alibaba.nacos.client.config.impl.ClientWorker$ConfigRpcTransportClient$$Lambda$321/494894055
18:30:11.535 [main] INFO  c.a.n.c.r.client - [printIfInfoEnabled,60] - [5c7d3f8f-cbf7-4b97-ac93-d40f094b1ebb_config-0] Registry connection listener to current client:com.alibaba.nacos.client.config.impl.ClientWorker$ConfigRpcTransportClient$1
18:30:11.535 [main] INFO  c.a.n.c.r.client - [printIfInfoEnabled,60] - [5c7d3f8f-cbf7-4b97-ac93-d40f094b1ebb_config-0] RpcClient init, ServerListFactory = com.alibaba.nacos.client.config.impl.ClientWorker$ConfigRpcTransportClient$2
18:30:11.540 [main] INFO  c.a.n.c.r.client - [printIfInfoEnabled,60] - [5c7d3f8f-cbf7-4b97-ac93-d40f094b1ebb_config-0] Try to connect to server on start up, server: {serverIp = '127.0.0.1', server main port = 8848}
18:30:12.496 [main] INFO  c.a.n.c.r.client - [printIfInfoEnabled,60] - [5c7d3f8f-cbf7-4b97-ac93-d40f094b1ebb_config-0] Success to connect to server [127.0.0.1:8848] on start up, connectionId = 1678617012346_127.0.0.1_54646
18:30:12.497 [com.alibaba.nacos.client.remote.worker] INFO  c.a.n.c.r.client - [printIfInfoEnabled,60] - [5c7d3f8f-cbf7-4b97-ac93-d40f094b1ebb_config-0] Notify connected event to listeners.
18:30:12.497 [main] INFO  c.a.n.c.r.client - [printIfInfoEnabled,60] - [5c7d3f8f-cbf7-4b97-ac93-d40f094b1ebb_config-0] Register server push request handler:com.alibaba.nacos.common.remote.client.RpcClient$ConnectResetRequestHandler
18:30:12.497 [main] INFO  c.a.n.c.r.client - [printIfInfoEnabled,60] - [5c7d3f8f-cbf7-4b97-ac93-d40f094b1ebb_config-0] Register server push request handler:com.alibaba.nacos.common.remote.client.RpcClient$$Lambda$330/56510351
18:30:12.533 [main] INFO  c.c.g.a.AdminApplication - [logStartupProfileInfo,651] - The following 1 profile is active: "dev"
18:30:13.313 [main] INFO  o.a.c.h.Http11NioProtocol - [log,173] - Initializing ProtocolHandler ["http-nio-9100"]
18:30:13.313 [main] INFO  o.a.c.c.StandardService - [log,173] - Starting service [Tomcat]
18:30:13.313 [main] INFO  o.a.c.c.StandardEngine - [log,173] - Starting Servlet engine: [Apache Tomcat/9.0.65]
18:30:13.387 [main] INFO  o.a.c.c.C.[.[.[/] - [log,173] - Initializing Spring embedded WebApplicationContext
18:30:13.712 [main] INFO  c.a.c.s.SentinelWebMvcConfigurer - [addInterceptors,52] - [Sentinel Starter] register SentinelWebInterceptor with urlPatterns: [/**].
18:30:15.240 [main] INFO  c.a.n.c.r.client - [lambda$createClient$0,80] - [RpcClientFactory] create a new rpc client of 4607ad78-700b-4564-bbba-f1801f5895dd
18:30:15.241 [main] INFO  c.a.n.c.r.client - [printIfInfoEnabled,60] - [4607ad78-700b-4564-bbba-f1801f5895dd] RpcClient init label, labels = {module=naming, source=sdk}
18:30:15.242 [main] INFO  c.a.n.c.r.client - [printIfInfoEnabled,60] - [4607ad78-700b-4564-bbba-f1801f5895dd] RpcClient init, ServerListFactory = com.alibaba.nacos.client.naming.core.ServerListManager
18:30:15.242 [main] INFO  c.a.n.c.r.client - [printIfInfoEnabled,60] - [4607ad78-700b-4564-bbba-f1801f5895dd] Registry connection listener to current client:com.alibaba.nacos.client.naming.remote.gprc.redo.NamingGrpcRedoService
18:30:15.242 [main] INFO  c.a.n.c.r.client - [printIfInfoEnabled,60] - [4607ad78-700b-4564-bbba-f1801f5895dd] Register server push request handler:com.alibaba.nacos.client.naming.remote.gprc.NamingPushRequestHandler
18:30:15.243 [main] INFO  c.a.n.c.r.client - [printIfInfoEnabled,60] - [4607ad78-700b-4564-bbba-f1801f5895dd] Try to connect to server on start up, server: {serverIp = '127.0.0.1', server main port = 8848}
18:30:15.360 [main] INFO  c.a.n.c.r.client - [printIfInfoEnabled,60] - [4607ad78-700b-4564-bbba-f1801f5895dd] Success to connect to server [127.0.0.1:8848] on start up, connectionId = 1678617015247_127.0.0.1_54683
18:30:15.360 [main] INFO  c.a.n.c.r.client - [printIfInfoEnabled,60] - [4607ad78-700b-4564-bbba-f1801f5895dd] Register server push request handler:com.alibaba.nacos.common.remote.client.RpcClient$ConnectResetRequestHandler
18:30:15.360 [com.alibaba.nacos.client.remote.worker] INFO  c.a.n.c.r.client - [printIfInfoEnabled,60] - [4607ad78-700b-4564-bbba-f1801f5895dd] Notify connected event to listeners.
18:30:15.360 [main] INFO  c.a.n.c.r.client - [printIfInfoEnabled,60] - [4607ad78-700b-4564-bbba-f1801f5895dd] Register server push request handler:com.alibaba.nacos.common.remote.client.RpcClient$$Lambda$330/56510351
18:30:15.401 [main] INFO  o.a.c.h.Http11NioProtocol - [log,173] - Starting ProtocolHandler ["http-nio-9100"]
18:30:15.737 [main] INFO  c.a.c.n.r.NacosServiceRegistry - [register,75] - nacos registry, DEFAULT_GROUP tops-dap-admin 192.168.1.9:9100 register finished
18:30:15.837 [Nacos-Watch-Task-Scheduler-1] INFO  d.c.b.a.s.c.d.InstanceDiscoveryListener - [lambda$removeStaleInstances$4,138] - Instance '04a8f693560c' missing in DiscoveryClient services and will be removed.
18:30:15.926 [nacos-grpc-client-executor-18] INFO  c.a.n.c.r.client - [printIfInfoEnabled,60] - [4607ad78-700b-4564-bbba-f1801f5895dd] Receive server push request, request = NotifySubscriberRequest, requestId = 96
18:30:15.929 [nacos-grpc-client-executor-18] INFO  c.a.n.c.r.client - [printIfInfoEnabled,60] - [4607ad78-700b-4564-bbba-f1801f5895dd] Ack server push request, request = NotifySubscriberRequest, requestId = 96
18:30:15.933 [http-nio-9100-exec-2] INFO  o.a.c.c.C.[.[.[/] - [log,173] - Initializing Spring DispatcherServlet 'dispatcherServlet'
18:30:16.021 [nacos-grpc-client-executor-20] INFO  c.a.n.c.r.client - [printIfInfoEnabled,60] - [4607ad78-700b-4564-bbba-f1801f5895dd] Receive server push request, request = NotifySubscriberRequest, requestId = 97
18:30:16.023 [nacos-grpc-client-executor-20] INFO  c.a.n.c.r.client - [printIfInfoEnabled,60] - [4607ad78-700b-4564-bbba-f1801f5895dd] Ack server push request, request = NotifySubscriberRequest, requestId = 97
18:30:16.150 [main] INFO  c.c.g.a.AdminApplication - [logStarted,61] - Started AdminApplication in 5.92 seconds (JVM running for 6.653)
18:30:16.157 [main] INFO  c.a.c.n.r.NacosContextRefresher - [registerNacosListener,129] - [Nacos Config] Listening config: dataId=tops-dap-admin.properties, group=DEFAULT_GROUP
18:30:16.158 [main] INFO  c.a.c.n.r.NacosContextRefresher - [registerNacosListener,129] - [Nacos Config] Listening config: dataId=tops-dap-admin-dev.properties, group=DEFAULT_GROUP
18:30:16.158 [main] INFO  c.a.c.n.r.NacosContextRefresher - [registerNacosListener,129] - [Nacos Config] Listening config: dataId=tops-dap-admin, group=DEFAULT_GROUP
18:30:16.326 [nacos-grpc-client-executor-23] INFO  c.a.n.c.r.client - [printIfInfoEnabled,60] - [4607ad78-700b-4564-bbba-f1801f5895dd] Receive server push request, request = NotifySubscriberRequest, requestId = 98
18:30:16.327 [nacos-grpc-client-executor-23] INFO  c.a.n.c.r.client - [printIfInfoEnabled,60] - [4607ad78-700b-4564-bbba-f1801f5895dd] Ack server push request, request = NotifySubscriberRequest, requestId = 98
18:30:16.329 [nacos-grpc-client-executor-24] INFO  c.a.n.c.r.client - [printIfInfoEnabled,60] - [4607ad78-700b-4564-bbba-f1801f5895dd] Receive server push request, request = NotifySubscriberRequest, requestId = 99
18:30:16.329 [nacos-grpc-client-executor-24] INFO  c.a.n.c.r.client - [printIfInfoEnabled,60] - [4607ad78-700b-4564-bbba-f1801f5895dd] Ack server push request, request = NotifySubscriberRequest, requestId = 99
18:30:16.331 [nacos-grpc-client-executor-25] INFO  c.a.n.c.r.client - [printIfInfoEnabled,60] - [4607ad78-700b-4564-bbba-f1801f5895dd] Receive server push request, request = NotifySubscriberRequest, requestId = 100
18:30:16.331 [nacos-grpc-client-executor-25] INFO  c.a.n.c.r.client - [printIfInfoEnabled,60] - [4607ad78-700b-4564-bbba-f1801f5895dd] Ack server push request, request = NotifySubscriberRequest, requestId = 100
18:30:16.434 [nacos-grpc-client-executor-27] INFO  c.a.n.c.r.client - [printIfInfoEnabled,60] - [4607ad78-700b-4564-bbba-f1801f5895dd] Receive server push request, request = NotifySubscriberRequest, requestId = 101
18:30:16.436 [nacos-grpc-client-executor-27] INFO  c.a.n.c.r.client - [printIfInfoEnabled,60] - [4607ad78-700b-4564-bbba-f1801f5895dd] Ack server push request, request = NotifySubscriberRequest, requestId = 101
19:53:50.396 [nacos-grpc-client-executor-1712] INFO  c.a.n.c.r.client - [printIfInfoEnabled,60] - [4607ad78-700b-4564-bbba-f1801f5895dd] Receive server push request, request = NotifySubscriberRequest, requestId = 113
19:53:50.402 [nacos-grpc-client-executor-1712] INFO  c.a.n.c.r.client - [printIfInfoEnabled,60] - [4607ad78-700b-4564-bbba-f1801f5895dd] Ack server push request, request = NotifySubscriberRequest, requestId = 113
