23:18:33.412 [background-preinit] INFO  o.h.v.i.util.Version - [<clinit>,21] - HV000001: Hibernate Validator 6.2.5.Final
23:18:35.192 [main] INFO  c.a.n.c.r.client - [lambda$createClient$0,80] - [RpcClientFactory] create a new rpc client of 750f7649-b395-402d-977a-aba2c608cb6a_config-0
23:18:35.313 [main] INFO  o.r.Reflections - [scan,232] - Reflections took 69 ms to scan 1 urls, producing 3 keys and 6 values 
23:18:35.481 [main] INFO  o.r.Reflections - [scan,232] - Reflections took 44 ms to scan 1 urls, producing 4 keys and 9 values 
23:18:35.591 [main] INFO  o.r.Reflections - [scan,232] - Reflections took 104 ms to scan 1 urls, producing 3 keys and 10 values 
23:18:36.082 [main] INFO  o.r.Reflections - [scan,232] - Reflections took 477 ms to scan 191 urls, producing 0 keys and 0 values 
23:18:36.106 [main] INFO  o.r.Reflections - [scan,232] - Reflections took 23 ms to scan 1 urls, producing 1 keys and 5 values 
23:18:36.125 [main] INFO  o.r.Reflections - [scan,232] - Reflections took 16 ms to scan 1 urls, producing 1 keys and 7 values 
23:18:36.144 [main] INFO  o.r.Reflections - [scan,232] - Reflections took 16 ms to scan 1 urls, producing 2 keys and 8 values 
23:18:36.407 [main] INFO  o.r.Reflections - [scan,232] - Reflections took 260 ms to scan 191 urls, producing 0 keys and 0 values 
23:18:36.411 [main] INFO  c.a.n.c.r.client - [printIfInfoEnabled,60] - [750f7649-b395-402d-977a-aba2c608cb6a_config-0] RpcClient init label, labels = {module=config, Vipserver-Tag=null, source=sdk, Amory-Tag=null, Location-Tag=null, taskId=0, AppName=unknown}
23:18:36.412 [main] INFO  c.a.n.c.r.client - [printIfInfoEnabled,60] - [750f7649-b395-402d-977a-aba2c608cb6a_config-0] Register server push request handler:com.alibaba.nacos.client.config.impl.ClientWorker$ConfigRpcTransportClient$$Lambda$334/1663488386
23:18:36.413 [main] INFO  c.a.n.c.r.client - [printIfInfoEnabled,60] - [750f7649-b395-402d-977a-aba2c608cb6a_config-0] Register server push request handler:com.alibaba.nacos.client.config.impl.ClientWorker$ConfigRpcTransportClient$$Lambda$335/1380044647
23:18:36.416 [main] INFO  c.a.n.c.r.client - [printIfInfoEnabled,60] - [750f7649-b395-402d-977a-aba2c608cb6a_config-0] Registry connection listener to current client:com.alibaba.nacos.client.config.impl.ClientWorker$ConfigRpcTransportClient$1
23:18:36.418 [main] INFO  c.a.n.c.r.client - [printIfInfoEnabled,60] - [750f7649-b395-402d-977a-aba2c608cb6a_config-0] RpcClient init, ServerListFactory = com.alibaba.nacos.client.config.impl.ClientWorker$ConfigRpcTransportClient$2
23:18:36.437 [main] INFO  c.a.n.c.r.client - [printIfInfoEnabled,60] - [750f7649-b395-402d-977a-aba2c608cb6a_config-0] Try to connect to server on start up, server: {serverIp = '127.0.0.1', server main port = 8848}
23:18:37.495 [main] INFO  c.a.n.c.r.client - [printIfInfoEnabled,60] - [750f7649-b395-402d-977a-aba2c608cb6a_config-0] Success to connect to server [127.0.0.1:8848] on start up, connectionId = 1678375117212_127.0.0.1_63483
23:18:37.496 [com.alibaba.nacos.client.remote.worker] INFO  c.a.n.c.r.client - [printIfInfoEnabled,60] - [750f7649-b395-402d-977a-aba2c608cb6a_config-0] Notify connected event to listeners.
23:18:37.496 [main] INFO  c.a.n.c.r.client - [printIfInfoEnabled,60] - [750f7649-b395-402d-977a-aba2c608cb6a_config-0] Register server push request handler:com.alibaba.nacos.common.remote.client.RpcClient$ConnectResetRequestHandler
23:18:37.497 [main] INFO  c.a.n.c.r.client - [printIfInfoEnabled,60] - [750f7649-b395-402d-977a-aba2c608cb6a_config-0] Register server push request handler:com.alibaba.nacos.common.remote.client.RpcClient$$Lambda$344/1161382705
23:18:37.743 [main] INFO  c.c.g.FutureApplication - [logStartupProfileInfo,637] - The following 1 profile is active: "dev"
23:18:40.033 [main] INFO  o.a.c.h.Http11NioProtocol - [log,173] - Initializing ProtocolHandler ["http-nio-8080"]
23:18:40.034 [main] INFO  o.a.c.c.StandardService - [log,173] - Starting service [Tomcat]
23:18:40.034 [main] INFO  o.a.c.c.StandardEngine - [log,173] - Starting Servlet engine: [Apache Tomcat/9.0.70]
23:18:40.204 [main] INFO  o.a.c.c.C.[.[.[/] - [log,173] - Initializing Spring embedded WebApplicationContext
23:18:41.231 [main] INFO  s.d.s.w.WebMvcPropertySourcedRequestMappingHandlerMapping - [initHandlerMethods,69] - Mapped URL path [/v2/api-docs] onto method [springfox.documentation.swagger2.web.Swagger2ControllerWebMvc#getDocumentation(String, HttpServletRequest)]
23:18:41.850 [main] INFO  o.a.c.c.StandardService - [log,173] - Stopping service [Tomcat]
23:19:06.036 [background-preinit] INFO  o.h.v.i.util.Version - [<clinit>,21] - HV000001: Hibernate Validator 6.2.5.Final
23:19:06.712 [main] INFO  c.a.n.c.r.client - [lambda$createClient$0,80] - [RpcClientFactory] create a new rpc client of b52f5652-c746-4589-be51-e04e171127f8_config-0
23:19:06.761 [main] INFO  o.r.Reflections - [scan,232] - Reflections took 34 ms to scan 1 urls, producing 3 keys and 6 values 
23:19:06.805 [main] INFO  o.r.Reflections - [scan,232] - Reflections took 25 ms to scan 1 urls, producing 4 keys and 9 values 
23:19:06.829 [main] INFO  o.r.Reflections - [scan,232] - Reflections took 19 ms to scan 1 urls, producing 3 keys and 10 values 
23:19:07.026 [main] INFO  o.r.Reflections - [scan,232] - Reflections took 192 ms to scan 191 urls, producing 0 keys and 0 values 
23:19:07.036 [main] INFO  o.r.Reflections - [scan,232] - Reflections took 10 ms to scan 1 urls, producing 1 keys and 5 values 
23:19:07.050 [main] INFO  o.r.Reflections - [scan,232] - Reflections took 12 ms to scan 1 urls, producing 1 keys and 7 values 
23:19:07.070 [main] INFO  o.r.Reflections - [scan,232] - Reflections took 17 ms to scan 1 urls, producing 2 keys and 8 values 
23:19:07.203 [main] INFO  o.r.Reflections - [scan,232] - Reflections took 130 ms to scan 191 urls, producing 0 keys and 0 values 
23:19:07.204 [main] INFO  c.a.n.c.r.client - [printIfInfoEnabled,60] - [b52f5652-c746-4589-be51-e04e171127f8_config-0] RpcClient init label, labels = {module=config, Vipserver-Tag=null, source=sdk, Amory-Tag=null, Location-Tag=null, taskId=0, AppName=unknown}
23:19:07.205 [main] INFO  c.a.n.c.r.client - [printIfInfoEnabled,60] - [b52f5652-c746-4589-be51-e04e171127f8_config-0] Register server push request handler:com.alibaba.nacos.client.config.impl.ClientWorker$ConfigRpcTransportClient$$Lambda$334/577127077
23:19:07.205 [main] INFO  c.a.n.c.r.client - [printIfInfoEnabled,60] - [b52f5652-c746-4589-be51-e04e171127f8_config-0] Register server push request handler:com.alibaba.nacos.client.config.impl.ClientWorker$ConfigRpcTransportClient$$Lambda$335/2122357625
23:19:07.205 [main] INFO  c.a.n.c.r.client - [printIfInfoEnabled,60] - [b52f5652-c746-4589-be51-e04e171127f8_config-0] Registry connection listener to current client:com.alibaba.nacos.client.config.impl.ClientWorker$ConfigRpcTransportClient$1
23:19:07.206 [main] INFO  c.a.n.c.r.client - [printIfInfoEnabled,60] - [b52f5652-c746-4589-be51-e04e171127f8_config-0] RpcClient init, ServerListFactory = com.alibaba.nacos.client.config.impl.ClientWorker$ConfigRpcTransportClient$2
23:19:07.211 [main] INFO  c.a.n.c.r.client - [printIfInfoEnabled,60] - [b52f5652-c746-4589-be51-e04e171127f8_config-0] Try to connect to server on start up, server: {serverIp = '127.0.0.1', server main port = 8848}
23:19:07.942 [main] INFO  c.a.n.c.r.client - [printIfInfoEnabled,60] - [b52f5652-c746-4589-be51-e04e171127f8_config-0] Success to connect to server [127.0.0.1:8848] on start up, connectionId = 1678375147635_127.0.0.1_63569
23:19:07.943 [com.alibaba.nacos.client.remote.worker] INFO  c.a.n.c.r.client - [printIfInfoEnabled,60] - [b52f5652-c746-4589-be51-e04e171127f8_config-0] Notify connected event to listeners.
23:19:07.944 [main] INFO  c.a.n.c.r.client - [printIfInfoEnabled,60] - [b52f5652-c746-4589-be51-e04e171127f8_config-0] Register server push request handler:com.alibaba.nacos.common.remote.client.RpcClient$ConnectResetRequestHandler
23:19:07.945 [main] INFO  c.a.n.c.r.client - [printIfInfoEnabled,60] - [b52f5652-c746-4589-be51-e04e171127f8_config-0] Register server push request handler:com.alibaba.nacos.common.remote.client.RpcClient$$Lambda$344/1423752095
23:19:08.046 [main] INFO  c.c.g.FutureApplication - [logStartupProfileInfo,637] - The following 1 profile is active: "dev"
23:19:09.580 [main] INFO  o.a.c.h.Http11NioProtocol - [log,173] - Initializing ProtocolHandler ["http-nio-8080"]
23:19:09.581 [main] INFO  o.a.c.c.StandardService - [log,173] - Starting service [Tomcat]
23:19:09.581 [main] INFO  o.a.c.c.StandardEngine - [log,173] - Starting Servlet engine: [Apache Tomcat/9.0.70]
23:19:09.706 [main] INFO  o.a.c.c.C.[.[.[/] - [log,173] - Initializing Spring embedded WebApplicationContext
23:19:10.483 [main] INFO  s.d.s.w.WebMvcPropertySourcedRequestMappingHandlerMapping - [initHandlerMethods,69] - Mapped URL path [/v2/api-docs] onto method [springfox.documentation.swagger2.web.Swagger2ControllerWebMvc#getDocumentation(String, HttpServletRequest)]
23:19:11.731 [main] INFO  o.a.c.c.StandardService - [log,173] - Stopping service [Tomcat]
23:20:03.349 [background-preinit] INFO  o.h.v.i.util.Version - [<clinit>,21] - HV000001: Hibernate Validator 6.2.5.Final
23:20:04.326 [main] INFO  c.a.n.c.r.client - [lambda$createClient$0,80] - [RpcClientFactory] create a new rpc client of ff0f9582-6b51-4d6d-aec0-540012f32d69_config-0
23:20:04.404 [main] INFO  o.r.Reflections - [scan,232] - Reflections took 55 ms to scan 1 urls, producing 3 keys and 6 values 
23:20:04.430 [main] INFO  o.r.Reflections - [scan,232] - Reflections took 14 ms to scan 1 urls, producing 4 keys and 9 values 
23:20:04.445 [main] INFO  o.r.Reflections - [scan,232] - Reflections took 11 ms to scan 1 urls, producing 3 keys and 10 values 
23:20:04.811 [main] INFO  o.r.Reflections - [scan,232] - Reflections took 361 ms to scan 191 urls, producing 0 keys and 0 values 
23:20:04.822 [main] INFO  o.r.Reflections - [scan,232] - Reflections took 10 ms to scan 1 urls, producing 1 keys and 5 values 
23:20:04.839 [main] INFO  o.r.Reflections - [scan,232] - Reflections took 15 ms to scan 1 urls, producing 1 keys and 7 values 
23:20:04.859 [main] INFO  o.r.Reflections - [scan,232] - Reflections took 17 ms to scan 1 urls, producing 2 keys and 8 values 
23:20:05.069 [main] INFO  o.r.Reflections - [scan,232] - Reflections took 208 ms to scan 191 urls, producing 0 keys and 0 values 
23:20:05.070 [main] INFO  c.a.n.c.r.client - [printIfInfoEnabled,60] - [ff0f9582-6b51-4d6d-aec0-540012f32d69_config-0] RpcClient init label, labels = {module=config, Vipserver-Tag=null, source=sdk, Amory-Tag=null, Location-Tag=null, taskId=0, AppName=unknown}
23:20:05.071 [main] INFO  c.a.n.c.r.client - [printIfInfoEnabled,60] - [ff0f9582-6b51-4d6d-aec0-540012f32d69_config-0] Register server push request handler:com.alibaba.nacos.client.config.impl.ClientWorker$ConfigRpcTransportClient$$Lambda$334/1846982837
23:20:05.071 [main] INFO  c.a.n.c.r.client - [printIfInfoEnabled,60] - [ff0f9582-6b51-4d6d-aec0-540012f32d69_config-0] Register server push request handler:com.alibaba.nacos.client.config.impl.ClientWorker$ConfigRpcTransportClient$$Lambda$335/1135935001
23:20:05.072 [main] INFO  c.a.n.c.r.client - [printIfInfoEnabled,60] - [ff0f9582-6b51-4d6d-aec0-540012f32d69_config-0] Registry connection listener to current client:com.alibaba.nacos.client.config.impl.ClientWorker$ConfigRpcTransportClient$1
23:20:05.073 [main] INFO  c.a.n.c.r.client - [printIfInfoEnabled,60] - [ff0f9582-6b51-4d6d-aec0-540012f32d69_config-0] RpcClient init, ServerListFactory = com.alibaba.nacos.client.config.impl.ClientWorker$ConfigRpcTransportClient$2
23:20:05.078 [main] INFO  c.a.n.c.r.client - [printIfInfoEnabled,60] - [ff0f9582-6b51-4d6d-aec0-540012f32d69_config-0] Try to connect to server on start up, server: {serverIp = '127.0.0.1', server main port = 8848}
23:20:05.707 [main] INFO  c.a.n.c.r.client - [printIfInfoEnabled,60] - [ff0f9582-6b51-4d6d-aec0-540012f32d69_config-0] Success to connect to server [127.0.0.1:8848] on start up, connectionId = 1678375205432_127.0.0.1_63668
23:20:05.708 [main] INFO  c.a.n.c.r.client - [printIfInfoEnabled,60] - [ff0f9582-6b51-4d6d-aec0-540012f32d69_config-0] Register server push request handler:com.alibaba.nacos.common.remote.client.RpcClient$ConnectResetRequestHandler
23:20:05.708 [com.alibaba.nacos.client.remote.worker] INFO  c.a.n.c.r.client - [printIfInfoEnabled,60] - [ff0f9582-6b51-4d6d-aec0-540012f32d69_config-0] Notify connected event to listeners.
23:20:05.709 [main] INFO  c.a.n.c.r.client - [printIfInfoEnabled,60] - [ff0f9582-6b51-4d6d-aec0-540012f32d69_config-0] Register server push request handler:com.alibaba.nacos.common.remote.client.RpcClient$$Lambda$344/1299126654
23:20:05.800 [main] INFO  c.c.g.FutureApplication - [logStartupProfileInfo,637] - The following 1 profile is active: "dev"
23:20:07.412 [main] INFO  o.a.c.h.Http11NioProtocol - [log,173] - Initializing ProtocolHandler ["http-nio-8080"]
23:20:07.413 [main] INFO  o.a.c.c.StandardService - [log,173] - Starting service [Tomcat]
23:20:07.413 [main] INFO  o.a.c.c.StandardEngine - [log,173] - Starting Servlet engine: [Apache Tomcat/9.0.70]
23:20:07.549 [main] INFO  o.a.c.c.C.[.[.[/] - [log,173] - Initializing Spring embedded WebApplicationContext
23:20:08.216 [main] INFO  s.d.s.w.WebMvcPropertySourcedRequestMappingHandlerMapping - [initHandlerMethods,69] - Mapped URL path [/v2/api-docs] onto method [springfox.documentation.swagger2.web.Swagger2ControllerWebMvc#getDocumentation(String, HttpServletRequest)]
23:20:08.784 [main] INFO  c.a.n.c.r.client - [lambda$createClient$0,80] - [RpcClientFactory] create a new rpc client of 39fb73db-10f1-46f5-897c-58861b327373
23:20:08.785 [main] INFO  c.a.n.c.r.client - [printIfInfoEnabled,60] - [39fb73db-10f1-46f5-897c-58861b327373] RpcClient init label, labels = {module=naming, source=sdk}
23:20:08.941 [main] INFO  c.a.n.c.r.client - [printIfInfoEnabled,60] - [39fb73db-10f1-46f5-897c-58861b327373] RpcClient init, ServerListFactory = com.alibaba.nacos.client.naming.core.ServerListManager
23:20:08.941 [main] INFO  c.a.n.c.r.client - [printIfInfoEnabled,60] - [39fb73db-10f1-46f5-897c-58861b327373] Registry connection listener to current client:com.alibaba.nacos.client.naming.remote.gprc.redo.NamingGrpcRedoService
23:20:08.942 [main] INFO  c.a.n.c.r.client - [printIfInfoEnabled,60] - [39fb73db-10f1-46f5-897c-58861b327373] Register server push request handler:com.alibaba.nacos.client.naming.remote.gprc.NamingPushRequestHandler
23:20:08.942 [main] INFO  c.a.n.c.r.client - [printIfInfoEnabled,60] - [39fb73db-10f1-46f5-897c-58861b327373] Try to connect to server on start up, server: {serverIp = '127.0.0.1', server main port = 8848}
23:20:09.051 [main] INFO  c.a.n.c.r.client - [printIfInfoEnabled,60] - [39fb73db-10f1-46f5-897c-58861b327373] Success to connect to server [127.0.0.1:8848] on start up, connectionId = 1678375208947_127.0.0.1_63679
23:20:09.051 [main] INFO  c.a.n.c.r.client - [printIfInfoEnabled,60] - [39fb73db-10f1-46f5-897c-58861b327373] Register server push request handler:com.alibaba.nacos.common.remote.client.RpcClient$ConnectResetRequestHandler
23:20:09.051 [com.alibaba.nacos.client.remote.worker] INFO  c.a.n.c.r.client - [printIfInfoEnabled,60] - [39fb73db-10f1-46f5-897c-58861b327373] Notify connected event to listeners.
23:20:09.051 [main] INFO  c.a.n.c.r.client - [printIfInfoEnabled,60] - [39fb73db-10f1-46f5-897c-58861b327373] Register server push request handler:com.alibaba.nacos.common.remote.client.RpcClient$$Lambda$344/1299126654
23:20:09.095 [main] INFO  o.a.c.h.Http11NioProtocol - [log,173] - Starting ProtocolHandler ["http-nio-8080"]
23:20:09.664 [nacos-grpc-client-executor-7] INFO  c.a.n.c.r.client - [printIfInfoEnabled,60] - [39fb73db-10f1-46f5-897c-58861b327373] Receive server push request, request = NotifySubscriberRequest, requestId = 45
23:20:09.665 [nacos-grpc-client-executor-7] INFO  c.a.n.c.r.client - [printIfInfoEnabled,60] - [39fb73db-10f1-46f5-897c-58861b327373] Ack server push request, request = NotifySubscriberRequest, requestId = 45
23:20:09.715 [main] INFO  c.a.n.c.r.client - [shutdown,454] - Shutdown rpc client, set status to shutdown
23:20:09.715 [main] INFO  c.a.n.c.r.client - [shutdown,456] - Shutdown client event executor java.util.concurrent.ScheduledThreadPoolExecutor@702f4124[Running, pool size = 2, active threads = 2, queued tasks = 0, completed tasks = 0]
23:20:09.716 [main] INFO  c.a.n.c.r.client - [closeConnection,591] - Close current connection 1678375208947_127.0.0.1_63679
23:20:09.721 [nacos-grpc-client-executor-8] INFO  c.a.n.c.r.c.g.GrpcClient - [printIfInfoEnabled,60] - [1678375208947_127.0.0.1_63679]Ignore complete event,isRunning:false,isAbandon=false
23:20:09.728 [main] INFO  c.a.n.c.r.c.g.GrpcClient - [shutdown,85] - Shutdown grpc executor java.util.concurrent.ThreadPoolExecutor@6dc2279c[Running, pool size = 9, active threads = 0, queued tasks = 0, completed tasks = 9]
23:20:09.732 [main] INFO  c.a.n.c.r.client - [lambda$createClient$0,80] - [RpcClientFactory] create a new rpc client of f68c0a14-da53-48c2-a51d-3e73497f4fe7
23:20:09.732 [main] INFO  c.a.n.c.r.client - [printIfInfoEnabled,60] - [f68c0a14-da53-48c2-a51d-3e73497f4fe7] RpcClient init label, labels = {module=naming, source=sdk}
23:20:09.733 [main] INFO  c.a.n.c.r.client - [printIfInfoEnabled,60] - [f68c0a14-da53-48c2-a51d-3e73497f4fe7] RpcClient init, ServerListFactory = com.alibaba.nacos.client.naming.core.ServerListManager
23:20:09.733 [main] INFO  c.a.n.c.r.client - [printIfInfoEnabled,60] - [f68c0a14-da53-48c2-a51d-3e73497f4fe7] Registry connection listener to current client:com.alibaba.nacos.client.naming.remote.gprc.redo.NamingGrpcRedoService
23:20:09.734 [main] INFO  c.a.n.c.r.client - [printIfInfoEnabled,60] - [f68c0a14-da53-48c2-a51d-3e73497f4fe7] Register server push request handler:com.alibaba.nacos.client.naming.remote.gprc.NamingPushRequestHandler
23:20:09.734 [main] INFO  c.a.n.c.r.client - [printIfInfoEnabled,60] - [f68c0a14-da53-48c2-a51d-3e73497f4fe7] Try to connect to server on start up, server: {serverIp = '127.0.0.1', server main port = 8848}
23:20:09.844 [main] INFO  c.a.n.c.r.client - [printIfInfoEnabled,60] - [f68c0a14-da53-48c2-a51d-3e73497f4fe7] Success to connect to server [127.0.0.1:8848] on start up, connectionId = 1678375209739_127.0.0.1_63681
23:20:09.845 [main] INFO  c.a.n.c.r.client - [printIfInfoEnabled,60] - [f68c0a14-da53-48c2-a51d-3e73497f4fe7] Register server push request handler:com.alibaba.nacos.common.remote.client.RpcClient$ConnectResetRequestHandler
23:20:09.845 [com.alibaba.nacos.client.remote.worker] INFO  c.a.n.c.r.client - [printIfInfoEnabled,60] - [f68c0a14-da53-48c2-a51d-3e73497f4fe7] Notify connected event to listeners.
23:20:09.846 [main] INFO  c.a.n.c.r.client - [printIfInfoEnabled,60] - [f68c0a14-da53-48c2-a51d-3e73497f4fe7] Register server push request handler:com.alibaba.nacos.common.remote.client.RpcClient$$Lambda$344/1299126654
23:20:09.921 [main] INFO  o.a.c.h.Http11NioProtocol - [log,173] - Pausing ProtocolHandler ["http-nio-8080"]
23:20:09.921 [main] INFO  o.a.c.c.StandardService - [log,173] - Stopping service [Tomcat]
23:20:09.932 [main] INFO  o.a.c.h.Http11NioProtocol - [log,173] - Stopping ProtocolHandler ["http-nio-8080"]
23:20:09.935 [main] INFO  o.a.c.h.Http11NioProtocol - [log,173] - Destroying ProtocolHandler ["http-nio-8080"]
23:20:26.980 [background-preinit] INFO  o.h.v.i.util.Version - [<clinit>,21] - HV000001: Hibernate Validator 6.2.5.Final
23:20:27.712 [main] INFO  c.a.n.c.r.client - [lambda$createClient$0,80] - [RpcClientFactory] create a new rpc client of ebf41d03-1c01-4524-b8e0-87a325a4babc_config-0
23:20:27.758 [main] INFO  o.r.Reflections - [scan,232] - Reflections took 32 ms to scan 1 urls, producing 3 keys and 6 values 
23:20:27.808 [main] INFO  o.r.Reflections - [scan,232] - Reflections took 32 ms to scan 1 urls, producing 4 keys and 9 values 
23:20:27.838 [main] INFO  o.r.Reflections - [scan,232] - Reflections took 27 ms to scan 1 urls, producing 3 keys and 10 values 
23:20:28.006 [main] INFO  o.r.Reflections - [scan,232] - Reflections took 164 ms to scan 191 urls, producing 0 keys and 0 values 
23:20:28.022 [main] INFO  o.r.Reflections - [scan,232] - Reflections took 16 ms to scan 1 urls, producing 1 keys and 5 values 
23:20:28.035 [main] INFO  o.r.Reflections - [scan,232] - Reflections took 11 ms to scan 1 urls, producing 1 keys and 7 values 
23:20:28.050 [main] INFO  o.r.Reflections - [scan,232] - Reflections took 13 ms to scan 1 urls, producing 2 keys and 8 values 
23:20:28.170 [main] INFO  o.r.Reflections - [scan,232] - Reflections took 117 ms to scan 191 urls, producing 0 keys and 0 values 
23:20:28.171 [main] INFO  c.a.n.c.r.client - [printIfInfoEnabled,60] - [ebf41d03-1c01-4524-b8e0-87a325a4babc_config-0] RpcClient init label, labels = {module=config, Vipserver-Tag=null, source=sdk, Amory-Tag=null, Location-Tag=null, taskId=0, AppName=unknown}
23:20:28.171 [main] INFO  c.a.n.c.r.client - [printIfInfoEnabled,60] - [ebf41d03-1c01-4524-b8e0-87a325a4babc_config-0] Register server push request handler:com.alibaba.nacos.client.config.impl.ClientWorker$ConfigRpcTransportClient$$Lambda$334/1135935001
23:20:28.172 [main] INFO  c.a.n.c.r.client - [printIfInfoEnabled,60] - [ebf41d03-1c01-4524-b8e0-87a325a4babc_config-0] Register server push request handler:com.alibaba.nacos.client.config.impl.ClientWorker$ConfigRpcTransportClient$$Lambda$335/635288507
23:20:28.172 [main] INFO  c.a.n.c.r.client - [printIfInfoEnabled,60] - [ebf41d03-1c01-4524-b8e0-87a325a4babc_config-0] Registry connection listener to current client:com.alibaba.nacos.client.config.impl.ClientWorker$ConfigRpcTransportClient$1
23:20:28.173 [main] INFO  c.a.n.c.r.client - [printIfInfoEnabled,60] - [ebf41d03-1c01-4524-b8e0-87a325a4babc_config-0] RpcClient init, ServerListFactory = com.alibaba.nacos.client.config.impl.ClientWorker$ConfigRpcTransportClient$2
23:20:28.183 [main] INFO  c.a.n.c.r.client - [printIfInfoEnabled,60] - [ebf41d03-1c01-4524-b8e0-87a325a4babc_config-0] Try to connect to server on start up, server: {serverIp = '127.0.0.1', server main port = 8848}
23:20:28.880 [main] INFO  c.a.n.c.r.client - [printIfInfoEnabled,60] - [ebf41d03-1c01-4524-b8e0-87a325a4babc_config-0] Success to connect to server [127.0.0.1:8848] on start up, connectionId = 1678375228632_127.0.0.1_63715
23:20:28.881 [com.alibaba.nacos.client.remote.worker] INFO  c.a.n.c.r.client - [printIfInfoEnabled,60] - [ebf41d03-1c01-4524-b8e0-87a325a4babc_config-0] Notify connected event to listeners.
23:20:28.882 [main] INFO  c.a.n.c.r.client - [printIfInfoEnabled,60] - [ebf41d03-1c01-4524-b8e0-87a325a4babc_config-0] Register server push request handler:com.alibaba.nacos.common.remote.client.RpcClient$ConnectResetRequestHandler
23:20:28.883 [main] INFO  c.a.n.c.r.client - [printIfInfoEnabled,60] - [ebf41d03-1c01-4524-b8e0-87a325a4babc_config-0] Register server push request handler:com.alibaba.nacos.common.remote.client.RpcClient$$Lambda$344/116356643
23:20:28.991 [main] INFO  c.c.g.FutureApplication - [logStartupProfileInfo,637] - The following 1 profile is active: "dev"
23:20:30.521 [main] INFO  o.a.c.h.Http11NioProtocol - [log,173] - Initializing ProtocolHandler ["http-nio-8085"]
23:20:30.521 [main] INFO  o.a.c.c.StandardService - [log,173] - Starting service [Tomcat]
23:20:30.522 [main] INFO  o.a.c.c.StandardEngine - [log,173] - Starting Servlet engine: [Apache Tomcat/9.0.70]
23:20:30.638 [main] INFO  o.a.c.c.C.[.[.[/] - [log,173] - Initializing Spring embedded WebApplicationContext
23:20:31.192 [main] INFO  s.d.s.w.WebMvcPropertySourcedRequestMappingHandlerMapping - [initHandlerMethods,69] - Mapped URL path [/v2/api-docs] onto method [springfox.documentation.swagger2.web.Swagger2ControllerWebMvc#getDocumentation(String, HttpServletRequest)]
23:20:31.736 [main] INFO  c.a.n.c.r.client - [lambda$createClient$0,80] - [RpcClientFactory] create a new rpc client of 0e23af49-52fa-4268-9cc5-fa3551cd3e76
23:20:31.737 [main] INFO  c.a.n.c.r.client - [printIfInfoEnabled,60] - [0e23af49-52fa-4268-9cc5-fa3551cd3e76] RpcClient init label, labels = {module=naming, source=sdk}
23:20:31.738 [main] INFO  c.a.n.c.r.client - [printIfInfoEnabled,60] - [0e23af49-52fa-4268-9cc5-fa3551cd3e76] RpcClient init, ServerListFactory = com.alibaba.nacos.client.naming.core.ServerListManager
23:20:31.738 [main] INFO  c.a.n.c.r.client - [printIfInfoEnabled,60] - [0e23af49-52fa-4268-9cc5-fa3551cd3e76] Registry connection listener to current client:com.alibaba.nacos.client.naming.remote.gprc.redo.NamingGrpcRedoService
23:20:31.739 [main] INFO  c.a.n.c.r.client - [printIfInfoEnabled,60] - [0e23af49-52fa-4268-9cc5-fa3551cd3e76] Register server push request handler:com.alibaba.nacos.client.naming.remote.gprc.NamingPushRequestHandler
23:20:31.739 [main] INFO  c.a.n.c.r.client - [printIfInfoEnabled,60] - [0e23af49-52fa-4268-9cc5-fa3551cd3e76] Try to connect to server on start up, server: {serverIp = '127.0.0.1', server main port = 8848}
23:20:31.848 [main] INFO  c.a.n.c.r.client - [printIfInfoEnabled,60] - [0e23af49-52fa-4268-9cc5-fa3551cd3e76] Success to connect to server [127.0.0.1:8848] on start up, connectionId = 1678375231744_127.0.0.1_63721
23:20:31.849 [main] INFO  c.a.n.c.r.client - [printIfInfoEnabled,60] - [0e23af49-52fa-4268-9cc5-fa3551cd3e76] Register server push request handler:com.alibaba.nacos.common.remote.client.RpcClient$ConnectResetRequestHandler
23:20:31.849 [com.alibaba.nacos.client.remote.worker] INFO  c.a.n.c.r.client - [printIfInfoEnabled,60] - [0e23af49-52fa-4268-9cc5-fa3551cd3e76] Notify connected event to listeners.
23:20:31.849 [main] INFO  c.a.n.c.r.client - [printIfInfoEnabled,60] - [0e23af49-52fa-4268-9cc5-fa3551cd3e76] Register server push request handler:com.alibaba.nacos.common.remote.client.RpcClient$$Lambda$344/116356643
23:20:32.091 [main] INFO  o.a.c.h.Http11NioProtocol - [log,173] - Starting ProtocolHandler ["http-nio-8085"]
23:20:32.135 [main] INFO  c.a.c.n.r.NacosServiceRegistry - [register,75] - nacos registry, DEFAULT_GROUP tops-dap-future 192.168.1.13:8085 register finished
23:20:32.138 [main] INFO  s.d.s.w.p.DocumentationPluginsBootstrapper - [start,93] - Documentation plugins bootstrapped
23:20:32.141 [main] INFO  s.d.s.w.p.DocumentationPluginsBootstrapper - [bootstrapDocumentationPlugins,79] - Found 1 custom documentation plugin(s)
23:20:32.159 [main] INFO  s.d.s.w.s.ApiListingReferenceScanner - [scan,44] - Scanning for api listing references
23:20:32.223 [main] INFO  c.c.g.FutureApplication - [logStarted,61] - Started FutureApplication in 6.208 seconds (JVM running for 7.094)
23:20:32.227 [main] INFO  c.a.c.n.r.NacosContextRefresher - [registerNacosListener,129] - [Nacos Config] Listening config: dataId=tops-dap-future.yml, group=DEFAULT_GROUP
23:20:32.228 [main] INFO  c.a.c.n.r.NacosContextRefresher - [registerNacosListener,129] - [Nacos Config] Listening config: dataId=tops-dap-future, group=DEFAULT_GROUP
23:20:32.228 [main] INFO  c.a.c.n.r.NacosContextRefresher - [registerNacosListener,129] - [Nacos Config] Listening config: dataId=tops-dap-future-dev.yml, group=DEFAULT_GROUP
23:20:32.656 [nacos-grpc-client-executor-10] INFO  c.a.n.c.r.client - [printIfInfoEnabled,60] - [0e23af49-52fa-4268-9cc5-fa3551cd3e76] Receive server push request, request = NotifySubscriberRequest, requestId = 46
23:20:32.659 [nacos-grpc-client-executor-10] INFO  c.a.n.c.r.client - [printIfInfoEnabled,60] - [0e23af49-52fa-4268-9cc5-fa3551cd3e76] Ack server push request, request = NotifySubscriberRequest, requestId = 46
23:21:39.479 [http-nio-8085-exec-1] INFO  o.a.c.c.C.[.[.[/] - [log,173] - Initializing Spring DispatcherServlet 'dispatcherServlet'
23:22:19.966 [SpringApplicationShutdownHook] INFO  c.a.c.n.r.NacosServiceRegistry - [deregister,94] - De-registering from Nacos Server now...
23:22:19.972 [SpringApplicationShutdownHook] INFO  c.a.c.n.r.NacosServiceRegistry - [deregister,114] - De-registration finished.
23:22:20.286 [SpringApplicationShutdownHook] INFO  c.a.n.c.r.client - [shutdown,454] - Shutdown rpc client, set status to shutdown
23:22:20.286 [SpringApplicationShutdownHook] INFO  c.a.n.c.r.client - [shutdown,456] - Shutdown client event executor java.util.concurrent.ScheduledThreadPoolExecutor@1fddc684[Running, pool size = 2, active threads = 2, queued tasks = 0, completed tasks = 0]
23:22:20.287 [SpringApplicationShutdownHook] INFO  c.a.n.c.r.client - [closeConnection,591] - Close current connection 1678375231744_127.0.0.1_63721
23:22:20.289 [nacos-grpc-client-executor-58] INFO  c.a.n.c.r.c.g.GrpcClient - [printIfInfoEnabled,60] - [1678375231744_127.0.0.1_63721]Ignore complete event,isRunning:false,isAbandon=false
23:22:20.295 [SpringApplicationShutdownHook] INFO  c.a.n.c.r.c.g.GrpcClient - [shutdown,85] - Shutdown grpc executor java.util.concurrent.ThreadPoolExecutor@6645cd81[Running, pool size = 10, active threads = 0, queued tasks = 0, completed tasks = 59]
