15:15:37.302 [background-preinit] INFO  o.h.v.i.util.Version - [<clinit>,21] - HV000001: Hibernate Validator 6.2.5.Final
15:15:37.830 [main] INFO  c.a.n.c.r.client - [lambda$createClient$0,80] - [RpcClientFactory] create a new rpc client of 50a192a6-0f1d-4609-87ef-293491b681fa_config-0
15:15:37.857 [main] INFO  o.r.Reflections - [scan,232] - Reflections took 17 ms to scan 1 urls, producing 3 keys and 6 values 
15:15:37.874 [main] INFO  o.r.Reflections - [scan,232] - Reflections took 10 ms to scan 1 urls, producing 4 keys and 9 values 
15:15:37.886 [main] INFO  o.r.Reflections - [scan,232] - Reflections took 9 ms to scan 1 urls, producing 3 keys and 10 values 
15:15:38.001 [main] INFO  o.r.Reflections - [scan,232] - Reflections took 112 ms to scan 186 urls, producing 0 keys and 0 values 
15:15:38.010 [main] INFO  o.r.Reflections - [scan,232] - Reflections took 7 ms to scan 1 urls, producing 1 keys and 5 values 
15:15:38.019 [main] INFO  o.r.Reflections - [scan,232] - Reflections took 8 ms to scan 1 urls, producing 1 keys and 7 values 
15:15:38.028 [main] INFO  o.r.Reflections - [scan,232] - Reflections took 6 ms to scan 1 urls, producing 2 keys and 8 values 
15:15:38.122 [main] INFO  o.r.Reflections - [scan,232] - Reflections took 93 ms to scan 186 urls, producing 0 keys and 0 values 
15:15:38.123 [main] INFO  c.a.n.c.r.client - [printIfInfoEnabled,60] - [50a192a6-0f1d-4609-87ef-293491b681fa_config-0] RpcClient init label, labels = {module=config, Vipserver-Tag=null, source=sdk, Amory-Tag=null, Location-Tag=null, taskId=0, AppName=unknown}
15:15:38.123 [main] INFO  c.a.n.c.r.client - [printIfInfoEnabled,60] - [50a192a6-0f1d-4609-87ef-293491b681fa_config-0] Register server push request handler:com.alibaba.nacos.client.config.impl.ClientWorker$ConfigRpcTransportClient$$Lambda$334/198098993
15:15:38.124 [main] INFO  c.a.n.c.r.client - [printIfInfoEnabled,60] - [50a192a6-0f1d-4609-87ef-293491b681fa_config-0] Register server push request handler:com.alibaba.nacos.client.config.impl.ClientWorker$ConfigRpcTransportClient$$Lambda$335/553672556
15:15:38.124 [main] INFO  c.a.n.c.r.client - [printIfInfoEnabled,60] - [50a192a6-0f1d-4609-87ef-293491b681fa_config-0] Registry connection listener to current client:com.alibaba.nacos.client.config.impl.ClientWorker$ConfigRpcTransportClient$1
15:15:38.124 [main] INFO  c.a.n.c.r.client - [printIfInfoEnabled,60] - [50a192a6-0f1d-4609-87ef-293491b681fa_config-0] RpcClient init, ServerListFactory = com.alibaba.nacos.client.config.impl.ClientWorker$ConfigRpcTransportClient$2
15:15:38.128 [main] INFO  c.a.n.c.r.client - [printIfInfoEnabled,60] - [50a192a6-0f1d-4609-87ef-293491b681fa_config-0] Try to connect to server on start up, server: {serverIp = '127.0.0.1', server main port = 8848}
15:15:39.146 [main] INFO  c.a.n.c.r.client - [printIfInfoEnabled,60] - [50a192a6-0f1d-4609-87ef-293491b681fa_config-0] Success to connect to server [127.0.0.1:8848] on start up, connectionId = 1678605338941_127.0.0.1_53190
15:15:39.148 [com.alibaba.nacos.client.remote.worker] INFO  c.a.n.c.r.client - [printIfInfoEnabled,60] - [50a192a6-0f1d-4609-87ef-293491b681fa_config-0] Notify connected event to listeners.
15:15:39.148 [main] INFO  c.a.n.c.r.client - [printIfInfoEnabled,60] - [50a192a6-0f1d-4609-87ef-293491b681fa_config-0] Register server push request handler:com.alibaba.nacos.common.remote.client.RpcClient$ConnectResetRequestHandler
15:15:39.149 [main] INFO  c.a.n.c.r.client - [printIfInfoEnabled,60] - [50a192a6-0f1d-4609-87ef-293491b681fa_config-0] Register server push request handler:com.alibaba.nacos.common.remote.client.RpcClient$$Lambda$344/1877240674
15:15:39.200 [main] INFO  c.c.g.FutureApplication - [logStartupProfileInfo,637] - The following 1 profile is active: "dev"
15:15:40.106 [main] INFO  o.a.c.h.Http11NioProtocol - [log,173] - Initializing ProtocolHandler ["http-nio-8085"]
15:15:40.107 [main] INFO  o.a.c.c.StandardService - [log,173] - Starting service [Tomcat]
15:15:40.107 [main] INFO  o.a.c.c.StandardEngine - [log,173] - Starting Servlet engine: [Apache Tomcat/9.0.71]
15:15:40.193 [main] INFO  o.a.c.c.C.[.[.[/] - [log,173] - Initializing Spring embedded WebApplicationContext
15:15:41.581 [main] INFO  c.a.n.c.r.client - [lambda$createClient$0,80] - [RpcClientFactory] create a new rpc client of 9c908d0d-1c7d-4b45-8dc3-673243511917
15:15:41.581 [main] INFO  c.a.n.c.r.client - [printIfInfoEnabled,60] - [9c908d0d-1c7d-4b45-8dc3-673243511917] RpcClient init label, labels = {module=naming, source=sdk}
15:15:41.582 [main] INFO  c.a.n.c.r.client - [printIfInfoEnabled,60] - [9c908d0d-1c7d-4b45-8dc3-673243511917] RpcClient init, ServerListFactory = com.alibaba.nacos.client.naming.core.ServerListManager
15:15:41.582 [main] INFO  c.a.n.c.r.client - [printIfInfoEnabled,60] - [9c908d0d-1c7d-4b45-8dc3-673243511917] Registry connection listener to current client:com.alibaba.nacos.client.naming.remote.gprc.redo.NamingGrpcRedoService
15:15:41.582 [main] INFO  c.a.n.c.r.client - [printIfInfoEnabled,60] - [9c908d0d-1c7d-4b45-8dc3-673243511917] Register server push request handler:com.alibaba.nacos.client.naming.remote.gprc.NamingPushRequestHandler
15:15:41.582 [main] INFO  c.a.n.c.r.client - [printIfInfoEnabled,60] - [9c908d0d-1c7d-4b45-8dc3-673243511917] Try to connect to server on start up, server: {serverIp = '127.0.0.1', server main port = 8848}
15:15:41.700 [main] INFO  c.a.n.c.r.client - [printIfInfoEnabled,60] - [9c908d0d-1c7d-4b45-8dc3-673243511917] Success to connect to server [127.0.0.1:8848] on start up, connectionId = 1678605341585_127.0.0.1_53194
15:15:41.700 [main] INFO  c.a.n.c.r.client - [printIfInfoEnabled,60] - [9c908d0d-1c7d-4b45-8dc3-673243511917] Register server push request handler:com.alibaba.nacos.common.remote.client.RpcClient$ConnectResetRequestHandler
15:15:41.701 [com.alibaba.nacos.client.remote.worker] INFO  c.a.n.c.r.client - [printIfInfoEnabled,60] - [9c908d0d-1c7d-4b45-8dc3-673243511917] Notify connected event to listeners.
15:15:41.701 [main] INFO  c.a.n.c.r.client - [printIfInfoEnabled,60] - [9c908d0d-1c7d-4b45-8dc3-673243511917] Register server push request handler:com.alibaba.nacos.common.remote.client.RpcClient$$Lambda$344/1877240674
15:15:41.728 [main] INFO  o.a.c.h.Http11NioProtocol - [log,173] - Starting ProtocolHandler ["http-nio-8085"]
15:15:41.740 [main] INFO  c.a.c.n.r.NacosServiceRegistry - [register,75] - nacos registry, DEFAULT_GROUP tops-dap-future 192.168.1.9:8085 register finished
15:15:42.044 [main] INFO  c.c.g.FutureApplication - [logStarted,61] - Started FutureApplication in 5.401 seconds (JVM running for 6.212)
15:15:42.047 [main] INFO  c.a.c.n.r.NacosContextRefresher - [registerNacosListener,129] - [Nacos Config] Listening config: dataId=tops-dap-future.yml, group=DEFAULT_GROUP
15:15:42.047 [main] INFO  c.a.c.n.r.NacosContextRefresher - [registerNacosListener,129] - [Nacos Config] Listening config: dataId=tops-dap-future, group=DEFAULT_GROUP
15:15:42.047 [main] INFO  c.a.c.n.r.NacosContextRefresher - [registerNacosListener,129] - [Nacos Config] Listening config: dataId=tops-dap-future-dev.yml, group=DEFAULT_GROUP
15:15:42.294 [nacos-grpc-client-executor-7] INFO  c.a.n.c.r.client - [printIfInfoEnabled,60] - [9c908d0d-1c7d-4b45-8dc3-673243511917] Receive server push request, request = NotifySubscriberRequest, requestId = 32
15:15:42.297 [nacos-grpc-client-executor-7] INFO  c.a.n.c.r.client - [printIfInfoEnabled,60] - [9c908d0d-1c7d-4b45-8dc3-673243511917] Ack server push request, request = NotifySubscriberRequest, requestId = 32
15:16:44.193 [http-nio-8085-exec-1] INFO  o.a.c.c.C.[.[.[/] - [log,173] - Initializing Spring DispatcherServlet 'dispatcherServlet'
